<?xml version="1.0" encoding="utf-8"?>
<!DOCTYPE coverage SYSTEM "http://cobertura.sourceforge.net/xml/coverage-04.dtd">
<coverage line-rate="0.301934665398034" branch-rate="0.0816455696202532" lines-covered="952" lines-valid="3153" branches-covered="129" branches-valid="1580" complexity="1917" version="0" timestamp="1670088639">
  <sources>
    <source>C:\</source>
    <source>G:\Webstuff\CommerceWebthings\CommerceBankApp\</source>
  </sources>
  <packages>
    <package name="BankAppTests" line-rate="0.98238747553816" branch-rate="1" complexity="81">
      <classes>
        <class name="AutoGeneratedProgram" filename="C:\Users\Forrest\.nuget\packages\microsoft.net.test.sdk\17.4.0\build\netcoreapp3.1\Microsoft.NET.Test.Sdk.Program.cs" line-rate="0" branch-rate="1" complexity="1">
          <methods>
            <method name="Main" signature="(...)" line-rate="0" branch-rate="1" complexity="1">
              <lines>
                <line number="4" hits="0" branch="false" />
              </lines>
            </method>
          </methods>
          <lines>
            <line number="4" hits="0" branch="false" />
          </lines>
        </class>
        <class name="BankAppTesting.Moq.OrganizationControllerTests" filename="G:\Webstuff\CommerceWebthings\CommerceBankApp\BankAppTests\OrganizationTests.cs" line-rate="0.944444444444444" branch-rate="1" complexity="23">
          <methods>
            <method name="GetOrganization" signature="(...)" line-rate="1" branch-rate="1" complexity="1">
              <lines>
                <line number="33" hits="7" branch="false" />
                <line number="34" hits="7" branch="false" />
                <line number="35" hits="7" branch="false" />
                <line number="36" hits="7" branch="false" />
                <line number="37" hits="7" branch="false" />
                <line number="38" hits="7" branch="false" />
                <line number="39" hits="7" branch="false" />
                <line number="40" hits="7" branch="false" />
                <line number="41" hits="7" branch="false" />
                <line number="42" hits="7" branch="false" />
                <line number="43" hits="7" branch="false" />
                <line number="44" hits="7" branch="false" />
                <line number="45" hits="7" branch="false" />
                <line number="47" hits="7" branch="false" />
                <line number="48" hits="7" branch="false" />
              </lines>
            </method>
            <method name="GetOrganizations" signature="()" line-rate="0" branch-rate="1" complexity="1">
              <lines>
                <line number="51" hits="0" branch="false" />
                <line number="52" hits="0" branch="false" />
                <line number="53" hits="0" branch="false" />
                <line number="54" hits="0" branch="false" />
                <line number="55" hits="0" branch="false" />
                <line number="56" hits="0" branch="false" />
                <line number="57" hits="0" branch="false" />
                <line number="58" hits="0" branch="false" />
              </lines>
            </method>
            <method name="Create_ActionExecutes_ReturnsViewForCreate" signature="()" line-rate="1" branch-rate="1" complexity="1">
              <lines>
                <line number="112" hits="1" branch="false" />
                <line number="114" hits="1" branch="false" />
                <line number="115" hits="1" branch="false" />
                <line number="116" hits="1" branch="false" />
              </lines>
            </method>
            <method name=".ctor" signature="()" line-rate="1" branch-rate="1" complexity="1">
              <lines>
                <line number="21" hits="20" branch="false" />
                <line number="22" hits="20" branch="false" />
                <line number="23" hits="20" branch="false" />
                <line number="24" hits="20" branch="false" />
                <line number="25" hits="20" branch="false" />
                <line number="26" hits="20" branch="false" />
                <line number="27" hits="20" branch="false" />
                <line number="28" hits="20" branch="false" />
                <line number="29" hits="20" branch="false" />
                <line number="30" hits="20" branch="false" />
              </lines>
            </method>
            <method name="CreateAsync_InvalidModelState_ReturnsView" signature="()" line-rate="1" branch-rate="1" complexity="1">
              <lines>
                <line number="127" hits="1" branch="false" />
                <line number="128" hits="1" branch="false" />
                <line number="129" hits="1" branch="false" />
                <line number="130" hits="1" branch="false" />
                <line number="131" hits="1" branch="false" />
                <line number="132" hits="1" branch="false" />
                <line number="133" hits="1" branch="false" />
                <line number="134" hits="1" branch="false" />
                <line number="135" hits="1" branch="false" />
                <line number="136" hits="1" branch="false" />
                <line number="137" hits="1" branch="false" />
                <line number="139" hits="1" branch="false" />
                <line number="140" hits="1" branch="false" />
                <line number="142" hits="1" branch="false" />
                <line number="143" hits="1" branch="false" />
                <line number="144" hits="1" branch="false" />
              </lines>
            </method>
            <method name="CreateAsync_ModelStateisValid_ReturnsRedirectToActionResultForCreate" signature="()" line-rate="1" branch-rate="1" complexity="1">
              <lines>
                <line number="120" hits="1" branch="false" />
                <line number="121" hits="1" branch="false" />
                <line number="122" hits="1" branch="false" />
                <line number="123" hits="1" branch="false" />
              </lines>
            </method>
            <method name="DeleteConfirmed_ActionExecutes_ReturnsRedirectToActionResultForDeleteConfirmed" signature="()" line-rate="1" branch-rate="1" complexity="1">
              <lines>
                <line number="227" hits="1" branch="false" />
                <line number="228" hits="1" branch="false" />
                <line number="229" hits="1" branch="false" />
                <line number="230" hits="1" branch="false" />
                <line number="231" hits="1" branch="false" />
                <line number="232" hits="1" branch="false" />
              </lines>
            </method>
            <method name="Delete_ActionExecutes_ReturnsViewResultForDelete" signature="()" line-rate="1" branch-rate="1" complexity="1">
              <lines>
                <line number="204" hits="1" branch="false" />
                <line number="205" hits="1" branch="false" />
                <line number="206" hits="1" branch="false" />
                <line number="207" hits="1" branch="false" />
                <line number="208" hits="1" branch="false" />
                <line number="209" hits="1" branch="false" />
              </lines>
            </method>
            <method name="Delete_IDisNull_ReturnsNotFoundResult" signature="()" line-rate="1" branch-rate="1" complexity="1">
              <lines>
                <line number="213" hits="1" branch="false" />
                <line number="214" hits="1" branch="false" />
                <line number="215" hits="1" branch="false" />
                <line number="216" hits="1" branch="false" />
              </lines>
            </method>
            <method name="Delete_OrgisNull_ReturnsNotFoundResult" signature="()" line-rate="1" branch-rate="1" complexity="1">
              <lines>
                <line number="220" hits="1" branch="false" />
                <line number="221" hits="1" branch="false" />
                <line number="222" hits="1" branch="false" />
                <line number="223" hits="1" branch="false" />
              </lines>
            </method>
            <method name="Details_IDisFound_ReturnsViewResult" signature="()" line-rate="1" branch-rate="1" complexity="1">
              <lines>
                <line number="104" hits="1" branch="false" />
                <line number="105" hits="1" branch="false" />
                <line number="106" hits="1" branch="false" />
                <line number="107" hits="1" branch="false" />
                <line number="108" hits="1" branch="false" />
              </lines>
            </method>
            <method name="Details_IDisNull_ReturnsNotFoundResult" signature="()" line-rate="1" branch-rate="1" complexity="1">
              <lines>
                <line number="90" hits="1" branch="false" />
                <line number="91" hits="1" branch="false" />
                <line number="92" hits="1" branch="false" />
                <line number="93" hits="1" branch="false" />
              </lines>
            </method>
            <method name="Details_OrgisNull_ReturnsNotFoundResult" signature="()" line-rate="1" branch-rate="1" complexity="1">
              <lines>
                <line number="97" hits="1" branch="false" />
                <line number="98" hits="1" branch="false" />
                <line number="99" hits="1" branch="false" />
                <line number="100" hits="1" branch="false" />
              </lines>
            </method>
            <method name="EditFull_ActionExecutes_ReturnsRedirectToActionResultForEdit" signature="()" line-rate="1" branch-rate="1" complexity="1">
              <lines>
                <line number="170" hits="1" branch="false" />
                <line number="171" hits="1" branch="false" />
                <line number="172" hits="1" branch="false" />
                <line number="173" hits="1" branch="false" />
                <line number="174" hits="1" branch="false" />
                <line number="175" hits="1" branch="false" />
              </lines>
            </method>
            <method name="EditFull_IDisInvalid_ReturnsNotFoundResult" signature="()" line-rate="1" branch-rate="1" complexity="1">
              <lines>
                <line number="179" hits="1" branch="false" />
                <line number="180" hits="1" branch="false" />
                <line number="181" hits="1" branch="false" />
                <line number="182" hits="1" branch="false" />
                <line number="183" hits="1" branch="false" />
                <line number="184" hits="1" branch="false" />
              </lines>
            </method>
            <method name="EditFull_ModelisInvalid_ReturnsViewResultForEdit" signature="()" line-rate="1" branch-rate="1" complexity="1">
              <lines>
                <line number="188" hits="1" branch="false" />
                <line number="189" hits="1" branch="false" />
                <line number="190" hits="1" branch="false" />
                <line number="191" hits="1" branch="false" />
                <line number="192" hits="1" branch="false" />
                <line number="193" hits="1" branch="false" />
                <line number="194" hits="1" branch="false" />
                <line number="195" hits="1" branch="false" />
                <line number="196" hits="1" branch="false" />
                <line number="197" hits="1" branch="false" />
                <line number="198" hits="1" branch="false" />
                <line number="199" hits="1" branch="false" />
                <line number="200" hits="1" branch="false" />
              </lines>
            </method>
            <method name="Edit_ActionExecutes_ReturnsViewResultForEdit" signature="()" line-rate="1" branch-rate="1" complexity="1">
              <lines>
                <line number="148" hits="1" branch="false" />
                <line number="149" hits="1" branch="false" />
                <line number="150" hits="1" branch="false" />
                <line number="151" hits="1" branch="false" />
                <line number="152" hits="1" branch="false" />
              </lines>
            </method>
            <method name="Edit_IDisNull_ReturnsNotFoundResult" signature="()" line-rate="1" branch-rate="1" complexity="1">
              <lines>
                <line number="156" hits="1" branch="false" />
                <line number="157" hits="1" branch="false" />
                <line number="158" hits="1" branch="false" />
                <line number="159" hits="1" branch="false" />
              </lines>
            </method>
            <method name="Edit_OrgisNull_ReturnsNotFoundResult" signature="()" line-rate="1" branch-rate="1" complexity="1">
              <lines>
                <line number="163" hits="1" branch="false" />
                <line number="164" hits="1" branch="false" />
                <line number="165" hits="1" branch="false" />
                <line number="166" hits="1" branch="false" />
              </lines>
            </method>
            <method name="Index_ActionExecutes_ReturnsViewForIndex" signature="()" line-rate="1" branch-rate="1" complexity="1">
              <lines>
                <line number="62" hits="1" branch="false" />
                <line number="63" hits="1" branch="false" />
                <line number="64" hits="1" branch="false" />
                <line number="65" hits="1" branch="false" />
              </lines>
            </method>
            <method name="ShowSearchForm_ActionExecutes_ReturnsViewForShowSearchForm" signature="()" line-rate="1" branch-rate="1" complexity="1">
              <lines>
                <line number="69" hits="1" branch="false" />
                <line number="70" hits="1" branch="false" />
                <line number="71" hits="1" branch="false" />
                <line number="72" hits="1" branch="false" />
              </lines>
            </method>
            <method name="ShowSearchResults_ActionExecutes_ReturnsViewForShowSearchResults" signature="()" line-rate="1" branch-rate="1" complexity="1">
              <lines>
                <line number="76" hits="1" branch="false" />
                <line number="77" hits="1" branch="false" />
                <line number="78" hits="1" branch="false" />
                <line number="79" hits="1" branch="false" />
              </lines>
            </method>
            <method name="UserResults_ActionExecutes_ReturnsViewForUserResults" signature="()" line-rate="1" branch-rate="1" complexity="1">
              <lines>
                <line number="83" hits="1" branch="false" />
                <line number="84" hits="1" branch="false" />
                <line number="85" hits="1" branch="false" />
                <line number="86" hits="1" branch="false" />
              </lines>
            </method>
          </methods>
          <lines>
            <line number="21" hits="20" branch="false" />
            <line number="22" hits="20" branch="false" />
            <line number="23" hits="20" branch="false" />
            <line number="24" hits="20" branch="false" />
            <line number="25" hits="20" branch="false" />
            <line number="26" hits="20" branch="false" />
            <line number="27" hits="20" branch="false" />
            <line number="28" hits="20" branch="false" />
            <line number="29" hits="20" branch="false" />
            <line number="30" hits="20" branch="false" />
            <line number="33" hits="7" branch="false" />
            <line number="34" hits="7" branch="false" />
            <line number="35" hits="7" branch="false" />
            <line number="36" hits="7" branch="false" />
            <line number="37" hits="7" branch="false" />
            <line number="38" hits="7" branch="false" />
            <line number="39" hits="7" branch="false" />
            <line number="40" hits="7" branch="false" />
            <line number="41" hits="7" branch="false" />
            <line number="42" hits="7" branch="false" />
            <line number="43" hits="7" branch="false" />
            <line number="44" hits="7" branch="false" />
            <line number="45" hits="7" branch="false" />
            <line number="47" hits="7" branch="false" />
            <line number="48" hits="7" branch="false" />
            <line number="51" hits="0" branch="false" />
            <line number="52" hits="0" branch="false" />
            <line number="53" hits="0" branch="false" />
            <line number="54" hits="0" branch="false" />
            <line number="55" hits="0" branch="false" />
            <line number="56" hits="0" branch="false" />
            <line number="57" hits="0" branch="false" />
            <line number="58" hits="0" branch="false" />
            <line number="62" hits="1" branch="false" />
            <line number="63" hits="1" branch="false" />
            <line number="64" hits="1" branch="false" />
            <line number="65" hits="1" branch="false" />
            <line number="69" hits="1" branch="false" />
            <line number="70" hits="1" branch="false" />
            <line number="71" hits="1" branch="false" />
            <line number="72" hits="1" branch="false" />
            <line number="76" hits="1" branch="false" />
            <line number="77" hits="1" branch="false" />
            <line number="78" hits="1" branch="false" />
            <line number="79" hits="1" branch="false" />
            <line number="83" hits="1" branch="false" />
            <line number="84" hits="1" branch="false" />
            <line number="85" hits="1" branch="false" />
            <line number="86" hits="1" branch="false" />
            <line number="90" hits="1" branch="false" />
            <line number="91" hits="1" branch="false" />
            <line number="92" hits="1" branch="false" />
            <line number="93" hits="1" branch="false" />
            <line number="97" hits="1" branch="false" />
            <line number="98" hits="1" branch="false" />
            <line number="99" hits="1" branch="false" />
            <line number="100" hits="1" branch="false" />
            <line number="104" hits="1" branch="false" />
            <line number="105" hits="1" branch="false" />
            <line number="106" hits="1" branch="false" />
            <line number="107" hits="1" branch="false" />
            <line number="108" hits="1" branch="false" />
            <line number="112" hits="1" branch="false" />
            <line number="114" hits="1" branch="false" />
            <line number="115" hits="1" branch="false" />
            <line number="116" hits="1" branch="false" />
            <line number="120" hits="1" branch="false" />
            <line number="121" hits="1" branch="false" />
            <line number="122" hits="1" branch="false" />
            <line number="123" hits="1" branch="false" />
            <line number="127" hits="1" branch="false" />
            <line number="128" hits="1" branch="false" />
            <line number="129" hits="1" branch="false" />
            <line number="130" hits="1" branch="false" />
            <line number="131" hits="1" branch="false" />
            <line number="132" hits="1" branch="false" />
            <line number="133" hits="1" branch="false" />
            <line number="134" hits="1" branch="false" />
            <line number="135" hits="1" branch="false" />
            <line number="136" hits="1" branch="false" />
            <line number="137" hits="1" branch="false" />
            <line number="139" hits="1" branch="false" />
            <line number="140" hits="1" branch="false" />
            <line number="142" hits="1" branch="false" />
            <line number="143" hits="1" branch="false" />
            <line number="144" hits="1" branch="false" />
            <line number="148" hits="1" branch="false" />
            <line number="149" hits="1" branch="false" />
            <line number="150" hits="1" branch="false" />
            <line number="151" hits="1" branch="false" />
            <line number="152" hits="1" branch="false" />
            <line number="156" hits="1" branch="false" />
            <line number="157" hits="1" branch="false" />
            <line number="158" hits="1" branch="false" />
            <line number="159" hits="1" branch="false" />
            <line number="163" hits="1" branch="false" />
            <line number="164" hits="1" branch="false" />
            <line number="165" hits="1" branch="false" />
            <line number="166" hits="1" branch="false" />
            <line number="170" hits="1" branch="false" />
            <line number="171" hits="1" branch="false" />
            <line number="172" hits="1" branch="false" />
            <line number="173" hits="1" branch="false" />
            <line number="174" hits="1" branch="false" />
            <line number="175" hits="1" branch="false" />
            <line number="179" hits="1" branch="false" />
            <line number="180" hits="1" branch="false" />
            <line number="181" hits="1" branch="false" />
            <line number="182" hits="1" branch="false" />
            <line number="183" hits="1" branch="false" />
            <line number="184" hits="1" branch="false" />
            <line number="188" hits="1" branch="false" />
            <line number="189" hits="1" branch="false" />
            <line number="190" hits="1" branch="false" />
            <line number="191" hits="1" branch="false" />
            <line number="192" hits="1" branch="false" />
            <line number="193" hits="1" branch="false" />
            <line number="194" hits="1" branch="false" />
            <line number="195" hits="1" branch="false" />
            <line number="196" hits="1" branch="false" />
            <line number="197" hits="1" branch="false" />
            <line number="198" hits="1" branch="false" />
            <line number="199" hits="1" branch="false" />
            <line number="200" hits="1" branch="false" />
            <line number="204" hits="1" branch="false" />
            <line number="205" hits="1" branch="false" />
            <line number="206" hits="1" branch="false" />
            <line number="207" hits="1" branch="false" />
            <line number="208" hits="1" branch="false" />
            <line number="209" hits="1" branch="false" />
            <line number="213" hits="1" branch="false" />
            <line number="214" hits="1" branch="false" />
            <line number="215" hits="1" branch="false" />
            <line number="216" hits="1" branch="false" />
            <line number="220" hits="1" branch="false" />
            <line number="221" hits="1" branch="false" />
            <line number="222" hits="1" branch="false" />
            <line number="223" hits="1" branch="false" />
            <line number="227" hits="1" branch="false" />
            <line number="228" hits="1" branch="false" />
            <line number="229" hits="1" branch="false" />
            <line number="230" hits="1" branch="false" />
            <line number="231" hits="1" branch="false" />
            <line number="232" hits="1" branch="false" />
          </lines>
        </class>
        <class name="BankAppTesting.Moq.PaymentControllerTests" filename="G:\Webstuff\CommerceWebthings\CommerceBankApp\BankAppTests\PaymentTests.cs" line-rate="1" branch-rate="1" complexity="19">
          <methods>
            <method name="GetPayment" signature="(...)" line-rate="1" branch-rate="1" complexity="1">
              <lines>
                <line number="33" hits="7" branch="false" />
                <line number="34" hits="7" branch="false" />
                <line number="35" hits="7" branch="false" />
                <line number="36" hits="7" branch="false" />
                <line number="37" hits="7" branch="false" />
                <line number="38" hits="7" branch="false" />
                <line number="39" hits="7" branch="false" />
                <line number="40" hits="7" branch="false" />
                <line number="41" hits="7" branch="false" />
              </lines>
            </method>
            <method name="Create_ActionExecutes_ReturnsViewForCreate" signature="()" line-rate="1" branch-rate="1" complexity="1">
              <lines>
                <line number="74" hits="1" branch="false" />
                <line number="75" hits="1" branch="false" />
                <line number="76" hits="1" branch="false" />
                <line number="77" hits="1" branch="false" />
                <line number="78" hits="1" branch="false" />
                <line number="79" hits="1" branch="false" />
                <line number="80" hits="1" branch="false" />
                <line number="81" hits="1" branch="false" />
                <line number="82" hits="1" branch="false" />
                <line number="83" hits="1" branch="false" />
                <line number="84" hits="1" branch="false" />
                <line number="85" hits="1" branch="false" />
                <line number="86" hits="1" branch="false" />
                <line number="87" hits="1" branch="false" />
                <line number="88" hits="1" branch="false" />
                <line number="89" hits="1" branch="false" />
              </lines>
            </method>
            <method name=".ctor" signature="()" line-rate="1" branch-rate="1" complexity="1">
              <lines>
                <line number="21" hits="17" branch="false" />
                <line number="22" hits="17" branch="false" />
                <line number="23" hits="17" branch="false" />
                <line number="24" hits="17" branch="false" />
                <line number="25" hits="17" branch="false" />
                <line number="26" hits="17" branch="false" />
                <line number="27" hits="17" branch="false" />
                <line number="28" hits="17" branch="false" />
                <line number="29" hits="17" branch="false" />
                <line number="30" hits="17" branch="false" />
              </lines>
            </method>
            <method name="CreateAsync_InvalidModelState_ReturnsView" signature="()" line-rate="1" branch-rate="1" complexity="1">
              <lines>
                <line number="100" hits="1" branch="false" />
                <line number="101" hits="1" branch="false" />
                <line number="102" hits="1" branch="false" />
                <line number="103" hits="1" branch="false" />
                <line number="104" hits="1" branch="false" />
                <line number="105" hits="1" branch="false" />
                <line number="106" hits="1" branch="false" />
                <line number="107" hits="1" branch="false" />
                <line number="109" hits="1" branch="false" />
                <line number="110" hits="1" branch="false" />
                <line number="112" hits="1" branch="false" />
                <line number="113" hits="1" branch="false" />
              </lines>
            </method>
            <method name="CreateAsync_ModelStateisValid_ReturnsRedirectResultForCreate" signature="()" line-rate="1" branch-rate="1" complexity="1">
              <lines>
                <line number="93" hits="1" branch="false" />
                <line number="94" hits="1" branch="false" />
                <line number="95" hits="1" branch="false" />
                <line number="96" hits="1" branch="false" />
              </lines>
            </method>
            <method name="DeleteConfirmed_ActionExecutes_ReturnsRedirectResultForDeleteConfirmed" signature="()" line-rate="1" branch-rate="1" complexity="1">
              <lines>
                <line number="193" hits="1" branch="false" />
                <line number="194" hits="1" branch="false" />
                <line number="195" hits="1" branch="false" />
                <line number="196" hits="1" branch="false" />
                <line number="197" hits="1" branch="false" />
                <line number="198" hits="1" branch="false" />
              </lines>
            </method>
            <method name="Delete_ActionExecutes_ReturnsViewResultForDelete" signature="()" line-rate="1" branch-rate="1" complexity="1">
              <lines>
                <line number="170" hits="1" branch="false" />
                <line number="171" hits="1" branch="false" />
                <line number="172" hits="1" branch="false" />
                <line number="173" hits="1" branch="false" />
                <line number="174" hits="1" branch="false" />
                <line number="175" hits="1" branch="false" />
              </lines>
            </method>
            <method name="Delete_IDisNull_ReturnsNotFoundResult" signature="()" line-rate="1" branch-rate="1" complexity="1">
              <lines>
                <line number="179" hits="1" branch="false" />
                <line number="180" hits="1" branch="false" />
                <line number="181" hits="1" branch="false" />
                <line number="182" hits="1" branch="false" />
              </lines>
            </method>
            <method name="Delete_OrgisNull_ReturnsNotFoundResult" signature="()" line-rate="1" branch-rate="1" complexity="1">
              <lines>
                <line number="186" hits="1" branch="false" />
                <line number="187" hits="1" branch="false" />
                <line number="188" hits="1" branch="false" />
                <line number="189" hits="1" branch="false" />
              </lines>
            </method>
            <method name="Details_IDisFound_ReturnsViewResult" signature="()" line-rate="1" branch-rate="1" complexity="1">
              <lines>
                <line number="66" hits="1" branch="false" />
                <line number="67" hits="1" branch="false" />
                <line number="68" hits="1" branch="false" />
                <line number="69" hits="1" branch="false" />
                <line number="70" hits="1" branch="false" />
              </lines>
            </method>
            <method name="Details_IDisNull_ReturnsNotFoundResult" signature="()" line-rate="1" branch-rate="1" complexity="1">
              <lines>
                <line number="52" hits="1" branch="false" />
                <line number="53" hits="1" branch="false" />
                <line number="54" hits="1" branch="false" />
                <line number="55" hits="1" branch="false" />
              </lines>
            </method>
            <method name="Details_OrgisNull_ReturnsNotFoundResult" signature="()" line-rate="1" branch-rate="1" complexity="1">
              <lines>
                <line number="59" hits="1" branch="false" />
                <line number="60" hits="1" branch="false" />
                <line number="61" hits="1" branch="false" />
                <line number="62" hits="1" branch="false" />
              </lines>
            </method>
            <method name="EditFull_ActionExecutes_ReturnsRedirectResultForEdit" signature="()" line-rate="1" branch-rate="1" complexity="1">
              <lines>
                <line number="139" hits="1" branch="false" />
                <line number="140" hits="1" branch="false" />
                <line number="141" hits="1" branch="false" />
                <line number="142" hits="1" branch="false" />
                <line number="143" hits="1" branch="false" />
                <line number="144" hits="1" branch="false" />
              </lines>
            </method>
            <method name="EditFull_IDisInvalid_ReturnsNotFoundResult" signature="()" line-rate="1" branch-rate="1" complexity="1">
              <lines>
                <line number="148" hits="1" branch="false" />
                <line number="149" hits="1" branch="false" />
                <line number="150" hits="1" branch="false" />
                <line number="151" hits="1" branch="false" />
                <line number="152" hits="1" branch="false" />
                <line number="153" hits="1" branch="false" />
              </lines>
            </method>
            <method name="EditFull_ModelisInvalid_ReturnsViewResultForEdit" signature="()" line-rate="1" branch-rate="1" complexity="1">
              <lines>
                <line number="157" hits="1" branch="false" />
                <line number="158" hits="1" branch="false" />
                <line number="159" hits="1" branch="false" />
                <line number="160" hits="1" branch="false" />
                <line number="161" hits="1" branch="false" />
                <line number="162" hits="1" branch="false" />
                <line number="163" hits="1" branch="false" />
                <line number="164" hits="1" branch="false" />
                <line number="165" hits="1" branch="false" />
                <line number="166" hits="1" branch="false" />
              </lines>
            </method>
            <method name="Edit_ActionExecutes_ReturnsViewResultForEdit" signature="()" line-rate="1" branch-rate="1" complexity="1">
              <lines>
                <line number="117" hits="1" branch="false" />
                <line number="118" hits="1" branch="false" />
                <line number="119" hits="1" branch="false" />
                <line number="120" hits="1" branch="false" />
                <line number="121" hits="1" branch="false" />
              </lines>
            </method>
            <method name="Edit_IDisNull_ReturnsNotFoundResult" signature="()" line-rate="1" branch-rate="1" complexity="1">
              <lines>
                <line number="125" hits="1" branch="false" />
                <line number="126" hits="1" branch="false" />
                <line number="127" hits="1" branch="false" />
                <line number="128" hits="1" branch="false" />
              </lines>
            </method>
            <method name="Edit_OrgisNull_ReturnsNotFoundResult" signature="()" line-rate="1" branch-rate="1" complexity="1">
              <lines>
                <line number="132" hits="1" branch="false" />
                <line number="133" hits="1" branch="false" />
                <line number="134" hits="1" branch="false" />
                <line number="135" hits="1" branch="false" />
              </lines>
            </method>
            <method name="Index_ActionExecutes_ReturnsViewForIndex" signature="()" line-rate="1" branch-rate="1" complexity="1">
              <lines>
                <line number="45" hits="1" branch="false" />
                <line number="46" hits="1" branch="false" />
                <line number="47" hits="1" branch="false" />
                <line number="48" hits="1" branch="false" />
              </lines>
            </method>
          </methods>
          <lines>
            <line number="21" hits="17" branch="false" />
            <line number="22" hits="17" branch="false" />
            <line number="23" hits="17" branch="false" />
            <line number="24" hits="17" branch="false" />
            <line number="25" hits="17" branch="false" />
            <line number="26" hits="17" branch="false" />
            <line number="27" hits="17" branch="false" />
            <line number="28" hits="17" branch="false" />
            <line number="29" hits="17" branch="false" />
            <line number="30" hits="17" branch="false" />
            <line number="33" hits="7" branch="false" />
            <line number="34" hits="7" branch="false" />
            <line number="35" hits="7" branch="false" />
            <line number="36" hits="7" branch="false" />
            <line number="37" hits="7" branch="false" />
            <line number="38" hits="7" branch="false" />
            <line number="39" hits="7" branch="false" />
            <line number="40" hits="7" branch="false" />
            <line number="41" hits="7" branch="false" />
            <line number="45" hits="1" branch="false" />
            <line number="46" hits="1" branch="false" />
            <line number="47" hits="1" branch="false" />
            <line number="48" hits="1" branch="false" />
            <line number="52" hits="1" branch="false" />
            <line number="53" hits="1" branch="false" />
            <line number="54" hits="1" branch="false" />
            <line number="55" hits="1" branch="false" />
            <line number="59" hits="1" branch="false" />
            <line number="60" hits="1" branch="false" />
            <line number="61" hits="1" branch="false" />
            <line number="62" hits="1" branch="false" />
            <line number="66" hits="1" branch="false" />
            <line number="67" hits="1" branch="false" />
            <line number="68" hits="1" branch="false" />
            <line number="69" hits="1" branch="false" />
            <line number="70" hits="1" branch="false" />
            <line number="74" hits="1" branch="false" />
            <line number="75" hits="1" branch="false" />
            <line number="76" hits="1" branch="false" />
            <line number="77" hits="1" branch="false" />
            <line number="78" hits="1" branch="false" />
            <line number="79" hits="1" branch="false" />
            <line number="80" hits="1" branch="false" />
            <line number="81" hits="1" branch="false" />
            <line number="82" hits="1" branch="false" />
            <line number="83" hits="1" branch="false" />
            <line number="84" hits="1" branch="false" />
            <line number="85" hits="1" branch="false" />
            <line number="86" hits="1" branch="false" />
            <line number="87" hits="1" branch="false" />
            <line number="88" hits="1" branch="false" />
            <line number="89" hits="1" branch="false" />
            <line number="93" hits="1" branch="false" />
            <line number="94" hits="1" branch="false" />
            <line number="95" hits="1" branch="false" />
            <line number="96" hits="1" branch="false" />
            <line number="100" hits="1" branch="false" />
            <line number="101" hits="1" branch="false" />
            <line number="102" hits="1" branch="false" />
            <line number="103" hits="1" branch="false" />
            <line number="104" hits="1" branch="false" />
            <line number="105" hits="1" branch="false" />
            <line number="106" hits="1" branch="false" />
            <line number="107" hits="1" branch="false" />
            <line number="109" hits="1" branch="false" />
            <line number="110" hits="1" branch="false" />
            <line number="112" hits="1" branch="false" />
            <line number="113" hits="1" branch="false" />
            <line number="117" hits="1" branch="false" />
            <line number="118" hits="1" branch="false" />
            <line number="119" hits="1" branch="false" />
            <line number="120" hits="1" branch="false" />
            <line number="121" hits="1" branch="false" />
            <line number="125" hits="1" branch="false" />
            <line number="126" hits="1" branch="false" />
            <line number="127" hits="1" branch="false" />
            <line number="128" hits="1" branch="false" />
            <line number="132" hits="1" branch="false" />
            <line number="133" hits="1" branch="false" />
            <line number="134" hits="1" branch="false" />
            <line number="135" hits="1" branch="false" />
            <line number="139" hits="1" branch="false" />
            <line number="140" hits="1" branch="false" />
            <line number="141" hits="1" branch="false" />
            <line number="142" hits="1" branch="false" />
            <line number="143" hits="1" branch="false" />
            <line number="144" hits="1" branch="false" />
            <line number="148" hits="1" branch="false" />
            <line number="149" hits="1" branch="false" />
            <line number="150" hits="1" branch="false" />
            <line number="151" hits="1" branch="false" />
            <line number="152" hits="1" branch="false" />
            <line number="153" hits="1" branch="false" />
            <line number="157" hits="1" branch="false" />
            <line number="158" hits="1" branch="false" />
            <line number="159" hits="1" branch="false" />
            <line number="160" hits="1" branch="false" />
            <line number="161" hits="1" branch="false" />
            <line number="162" hits="1" branch="false" />
            <line number="163" hits="1" branch="false" />
            <line number="164" hits="1" branch="false" />
            <line number="165" hits="1" branch="false" />
            <line number="166" hits="1" branch="false" />
            <line number="170" hits="1" branch="false" />
            <line number="171" hits="1" branch="false" />
            <line number="172" hits="1" branch="false" />
            <line number="173" hits="1" branch="false" />
            <line number="174" hits="1" branch="false" />
            <line number="175" hits="1" branch="false" />
            <line number="179" hits="1" branch="false" />
            <line number="180" hits="1" branch="false" />
            <line number="181" hits="1" branch="false" />
            <line number="182" hits="1" branch="false" />
            <line number="186" hits="1" branch="false" />
            <line number="187" hits="1" branch="false" />
            <line number="188" hits="1" branch="false" />
            <line number="189" hits="1" branch="false" />
            <line number="193" hits="1" branch="false" />
            <line number="194" hits="1" branch="false" />
            <line number="195" hits="1" branch="false" />
            <line number="196" hits="1" branch="false" />
            <line number="197" hits="1" branch="false" />
            <line number="198" hits="1" branch="false" />
          </lines>
        </class>
        <class name="BankAppTesting.Moq.PaymentInfo2ControllerTests" filename="G:\Webstuff\CommerceWebthings\CommerceBankApp\BankAppTests\PaymentInfo2Tests.cs" line-rate="1" branch-rate="1" complexity="19">
          <methods>
            <method name="GetPaymentInfo2" signature="(...)" line-rate="1" branch-rate="1" complexity="1">
              <lines>
                <line number="35" hits="7" branch="false" />
                <line number="36" hits="7" branch="false" />
                <line number="37" hits="7" branch="false" />
                <line number="38" hits="7" branch="false" />
                <line number="39" hits="7" branch="false" />
                <line number="40" hits="7" branch="false" />
                <line number="41" hits="7" branch="false" />
                <line number="42" hits="7" branch="false" />
                <line number="43" hits="7" branch="false" />
                <line number="44" hits="7" branch="false" />
                <line number="45" hits="7" branch="false" />
                <line number="46" hits="7" branch="false" />
                <line number="47" hits="7" branch="false" />
                <line number="48" hits="7" branch="false" />
              </lines>
            </method>
            <method name="Create_ActionExecutes_ReturnsViewForCreate" signature="()" line-rate="1" branch-rate="1" complexity="1">
              <lines>
                <line number="81" hits="1" branch="false" />
                <line number="82" hits="1" branch="false" />
                <line number="83" hits="1" branch="false" />
                <line number="84" hits="1" branch="false" />
              </lines>
            </method>
            <method name=".ctor" signature="()" line-rate="1" branch-rate="1" complexity="1">
              <lines>
                <line number="23" hits="17" branch="false" />
                <line number="24" hits="17" branch="false" />
                <line number="25" hits="17" branch="false" />
                <line number="26" hits="17" branch="false" />
                <line number="27" hits="17" branch="false" />
                <line number="28" hits="17" branch="false" />
                <line number="29" hits="17" branch="false" />
                <line number="30" hits="17" branch="false" />
                <line number="31" hits="17" branch="false" />
                <line number="32" hits="17" branch="false" />
              </lines>
            </method>
            <method name="CreateAsync_InvalidModelState_ReturnsView" signature="()" line-rate="1" branch-rate="1" complexity="1">
              <lines>
                <line number="95" hits="1" branch="false" />
                <line number="96" hits="1" branch="false" />
                <line number="97" hits="1" branch="false" />
                <line number="98" hits="1" branch="false" />
                <line number="99" hits="1" branch="false" />
                <line number="100" hits="1" branch="false" />
                <line number="101" hits="1" branch="false" />
                <line number="102" hits="1" branch="false" />
                <line number="103" hits="1" branch="false" />
                <line number="104" hits="1" branch="false" />
                <line number="105" hits="1" branch="false" />
                <line number="106" hits="1" branch="false" />
                <line number="107" hits="1" branch="false" />
                <line number="109" hits="1" branch="false" />
                <line number="110" hits="1" branch="false" />
                <line number="112" hits="1" branch="false" />
                <line number="113" hits="1" branch="false" />
              </lines>
            </method>
            <method name="CreateAsync_ModelStateisValid_ReturnsRedirectResultForCreate" signature="()" line-rate="1" branch-rate="1" complexity="1">
              <lines>
                <line number="88" hits="1" branch="false" />
                <line number="89" hits="1" branch="false" />
                <line number="90" hits="1" branch="false" />
                <line number="91" hits="1" branch="false" />
              </lines>
            </method>
            <method name="DeleteConfirmed_ActionExecutes_ReturnsRedirectResultForDeleteConfirmed" signature="()" line-rate="1" branch-rate="1" complexity="1">
              <lines>
                <line number="193" hits="1" branch="false" />
                <line number="194" hits="1" branch="false" />
                <line number="195" hits="1" branch="false" />
                <line number="196" hits="1" branch="false" />
                <line number="197" hits="1" branch="false" />
                <line number="198" hits="1" branch="false" />
              </lines>
            </method>
            <method name="Delete_ActionExecutes_ReturnsViewResultForDelete" signature="()" line-rate="1" branch-rate="1" complexity="1">
              <lines>
                <line number="170" hits="1" branch="false" />
                <line number="171" hits="1" branch="false" />
                <line number="172" hits="1" branch="false" />
                <line number="173" hits="1" branch="false" />
                <line number="174" hits="1" branch="false" />
                <line number="175" hits="1" branch="false" />
              </lines>
            </method>
            <method name="Delete_IDisNull_ReturnsNotFoundResult" signature="()" line-rate="1" branch-rate="1" complexity="1">
              <lines>
                <line number="179" hits="1" branch="false" />
                <line number="180" hits="1" branch="false" />
                <line number="181" hits="1" branch="false" />
                <line number="182" hits="1" branch="false" />
              </lines>
            </method>
            <method name="Delete_OrgisNull_ReturnsNotFoundResult" signature="()" line-rate="1" branch-rate="1" complexity="1">
              <lines>
                <line number="186" hits="1" branch="false" />
                <line number="187" hits="1" branch="false" />
                <line number="188" hits="1" branch="false" />
                <line number="189" hits="1" branch="false" />
              </lines>
            </method>
            <method name="Details_IDisFound_ReturnsViewResult" signature="()" line-rate="1" branch-rate="1" complexity="1">
              <lines>
                <line number="73" hits="1" branch="false" />
                <line number="74" hits="1" branch="false" />
                <line number="75" hits="1" branch="false" />
                <line number="76" hits="1" branch="false" />
                <line number="77" hits="1" branch="false" />
              </lines>
            </method>
            <method name="Details_IDisNull_ReturnsNotFoundResult" signature="()" line-rate="1" branch-rate="1" complexity="1">
              <lines>
                <line number="59" hits="1" branch="false" />
                <line number="60" hits="1" branch="false" />
                <line number="61" hits="1" branch="false" />
                <line number="62" hits="1" branch="false" />
              </lines>
            </method>
            <method name="Details_OrgisNull_ReturnsNotFoundResult" signature="()" line-rate="1" branch-rate="1" complexity="1">
              <lines>
                <line number="66" hits="1" branch="false" />
                <line number="67" hits="1" branch="false" />
                <line number="68" hits="1" branch="false" />
                <line number="69" hits="1" branch="false" />
              </lines>
            </method>
            <method name="EditFull_ActionExecutes_ReturnsRedirectResultForEdit" signature="()" line-rate="1" branch-rate="1" complexity="1">
              <lines>
                <line number="139" hits="1" branch="false" />
                <line number="140" hits="1" branch="false" />
                <line number="141" hits="1" branch="false" />
                <line number="142" hits="1" branch="false" />
                <line number="143" hits="1" branch="false" />
                <line number="144" hits="1" branch="false" />
              </lines>
            </method>
            <method name="EditFull_IDisInvalid_ReturnsNotFoundResult" signature="()" line-rate="1" branch-rate="1" complexity="1">
              <lines>
                <line number="148" hits="1" branch="false" />
                <line number="149" hits="1" branch="false" />
                <line number="150" hits="1" branch="false" />
                <line number="151" hits="1" branch="false" />
                <line number="152" hits="1" branch="false" />
                <line number="153" hits="1" branch="false" />
              </lines>
            </method>
            <method name="EditFull_ModelisInvalid_ReturnsViewResultForEdit" signature="()" line-rate="1" branch-rate="1" complexity="1">
              <lines>
                <line number="157" hits="1" branch="false" />
                <line number="158" hits="1" branch="false" />
                <line number="159" hits="1" branch="false" />
                <line number="160" hits="1" branch="false" />
                <line number="161" hits="1" branch="false" />
                <line number="162" hits="1" branch="false" />
                <line number="163" hits="1" branch="false" />
                <line number="164" hits="1" branch="false" />
                <line number="165" hits="1" branch="false" />
                <line number="166" hits="1" branch="false" />
              </lines>
            </method>
            <method name="Edit_ActionExecutes_ReturnsViewResultForEdit" signature="()" line-rate="1" branch-rate="1" complexity="1">
              <lines>
                <line number="117" hits="1" branch="false" />
                <line number="118" hits="1" branch="false" />
                <line number="119" hits="1" branch="false" />
                <line number="120" hits="1" branch="false" />
                <line number="121" hits="1" branch="false" />
              </lines>
            </method>
            <method name="Edit_IDisNull_ReturnsNotFoundResult" signature="()" line-rate="1" branch-rate="1" complexity="1">
              <lines>
                <line number="125" hits="1" branch="false" />
                <line number="126" hits="1" branch="false" />
                <line number="127" hits="1" branch="false" />
                <line number="128" hits="1" branch="false" />
              </lines>
            </method>
            <method name="Edit_OrgisNull_ReturnsNotFoundResult" signature="()" line-rate="1" branch-rate="1" complexity="1">
              <lines>
                <line number="132" hits="1" branch="false" />
                <line number="133" hits="1" branch="false" />
                <line number="134" hits="1" branch="false" />
                <line number="135" hits="1" branch="false" />
              </lines>
            </method>
            <method name="Index_ActionExecutes_ReturnsViewForIndex" signature="()" line-rate="1" branch-rate="1" complexity="1">
              <lines>
                <line number="52" hits="1" branch="false" />
                <line number="53" hits="1" branch="false" />
                <line number="54" hits="1" branch="false" />
                <line number="55" hits="1" branch="false" />
              </lines>
            </method>
          </methods>
          <lines>
            <line number="23" hits="17" branch="false" />
            <line number="24" hits="17" branch="false" />
            <line number="25" hits="17" branch="false" />
            <line number="26" hits="17" branch="false" />
            <line number="27" hits="17" branch="false" />
            <line number="28" hits="17" branch="false" />
            <line number="29" hits="17" branch="false" />
            <line number="30" hits="17" branch="false" />
            <line number="31" hits="17" branch="false" />
            <line number="32" hits="17" branch="false" />
            <line number="35" hits="7" branch="false" />
            <line number="36" hits="7" branch="false" />
            <line number="37" hits="7" branch="false" />
            <line number="38" hits="7" branch="false" />
            <line number="39" hits="7" branch="false" />
            <line number="40" hits="7" branch="false" />
            <line number="41" hits="7" branch="false" />
            <line number="42" hits="7" branch="false" />
            <line number="43" hits="7" branch="false" />
            <line number="44" hits="7" branch="false" />
            <line number="45" hits="7" branch="false" />
            <line number="46" hits="7" branch="false" />
            <line number="47" hits="7" branch="false" />
            <line number="48" hits="7" branch="false" />
            <line number="52" hits="1" branch="false" />
            <line number="53" hits="1" branch="false" />
            <line number="54" hits="1" branch="false" />
            <line number="55" hits="1" branch="false" />
            <line number="59" hits="1" branch="false" />
            <line number="60" hits="1" branch="false" />
            <line number="61" hits="1" branch="false" />
            <line number="62" hits="1" branch="false" />
            <line number="66" hits="1" branch="false" />
            <line number="67" hits="1" branch="false" />
            <line number="68" hits="1" branch="false" />
            <line number="69" hits="1" branch="false" />
            <line number="73" hits="1" branch="false" />
            <line number="74" hits="1" branch="false" />
            <line number="75" hits="1" branch="false" />
            <line number="76" hits="1" branch="false" />
            <line number="77" hits="1" branch="false" />
            <line number="81" hits="1" branch="false" />
            <line number="82" hits="1" branch="false" />
            <line number="83" hits="1" branch="false" />
            <line number="84" hits="1" branch="false" />
            <line number="88" hits="1" branch="false" />
            <line number="89" hits="1" branch="false" />
            <line number="90" hits="1" branch="false" />
            <line number="91" hits="1" branch="false" />
            <line number="95" hits="1" branch="false" />
            <line number="96" hits="1" branch="false" />
            <line number="97" hits="1" branch="false" />
            <line number="98" hits="1" branch="false" />
            <line number="99" hits="1" branch="false" />
            <line number="100" hits="1" branch="false" />
            <line number="101" hits="1" branch="false" />
            <line number="102" hits="1" branch="false" />
            <line number="103" hits="1" branch="false" />
            <line number="104" hits="1" branch="false" />
            <line number="105" hits="1" branch="false" />
            <line number="106" hits="1" branch="false" />
            <line number="107" hits="1" branch="false" />
            <line number="109" hits="1" branch="false" />
            <line number="110" hits="1" branch="false" />
            <line number="112" hits="1" branch="false" />
            <line number="113" hits="1" branch="false" />
            <line number="117" hits="1" branch="false" />
            <line number="118" hits="1" branch="false" />
            <line number="119" hits="1" branch="false" />
            <line number="120" hits="1" branch="false" />
            <line number="121" hits="1" branch="false" />
            <line number="125" hits="1" branch="false" />
            <line number="126" hits="1" branch="false" />
            <line number="127" hits="1" branch="false" />
            <line number="128" hits="1" branch="false" />
            <line number="132" hits="1" branch="false" />
            <line number="133" hits="1" branch="false" />
            <line number="134" hits="1" branch="false" />
            <line number="135" hits="1" branch="false" />
            <line number="139" hits="1" branch="false" />
            <line number="140" hits="1" branch="false" />
            <line number="141" hits="1" branch="false" />
            <line number="142" hits="1" branch="false" />
            <line number="143" hits="1" branch="false" />
            <line number="144" hits="1" branch="false" />
            <line number="148" hits="1" branch="false" />
            <line number="149" hits="1" branch="false" />
            <line number="150" hits="1" branch="false" />
            <line number="151" hits="1" branch="false" />
            <line number="152" hits="1" branch="false" />
            <line number="153" hits="1" branch="false" />
            <line number="157" hits="1" branch="false" />
            <line number="158" hits="1" branch="false" />
            <line number="159" hits="1" branch="false" />
            <line number="160" hits="1" branch="false" />
            <line number="161" hits="1" branch="false" />
            <line number="162" hits="1" branch="false" />
            <line number="163" hits="1" branch="false" />
            <line number="164" hits="1" branch="false" />
            <line number="165" hits="1" branch="false" />
            <line number="166" hits="1" branch="false" />
            <line number="170" hits="1" branch="false" />
            <line number="171" hits="1" branch="false" />
            <line number="172" hits="1" branch="false" />
            <line number="173" hits="1" branch="false" />
            <line number="174" hits="1" branch="false" />
            <line number="175" hits="1" branch="false" />
            <line number="179" hits="1" branch="false" />
            <line number="180" hits="1" branch="false" />
            <line number="181" hits="1" branch="false" />
            <line number="182" hits="1" branch="false" />
            <line number="186" hits="1" branch="false" />
            <line number="187" hits="1" branch="false" />
            <line number="188" hits="1" branch="false" />
            <line number="189" hits="1" branch="false" />
            <line number="193" hits="1" branch="false" />
            <line number="194" hits="1" branch="false" />
            <line number="195" hits="1" branch="false" />
            <line number="196" hits="1" branch="false" />
            <line number="197" hits="1" branch="false" />
            <line number="198" hits="1" branch="false" />
          </lines>
        </class>
        <class name="BankAppTesting.Moq.PaymentInfoControllerTests" filename="G:\Webstuff\CommerceWebthings\CommerceBankApp\BankAppTests\PaymentInfoTests.cs" line-rate="1" branch-rate="1" complexity="19">
          <methods>
            <method name="GetPaymentInfo" signature="(...)" line-rate="1" branch-rate="1" complexity="1">
              <lines>
                <line number="35" hits="7" branch="false" />
                <line number="36" hits="7" branch="false" />
                <line number="37" hits="7" branch="false" />
                <line number="38" hits="7" branch="false" />
                <line number="39" hits="7" branch="false" />
                <line number="40" hits="7" branch="false" />
                <line number="41" hits="7" branch="false" />
                <line number="42" hits="7" branch="false" />
                <line number="43" hits="7" branch="false" />
                <line number="44" hits="7" branch="false" />
                <line number="45" hits="7" branch="false" />
                <line number="46" hits="7" branch="false" />
                <line number="47" hits="7" branch="false" />
                <line number="48" hits="7" branch="false" />
                <line number="49" hits="7" branch="false" />
              </lines>
            </method>
            <method name="Create_ActionExecutes_ReturnsViewForCreate" signature="()" line-rate="1" branch-rate="1" complexity="1">
              <lines>
                <line number="82" hits="1" branch="false" />
                <line number="83" hits="1" branch="false" />
                <line number="84" hits="1" branch="false" />
                <line number="85" hits="1" branch="false" />
              </lines>
            </method>
            <method name=".ctor" signature="()" line-rate="1" branch-rate="1" complexity="1">
              <lines>
                <line number="23" hits="17" branch="false" />
                <line number="24" hits="17" branch="false" />
                <line number="25" hits="17" branch="false" />
                <line number="26" hits="17" branch="false" />
                <line number="27" hits="17" branch="false" />
                <line number="28" hits="17" branch="false" />
                <line number="29" hits="17" branch="false" />
                <line number="30" hits="17" branch="false" />
                <line number="31" hits="17" branch="false" />
                <line number="32" hits="17" branch="false" />
              </lines>
            </method>
            <method name="CreateAsync_InvalidModelState_ReturnsView" signature="()" line-rate="1" branch-rate="1" complexity="1">
              <lines>
                <line number="96" hits="1" branch="false" />
                <line number="97" hits="1" branch="false" />
                <line number="98" hits="1" branch="false" />
                <line number="99" hits="1" branch="false" />
                <line number="100" hits="1" branch="false" />
                <line number="101" hits="1" branch="false" />
                <line number="102" hits="1" branch="false" />
                <line number="103" hits="1" branch="false" />
                <line number="104" hits="1" branch="false" />
                <line number="105" hits="1" branch="false" />
                <line number="106" hits="1" branch="false" />
                <line number="107" hits="1" branch="false" />
                <line number="108" hits="1" branch="false" />
                <line number="110" hits="1" branch="false" />
                <line number="111" hits="1" branch="false" />
                <line number="113" hits="1" branch="false" />
                <line number="114" hits="1" branch="false" />
              </lines>
            </method>
            <method name="CreateAsync_ModelStateisValid_ReturnsRedirectResultForCreate" signature="()" line-rate="1" branch-rate="1" complexity="1">
              <lines>
                <line number="89" hits="1" branch="false" />
                <line number="90" hits="1" branch="false" />
                <line number="91" hits="1" branch="false" />
                <line number="92" hits="1" branch="false" />
              </lines>
            </method>
            <method name="DeleteConfirmed_ActionExecutes_ReturnsRedirectResultForDeleteConfirmed" signature="()" line-rate="1" branch-rate="1" complexity="1">
              <lines>
                <line number="194" hits="1" branch="false" />
                <line number="195" hits="1" branch="false" />
                <line number="196" hits="1" branch="false" />
                <line number="197" hits="1" branch="false" />
                <line number="198" hits="1" branch="false" />
                <line number="199" hits="1" branch="false" />
              </lines>
            </method>
            <method name="Delete_ActionExecutes_ReturnsViewResultForDelete" signature="()" line-rate="1" branch-rate="1" complexity="1">
              <lines>
                <line number="171" hits="1" branch="false" />
                <line number="172" hits="1" branch="false" />
                <line number="173" hits="1" branch="false" />
                <line number="174" hits="1" branch="false" />
                <line number="175" hits="1" branch="false" />
                <line number="176" hits="1" branch="false" />
              </lines>
            </method>
            <method name="Delete_IDisNull_ReturnsNotFoundResult" signature="()" line-rate="1" branch-rate="1" complexity="1">
              <lines>
                <line number="180" hits="1" branch="false" />
                <line number="181" hits="1" branch="false" />
                <line number="182" hits="1" branch="false" />
                <line number="183" hits="1" branch="false" />
              </lines>
            </method>
            <method name="Delete_OrgisNull_ReturnsNotFoundResult" signature="()" line-rate="1" branch-rate="1" complexity="1">
              <lines>
                <line number="187" hits="1" branch="false" />
                <line number="188" hits="1" branch="false" />
                <line number="189" hits="1" branch="false" />
                <line number="190" hits="1" branch="false" />
              </lines>
            </method>
            <method name="Details_IDisFound_ReturnsViewResult" signature="()" line-rate="1" branch-rate="1" complexity="1">
              <lines>
                <line number="74" hits="1" branch="false" />
                <line number="75" hits="1" branch="false" />
                <line number="76" hits="1" branch="false" />
                <line number="77" hits="1" branch="false" />
                <line number="78" hits="1" branch="false" />
              </lines>
            </method>
            <method name="Details_IDisNull_ReturnsNotFoundResult" signature="()" line-rate="1" branch-rate="1" complexity="1">
              <lines>
                <line number="60" hits="1" branch="false" />
                <line number="61" hits="1" branch="false" />
                <line number="62" hits="1" branch="false" />
                <line number="63" hits="1" branch="false" />
              </lines>
            </method>
            <method name="Details_OrgisNull_ReturnsNotFoundResult" signature="()" line-rate="1" branch-rate="1" complexity="1">
              <lines>
                <line number="67" hits="1" branch="false" />
                <line number="68" hits="1" branch="false" />
                <line number="69" hits="1" branch="false" />
                <line number="70" hits="1" branch="false" />
              </lines>
            </method>
            <method name="EditFull_ActionExecutes_ReturnsRedirectResultForEdit" signature="()" line-rate="1" branch-rate="1" complexity="1">
              <lines>
                <line number="140" hits="1" branch="false" />
                <line number="141" hits="1" branch="false" />
                <line number="142" hits="1" branch="false" />
                <line number="143" hits="1" branch="false" />
                <line number="144" hits="1" branch="false" />
                <line number="145" hits="1" branch="false" />
              </lines>
            </method>
            <method name="EditFull_IDisInvalid_ReturnsNotFoundResult" signature="()" line-rate="1" branch-rate="1" complexity="1">
              <lines>
                <line number="149" hits="1" branch="false" />
                <line number="150" hits="1" branch="false" />
                <line number="151" hits="1" branch="false" />
                <line number="152" hits="1" branch="false" />
                <line number="153" hits="1" branch="false" />
                <line number="154" hits="1" branch="false" />
              </lines>
            </method>
            <method name="EditFull_ModelisInvalid_ReturnsViewResultForEdit" signature="()" line-rate="1" branch-rate="1" complexity="1">
              <lines>
                <line number="158" hits="1" branch="false" />
                <line number="159" hits="1" branch="false" />
                <line number="160" hits="1" branch="false" />
                <line number="161" hits="1" branch="false" />
                <line number="162" hits="1" branch="false" />
                <line number="163" hits="1" branch="false" />
                <line number="164" hits="1" branch="false" />
                <line number="165" hits="1" branch="false" />
                <line number="166" hits="1" branch="false" />
                <line number="167" hits="1" branch="false" />
              </lines>
            </method>
            <method name="Edit_ActionExecutes_ReturnsViewResultForEdit" signature="()" line-rate="1" branch-rate="1" complexity="1">
              <lines>
                <line number="118" hits="1" branch="false" />
                <line number="119" hits="1" branch="false" />
                <line number="120" hits="1" branch="false" />
                <line number="121" hits="1" branch="false" />
                <line number="122" hits="1" branch="false" />
              </lines>
            </method>
            <method name="Edit_IDisNull_ReturnsNotFoundResult" signature="()" line-rate="1" branch-rate="1" complexity="1">
              <lines>
                <line number="126" hits="1" branch="false" />
                <line number="127" hits="1" branch="false" />
                <line number="128" hits="1" branch="false" />
                <line number="129" hits="1" branch="false" />
              </lines>
            </method>
            <method name="Edit_OrgisNull_ReturnsNotFoundResult" signature="()" line-rate="1" branch-rate="1" complexity="1">
              <lines>
                <line number="133" hits="1" branch="false" />
                <line number="134" hits="1" branch="false" />
                <line number="135" hits="1" branch="false" />
                <line number="136" hits="1" branch="false" />
              </lines>
            </method>
            <method name="Index_ActionExecutes_ReturnsViewForIndex" signature="()" line-rate="1" branch-rate="1" complexity="1">
              <lines>
                <line number="53" hits="1" branch="false" />
                <line number="54" hits="1" branch="false" />
                <line number="55" hits="1" branch="false" />
                <line number="56" hits="1" branch="false" />
              </lines>
            </method>
          </methods>
          <lines>
            <line number="23" hits="17" branch="false" />
            <line number="24" hits="17" branch="false" />
            <line number="25" hits="17" branch="false" />
            <line number="26" hits="17" branch="false" />
            <line number="27" hits="17" branch="false" />
            <line number="28" hits="17" branch="false" />
            <line number="29" hits="17" branch="false" />
            <line number="30" hits="17" branch="false" />
            <line number="31" hits="17" branch="false" />
            <line number="32" hits="17" branch="false" />
            <line number="35" hits="7" branch="false" />
            <line number="36" hits="7" branch="false" />
            <line number="37" hits="7" branch="false" />
            <line number="38" hits="7" branch="false" />
            <line number="39" hits="7" branch="false" />
            <line number="40" hits="7" branch="false" />
            <line number="41" hits="7" branch="false" />
            <line number="42" hits="7" branch="false" />
            <line number="43" hits="7" branch="false" />
            <line number="44" hits="7" branch="false" />
            <line number="45" hits="7" branch="false" />
            <line number="46" hits="7" branch="false" />
            <line number="47" hits="7" branch="false" />
            <line number="48" hits="7" branch="false" />
            <line number="49" hits="7" branch="false" />
            <line number="53" hits="1" branch="false" />
            <line number="54" hits="1" branch="false" />
            <line number="55" hits="1" branch="false" />
            <line number="56" hits="1" branch="false" />
            <line number="60" hits="1" branch="false" />
            <line number="61" hits="1" branch="false" />
            <line number="62" hits="1" branch="false" />
            <line number="63" hits="1" branch="false" />
            <line number="67" hits="1" branch="false" />
            <line number="68" hits="1" branch="false" />
            <line number="69" hits="1" branch="false" />
            <line number="70" hits="1" branch="false" />
            <line number="74" hits="1" branch="false" />
            <line number="75" hits="1" branch="false" />
            <line number="76" hits="1" branch="false" />
            <line number="77" hits="1" branch="false" />
            <line number="78" hits="1" branch="false" />
            <line number="82" hits="1" branch="false" />
            <line number="83" hits="1" branch="false" />
            <line number="84" hits="1" branch="false" />
            <line number="85" hits="1" branch="false" />
            <line number="89" hits="1" branch="false" />
            <line number="90" hits="1" branch="false" />
            <line number="91" hits="1" branch="false" />
            <line number="92" hits="1" branch="false" />
            <line number="96" hits="1" branch="false" />
            <line number="97" hits="1" branch="false" />
            <line number="98" hits="1" branch="false" />
            <line number="99" hits="1" branch="false" />
            <line number="100" hits="1" branch="false" />
            <line number="101" hits="1" branch="false" />
            <line number="102" hits="1" branch="false" />
            <line number="103" hits="1" branch="false" />
            <line number="104" hits="1" branch="false" />
            <line number="105" hits="1" branch="false" />
            <line number="106" hits="1" branch="false" />
            <line number="107" hits="1" branch="false" />
            <line number="108" hits="1" branch="false" />
            <line number="110" hits="1" branch="false" />
            <line number="111" hits="1" branch="false" />
            <line number="113" hits="1" branch="false" />
            <line number="114" hits="1" branch="false" />
            <line number="118" hits="1" branch="false" />
            <line number="119" hits="1" branch="false" />
            <line number="120" hits="1" branch="false" />
            <line number="121" hits="1" branch="false" />
            <line number="122" hits="1" branch="false" />
            <line number="126" hits="1" branch="false" />
            <line number="127" hits="1" branch="false" />
            <line number="128" hits="1" branch="false" />
            <line number="129" hits="1" branch="false" />
            <line number="133" hits="1" branch="false" />
            <line number="134" hits="1" branch="false" />
            <line number="135" hits="1" branch="false" />
            <line number="136" hits="1" branch="false" />
            <line number="140" hits="1" branch="false" />
            <line number="141" hits="1" branch="false" />
            <line number="142" hits="1" branch="false" />
            <line number="143" hits="1" branch="false" />
            <line number="144" hits="1" branch="false" />
            <line number="145" hits="1" branch="false" />
            <line number="149" hits="1" branch="false" />
            <line number="150" hits="1" branch="false" />
            <line number="151" hits="1" branch="false" />
            <line number="152" hits="1" branch="false" />
            <line number="153" hits="1" branch="false" />
            <line number="154" hits="1" branch="false" />
            <line number="158" hits="1" branch="false" />
            <line number="159" hits="1" branch="false" />
            <line number="160" hits="1" branch="false" />
            <line number="161" hits="1" branch="false" />
            <line number="162" hits="1" branch="false" />
            <line number="163" hits="1" branch="false" />
            <line number="164" hits="1" branch="false" />
            <line number="165" hits="1" branch="false" />
            <line number="166" hits="1" branch="false" />
            <line number="167" hits="1" branch="false" />
            <line number="171" hits="1" branch="false" />
            <line number="172" hits="1" branch="false" />
            <line number="173" hits="1" branch="false" />
            <line number="174" hits="1" branch="false" />
            <line number="175" hits="1" branch="false" />
            <line number="176" hits="1" branch="false" />
            <line number="180" hits="1" branch="false" />
            <line number="181" hits="1" branch="false" />
            <line number="182" hits="1" branch="false" />
            <line number="183" hits="1" branch="false" />
            <line number="187" hits="1" branch="false" />
            <line number="188" hits="1" branch="false" />
            <line number="189" hits="1" branch="false" />
            <line number="190" hits="1" branch="false" />
            <line number="194" hits="1" branch="false" />
            <line number="195" hits="1" branch="false" />
            <line number="196" hits="1" branch="false" />
            <line number="197" hits="1" branch="false" />
            <line number="198" hits="1" branch="false" />
            <line number="199" hits="1" branch="false" />
          </lines>
        </class>
      </classes>
    </package>
    <package name="CommerceBankApp" line-rate="0.170325510976533" branch-rate="0.0816455696202532" complexity="1836">
      <classes>
        <class name="AspNetCoreGeneratedDocument.Areas_Identity_Pages__AuthLayout" filename="G:\Webstuff\CommerceWebthings\CommerceBankApp\CommerceBankApp\Areas\Identity\Pages\_AuthLayout.cshtml" line-rate="0" branch-rate="1" complexity="2">
          <methods>
            <method name="&lt;ExecuteAsync" signature="()" line-rate="0" branch-rate="1" complexity="1">
              <lines>
                <line number="30" hits="0" branch="false" />
              </lines>
            </method>
            <method name="ExecuteAsync" signature="()" line-rate="0" branch-rate="1" complexity="1">
              <lines>
                <line number="2" hits="0" branch="false" />
                <line number="21" hits="0" branch="false" />
              </lines>
            </method>
          </methods>
          <lines>
[...]
              <lines>
                <line number="12" hits="15" branch="false" />
              </lines>
            </method>
            <method name="get_OrganizationName" signature="()" line-rate="1" branch-rate="1" complexity="1">
              <lines>
                <line number="16" hits="17" branch="false" />
              </lines>
            </method>
            <method name="get_DonationGoal" signature="()" line-rate="1" branch-rate="1" complexity="1">
              <lines>
                <line number="21" hits="2" branch="false" />
              </lines>
            </method>
            <method name="get_OrganizationDescription" signature="()" line-rate="1" branch-rate="1" complexity="1">
              <lines>
                <line number="25" hits="10" branch="false" />
              </lines>
            </method>
            <method name="get_ImageUrl" signature="()" line-rate="1" branch-rate="1" complexity="1">
              <lines>
                <line number="30" hits="19" branch="false" />
              </lines>
            </method>
            <method name="get_ApplicationUserId" signature="()" line-rate="1" branch-rate="1" complexity="1">
              <lines>
                <line number="34" hits="2" branch="false" />
              </lines>
            </method>
            <method name="get_ApplicationUser" signature="()" line-rate="0" branch-rate="1" complexity="1">
              <lines>
                <line number="35" hits="0" branch="false" />
              </lines>
            </method>
            <method name="get_DonationType" signature="()" line-rate="0" branch-rate="1" complexity="1">
              <lines>
                <line number="37" hits="0" branch="false" />
              </lines>
            </method>
            <method name="get_Payment" signature="()" line-rate="0" branch-rate="1" complexity="1">
              <lines>
                <line number="39" hits="0" branch="false" />
              </lines>
            </method>
            <method name=".ctor" signature="()" line-rate="1" branch-rate="1" complexity="1">
              <lines>
                <line number="41" hits="10" branch="false" />
                <line number="42" hits="10" branch="false" />
                <line number="44" hits="10" branch="false" />
              </lines>
            </method>
          </methods>
          <lines>
            <line number="12" hits="15" branch="false" />
            <line number="16" hits="17" branch="false" />
            <line number="21" hits="2" branch="false" />
            <line number="25" hits="10" branch="false" />
            <line number="30" hits="19" branch="false" />
            <line number="34" hits="2" branch="false" />
            <line number="35" hits="0" branch="false" />
            <line number="37" hits="0" branch="false" />
            <line number="39" hits="0" branch="false" />
            <line number="41" hits="10" branch="false" />
            <line number="42" hits="10" branch="false" />
            <line number="44" hits="10" branch="false" />
          </lines>
        </class>
        <class name="CommerceBankApp.Models.Payment" filename="G:\Webstuff\CommerceWebthings\CommerceBankApp\CommerceBankApp\Models\Payment.cs" line-rate="0.666666666666667" branch-rate="1" complexity="12">
          <methods>
            <method name="get_PaymentId" signature="()" line-rate="1" branch-rate="1" complexity="1">
              <lines>
                <line number="10" hits="13" branch="false" />
              </lines>
            </method>
            <method name="get_DonatedAmount" signature="()" line-rate="1" branch-rate="1" complexity="1">
              <lines>
                <line number="15" hits="7" branch="false" />
              </lines>
            </method>
            <method name="get_DonatedDate" signature="()" line-rate="1" branch-rate="1" complexity="1">
              <lines>
                <line number="18" hits="17" branch="false" />
              </lines>
            </method>
            <method name="get_UserName" signature="()" line-rate="0" branch-rate="1" complexity="1">
              <lines>
                <line number="22" hits="0" branch="false" />
              </lines>
            </method>
            <method name="get_ApplicationUser" signature="()" line-rate="0" branch-rate="1" complexity="1">
              <lines>
                <line number="23" hits="0" branch="false" />
              </lines>
            </method>
            <method name="get_OrganizationID" signature="()" line-rate="1" branch-rate="1" complexity="1">
              <lines>
                <line number="26" hits="11" branch="false" />
              </lines>
            </method>
            <method name="get_Organization" signature="()" line-rate="0" branch-rate="1" complexity="1">
              <lines>
                <line number="27" hits="0" branch="false" />
              </lines>
            </method>
            <method name="get_PaymentInfoId" signature="()" line-rate="1" branch-rate="1" complexity="1">
              <lines>
                <line number="31" hits="3" branch="false" />
              </lines>
            </method>
            <method name="get_PaymentInfo" signature="()" line-rate="0" branch-rate="1" complexity="1">
              <lines>
                <line number="32" hits="0" branch="false" />
              </lines>
            </method>
            <method name="get_PaymentInfo2Id" signature="()" line-rate="1" branch-rate="1" complexity="1">
              <lines>
                <line number="36" hits="3" branch="false" />
              </lines>
            </method>
            <method name="get_PaymentInfo2" signature="()" line-rate="0" branch-rate="1" complexity="1">
              <lines>
                <line number="37" hits="0" branch="false" />
              </lines>
            </method>
            <method name=".ctor" signature="()" line-rate="1" branch-rate="1" complexity="1">
              <lines>
                <line number="39" hits="9" branch="false" />
                <line number="40" hits="9" branch="false" />
                <line number="41" hits="9" branch="false" />
                <line number="42" hits="9" branch="false" />
              </lines>
            </method>
          </methods>
          <lines>
            <line number="10" hits="13" branch="false" />
            <line number="15" hits="7" branch="false" />
            <line number="18" hits="17" branch="false" />
            <line number="22" hits="0" branch="false" />
            <line number="23" hits="0" branch="false" />
            <line number="26" hits="11" branch="false" />
            <line number="27" hits="0" branch="false" />
            <line number="31" hits="3" branch="false" />
            <line number="32" hits="0" branch="false" />
            <line number="36" hits="3" branch="false" />
            <line number="37" hits="0" branch="false" />
            <line number="39" hits="9" branch="false" />
            <line number="40" hits="9" branch="false" />
            <line number="41" hits="9" branch="false" />
            <line number="42" hits="9" branch="false" />
          </lines>
        </class>
        <class name="CommerceBankApp.Models.PaymentInfo" filename="G:\Webstuff\CommerceWebthings\CommerceBankApp\CommerceBankApp\Models\PaymentInfo.cs" line-rate="0.866666666666667" branch-rate="1" complexity="13">
          <methods>
            <method name="get_PaymentInfoId" signature="()" line-rate="1" branch-rate="1" complexity="1">
              <lines>
                <line number="10" hits="13" branch="false" />
              </lines>
            </method>
            <method name="get_PaymentInfoName" signature="()" line-rate="1" branch-rate="1" complexity="1">
              <lines>
                <line number="14" hits="7" branch="false" />
              </lines>
            </method>
            <method name="get_CardNumber" signature="()" line-rate="1" branch-rate="1" complexity="1">
              <lines>
                <line number="19" hits="8" branch="false" />
              </lines>
            </method>
            <method name="get_CvcNumber" signature="()" line-rate="1" branch-rate="1" complexity="1">
              <lines>
                <line number="24" hits="7" branch="false" />
              </lines>
            </method>
            <method name="get_CardExpiration" signature="()" line-rate="1" branch-rate="1" complexity="1">
              <lines>
                <line number="29" hits="8" branch="false" />
              </lines>
            </method>
            <method name="get_Address" signature="()" line-rate="1" branch-rate="1" complexity="1">
              <lines>
                <line number="33" hits="8" branch="false" />
              </lines>
            </method>
            <method name="get_City" signature="()" line-rate="1" branch-rate="1" complexity="1">
              <lines>
                <line number="37" hits="8" branch="false" />
              </lines>
            </method>
            <method name="get_State" signature="()" line-rate="1" branch-rate="1" complexity="1">
              <lines>
                <line number="41" hits="8" branch="false" />
              </lines>
            </method>
            <method name="get_ZipCode" signature="()" line-rate="1" branch-rate="1" complexity="1">
              <lines>
                <line number="45" hits="8" branch="false" />
              </lines>
            </method>
            <method name="get_ApplicationUserId" signature="()" line-rate="1" branch-rate="1" complexity="1">
              <lines>
                <line number="49" hits="2" branch="false" />
              </lines>
            </method>
            <method name="get_ApplicationUser" signature="()" line-rate="0" branch-rate="1" complexity="1">
              <lines>
                <line number="50" hits="0" branch="false" />
              </lines>
            </method>
            <method name="get_Payment" signature="()" line-rate="0" branch-rate="1" complexity="1">
              <lines>
                <line number="52" hits="0" branch="false" />
              </lines>
            </method>
            <method name=".ctor" signature="()" line-rate="1" branch-rate="1" complexity="1">
              <lines>
                <line number="54" hits="9" branch="false" />
                <line number="55" hits="9" branch="false" />
                <line number="57" hits="9" branch="false" />
              </lines>
            </method>
          </methods>
          <lines>
            <line number="10" hits="13" branch="false" />
            <line number="14" hits="7" branch="false" />
            <line number="19" hits="8" branch="false" />
            <line number="24" hits="7" branch="false" />
            <line number="29" hits="8" branch="false" />
            <line number="33" hits="8" branch="false" />
            <line number="37" hits="8" branch="false" />
            <line number="41" hits="8" branch="false" />
            <line number="45" hits="8" branch="false" />
            <line number="49" hits="2" branch="false" />
            <line number="50" hits="0" branch="false" />
            <line number="52" hits="0" branch="false" />
            <line number="54" hits="9" branch="false" />
            <line number="55" hits="9" branch="false" />
            <line number="57" hits="9" branch="false" />
          </lines>
        </class>
        <class name="CommerceBankApp.Models.PaymentInfo2" filename="G:\Webstuff\CommerceWebthings\CommerceBankApp\CommerceBankApp\Models\PaymentInfo2.cs" line-rate="0.857142857142857" branch-rate="1" complexity="12">
          <methods>
            <method name="get_PaymentInfo2Id" signature="()" line-rate="1" branch-rate="1" complexity="1">
              <lines>
                <line number="11" hits="13" branch="false" />
              </lines>
            </method>
            <method name="get_PaymentInfo2Name" signature="()" line-rate="1" branch-rate="1" complexity="1">
              <lines>
                <line number="15" hits="8" branch="false" />
              </lines>
            </method>
            <method name="get_BankAccount" signature="()" line-rate="1" branch-rate="1" complexity="1">
              <lines>
                <line number="19" hits="8" branch="false" />
              </lines>
            </method>
            <method name="get_Routing" signature="()" line-rate="1" branch-rate="1" complexity="1">
              <lines>
                <line number="24" hits="7" branch="false" />
              </lines>
            </method>
            <method name="get_Address" signature="()" line-rate="1" branch-rate="1" complexity="1">
              <lines>
                <line number="28" hits="8" branch="false" />
              </lines>
            </method>
            <method name="get_City" signature="()" line-rate="1" branch-rate="1" complexity="1">
              <lines>
                <line number="32" hits="8" branch="false" />
              </lines>
            </method>
            <method name="get_State" signature="()" line-rate="1" branch-rate="1" complexity="1">
              <lines>
                <line number="36" hits="8" branch="false" />
              </lines>
            </method>
            <method name="get_ZipCode" signature="()" line-rate="1" branch-rate="1" complexity="1">
              <lines>
                <line number="40" hits="8" branch="false" />
              </lines>
            </method>
            <method name="get_ApplicationUserId" signature="()" line-rate="1" branch-rate="1" complexity="1">
              <lines>
                <line number="44" hits="2" branch="false" />
              </lines>
            </method>
            <method name="get_ApplicationUser" signature="()" line-rate="0" branch-rate="1" complexity="1">
              <lines>
                <line number="45" hits="0" branch="false" />
              </lines>
            </method>
            <method name="get_Payment" signature="()" line-rate="0" branch-rate="1" complexity="1">
              <lines>
                <line number="47" hits="0" branch="false" />
              </lines>
            </method>
            <method name=".ctor" signature="()" line-rate="1" branch-rate="1" complexity="1">
              <lines>
                <line number="49" hits="9" branch="false" />
                <line number="50" hits="9" branch="false" />
                <line number="52" hits="9" branch="false" />
              </lines>
            </method>
          </methods>
          <lines>
            <line number="11" hits="13" branch="false" />
            <line number="15" hits="8" branch="false" />
            <line number="19" hits="8" branch="false" />
            <line number="24" hits="7" branch="false" />
            <line number="28" hits="8" branch="false" />
            <line number="32" hits="8" branch="false" />
            <line number="36" hits="8" branch="false" />
            <line number="40" hits="8" branch="false" />
            <line number="44" hits="2" branch="false" />
            <line number="45" hits="0" branch="false" />
            <line number="47" hits="0" branch="false" />
            <line number="49" hits="9" branch="false" />
            <line number="50" hits="9" branch="false" />
            <line number="52" hits="9" branch="false" />
          </lines>
        </class>
        <class name="CommerceBankApp.Services.DataService" filename="G:\Webstuff\CommerceWebthings\CommerceBankApp\CommerceBankApp\Services\DataService.cs" line-rate="0" branch-rate="1" complexity="1">
          <methods>
            <method name=".ctor" signature="(...)" line-rate="0" branch-rate="1" complexity="1">
              <lines>
                <line number="10" hits="0" branch="false" />
                <line number="11" hits="0" branch="false" />
                <line number="12" hits="0" branch="false" />
                <line number="13" hits="0" branch="false" />
              </lines>
            </method>
          </methods>
          <lines>
            <line number="10" hits="0" branch="false" />
            <line number="11" hits="0" branch="false" />
            <line number="12" hits="0" branch="false" />
            <line number="13" hits="0" branch="false" />
          </lines>
        </class>
        <class name="Program" filename="G:\Webstuff\CommerceWebthings\CommerceBankApp\CommerceBankApp\Program.cs" line-rate="0" branch-rate="0" complexity="4">
          <methods>
            <method name="&lt;Main&gt;$" signature="(...)" line-rate="0" branch-rate="0" complexity="4">
              <lines>
                <line number="7" hits="0" branch="false" />
                <line number="8" hits="0" branch="true" condition-coverage="0% (0/2)" />
                <line number="10" hits="0" branch="false" />
                <line number="11" hits="0" branch="false" />
                <line number="13" hits="0" branch="false" />
                <line number="14" hits="0" branch="false" />
                <line number="16" hits="0" branch="false" />
                <line number="19" hits="0" branch="false" />
                <line number="21" hits="0" branch="false" />
                <line number="24" hits="0" branch="true" condition-coverage="0% (0/2)" />
                <line number="25" hits="0" branch="false" />
                <line number="26" hits="0" branch="false" />
                <line number="28" hits="0" branch="false" />
                <line number="29" hits="0" branch="false" />
                <line number="31" hits="0" branch="false" />
                <line number="32" hits="0" branch="false" />
                <line number="34" hits="0" branch="false" />
                <line number="35" hits="0" branch="false" />
                <line number="37" hits="0" branch="false" />
                <line number="39" hits="0" branch="false" />
                <line number="40" hits="0" branch="false" />
                <line number="41" hits="0" branch="false" />
                <line number="42" hits="0" branch="false" />
                <line number="44" hits="0" branch="false" />
              </lines>
            </method>
          </methods>
          <lines>
            <line number="7" hits="0" branch="false" />
            <line number="8" hits="0" branch="true" condition-coverage="0% (0/2)" />
            <line number="10" hits="0" branch="false" />
            <line number="11" hits="0" branch="false" />
            <line number="13" hits="0" branch="false" />
            <line number="14" hits="0" branch="false" />
            <line number="16" hits="0" branch="false" />
            <line number="19" hits="0" branch="false" />
            <line number="21" hits="0" branch="false" />
            <line number="24" hits="0" branch="true" condition-coverage="0% (0/2)" />
            <line number="25" hits="0" branch="false" />
            <line number="26" hits="0" branch="false" />
            <line number="28" hits="0" branch="false" />
            <line number="29" hits="0" branch="false" />
            <line number="31" hits="0" branch="false" />
            <line number="32" hits="0" branch="false" />
            <line number="34" hits="0" branch="false" />
            <line number="35" hits="0" branch="false" />
            <line number="37" hits="0" branch="false" />
            <line number="39" hits="0" branch="false" />
            <line number="40" hits="0" branch="false" />
            <line number="41" hits="0" branch="false" />
            <line number="42" hits="0" branch="false" />
            <line number="44" hits="0" branch="false" />
          </lines>
        </class>
      </classes>
    </package>
  </packages>
</coverage>