TpTrace Verbose: 0 : 15188, 1, 2022/12/03, 17:30:34.964, 15875030320862, vstest.console.dll, Version: 17.3.0 Current process architecture: X64
TpTrace Verbose: 0 : 15188, 1, 2022/12/03, 17:30:34.966, 15875030337660, vstest.console.dll, Runtime location: C:\Program Files\dotnet\shared\Microsoft.NETCore.App\6.0.9
TpTrace Information: 0 : 15188, 1, 2022/12/03, 17:30:34.971, 15875030390957, vstest.console.dll, FilePatternParser: The given file G:\Webstuff\CommerceWebthings\CommerceBankApp\BankAppTests\bin\Debug\net6.0\fine-code-coverage\build-output\BankAppTests.dll is a full path.
TpTrace Verbose: 0 : 15188, 1, 2022/12/03, 17:30:34.977, 15875030444991, vstest.console.dll, TestPluginCache.DiscoverTestExtensions: finding test extensions in assemblies ends with: RuntimeProvider.dll TPluginInfo: Microsoft.VisualStudio.TestPlatform.Common.ExtensionFramework.Utilities.TestRuntimePluginInformation TExtension: Microsoft.VisualStudio.TestPlatform.ObjectModel.Host.ITestRuntimeProvider
TpTrace Verbose: 0 : 15188, 1, 2022/12/03, 17:30:34.977, 15875030448038, vstest.console.dll, TestPluginCache.GetExtensionPaths: Filtered extension paths: 
TpTrace Verbose: 0 : 15188, 1, 2022/12/03, 17:30:34.977, 15875030448852, vstest.console.dll, TestPluginCache.GetExtensionPaths: Added default extension paths: C:\Program Files\dotnet\sdk\6.0.401\Extensions\Microsoft.Diagnostics.NETCore.Client.dll
C:\Program Files\dotnet\sdk\6.0.401\Extensions\Microsoft.TestPlatform.Extensions.BlameDataCollector.dll
C:\Program Files\dotnet\sdk\6.0.401\Extensions\Microsoft.TestPlatform.Extensions.EventLogCollector.dll
C:\Program Files\dotnet\sdk\6.0.401\Extensions\Microsoft.TestPlatform.TestHostRuntimeProvider.dll
C:\Program Files\dotnet\sdk\6.0.401\Extensions\Microsoft.VisualStudio.TestPlatform.Extensions.Html.TestLogger.dll
C:\Program Files\dotnet\sdk\6.0.401\Extensions\Microsoft.VisualStudio.TestPlatform.Extensions.Trx.TestLogger.dll
TpTrace Verbose: 0 : 15188, 1, 2022/12/03, 17:30:34.977, 15875030449271, vstest.console.dll, TestPluginCache.GetExtensionPaths: Added unfilterableExtensionPaths: 
TpTrace Information: 0 : 15188, 1, 2022/12/03, 17:30:34.978, 15875030454471, vstest.console.dll, AssemblyResolver.ctor: Creating AssemblyResolver with searchDirectories C:\Program Files\dotnet\sdk\6.0.401\Extensions,C:\Program Files\dotnet\sdk\6.0.401
TpTrace Verbose: 0 : 15188, 1, 2022/12/03, 17:30:34.978, 15875030460326, vstest.console.dll, TestPluginCache.DiscoverTestExtensions: Discovering the extensions using extension path.
TpTrace Verbose: 0 : 15188, 1, 2022/12/03, 17:30:34.978, 15875030461204, vstest.console.dll, TestPluginCache.GetExtensionPaths: Filtered extension paths: 
TpTrace Verbose: 0 : 15188, 1, 2022/12/03, 17:30:34.978, 15875030461566, vstest.console.dll, TestPluginCache.GetExtensionPaths: Added default extension paths: C:\Program Files\dotnet\sdk\6.0.401\Extensions\Microsoft.Diagnostics.NETCore.Client.dll
C:\Program Files\dotnet\sdk\6.0.401\Extensions\Microsoft.TestPlatform.Extensions.BlameDataCollector.dll
C:\Program Files\dotnet\sdk\6.0.401\Extensions\Microsoft.TestPlatform.Extensions.EventLogCollector.dll
C:\Program Files\dotnet\sdk\6.0.401\Extensions\Microsoft.TestPlatform.TestHostRuntimeProvider.dll
C:\Program Files\dotnet\sdk\6.0.401\Extensions\Microsoft.VisualStudio.TestPlatform.Extensions.Html.TestLogger.dll
C:\Program Files\dotnet\sdk\6.0.401\Extensions\Microsoft.VisualStudio.TestPlatform.Extensions.Trx.TestLogger.dll
TpTrace Verbose: 0 : 15188, 1, 2022/12/03, 17:30:34.978, 15875030461916, vstest.console.dll, TestPluginCache.GetExtensionPaths: Added unfilterableExtensionPaths: 
TpTrace Verbose: 0 : 15188, 1, 2022/12/03, 17:30:34.978, 15875030462401, vstest.console.dll, TestPluginCache.DiscoverTestExtensions: Discovering the extensions using allExtensionPaths: C:\Program Files\dotnet\sdk\6.0.401\Extensions\Microsoft.Diagnostics.NETCore.Client.dll
C:\Program Files\dotnet\sdk\6.0.401\Extensions\Microsoft.TestPlatform.Extensions.BlameDataCollector.dll
C:\Program Files\dotnet\sdk\6.0.401\Extensions\Microsoft.TestPlatform.Extensions.EventLogCollector.dll
C:\Program Files\dotnet\sdk\6.0.401\Extensions\Microsoft.TestPlatform.TestHostRuntimeProvider.dll
C:\Program Files\dotnet\sdk\6.0.401\Extensions\Microsoft.VisualStudio.TestPlatform.Extensions.Html.TestLogger.dll
C:\Program Files\dotnet\sdk\6.0.401\Extensions\Microsoft.VisualStudio.TestPlatform.Extensions.Trx.TestLogger.dll
TpTrace Information: 0 : 15188, 1, 2022/12/03, 17:30:34.979, 15875030463754, vstest.console.dll, AssemblyResolver.AddSearchDirectories: Adding more searchDirectories C:\Program Files\dotnet\sdk\6.0.401\Extensions,C:\Program Files\dotnet\sdk\6.0.401
TpTrace Information: 0 : 15188, 1, 2022/12/03, 17:30:34.979, 15875030464202, vstest.console.dll, AssemblyResolver.AddSearchDirectories: Adding more searchDirectories C:\Program Files\dotnet\sdk\6.0.401\Extensions,C:\Program Files\dotnet\sdk\6.0.401
TpTrace Information: 0 : 15188, 1, 2022/12/03, 17:30:34.979, 15875030464510, vstest.console.dll, AssemblyResolver.AddSearchDirectories: Adding more searchDirectories C:\Program Files\dotnet\sdk\6.0.401\Extensions,C:\Program Files\dotnet\sdk\6.0.401
TpTrace Information: 0 : 15188, 1, 2022/12/03, 17:30:34.979, 15875030464842, vstest.console.dll, AssemblyResolver.AddSearchDirectories: Adding more searchDirectories C:\Program Files\dotnet\sdk\6.0.401\Extensions,C:\Program Files\dotnet\sdk\6.0.401
TpTrace Information: 0 : 15188, 1, 2022/12/03, 17:30:34.979, 15875030465117, vstest.console.dll, AssemblyResolver.AddSearchDirectories: Adding more searchDirectories C:\Program Files\dotnet\sdk\6.0.401\Extensions,C:\Program Files\dotnet\sdk\6.0.401
TpTrace Information: 0 : 15188, 1, 2022/12/03, 17:30:34.979, 15875030465390, vstest.console.dll, AssemblyResolver.AddSearchDirectories: Adding more searchDirectories C:\Program Files\dotnet\sdk\6.0.401\Extensions,C:\Program Files\dotnet\sdk\6.0.401
TpTrace Information: 0 : 15188, 1, 2022/12/03, 17:30:34.979, 15875030467964, vstest.console.dll, AssemblyResolver.OnResolve: Microsoft.Diagnostics.NETCore.Client: Resolving assembly.
TpTrace Information: 0 : 15188, 1, 2022/12/03, 17:30:34.979, 15875030468523, vstest.console.dll, AssemblyResolver.OnResolve: Microsoft.Diagnostics.NETCore.Client: Searching in: 'C:\Program Files\dotnet\sdk\6.0.401\Extensions'.
TpTrace Information: 0 : 15188, 1, 2022/12/03, 17:30:34.980, 15875030473442, vstest.console.dll, AssemblyResolver.OnResolve: Microsoft.Diagnostics.NETCore.Client: Loading assembly 'C:\Program Files\dotnet\sdk\6.0.401\Extensions\Microsoft.Diagnostics.NETCore.Client.dll'.
TpTrace Information: 0 : 15188, 1, 2022/12/03, 17:30:34.980, 15875030480584, vstest.console.dll, AssemblyResolver.OnResolve: Resolved assembly: Microsoft.Diagnostics.NETCore.Client, from path: C:\Program Files\dotnet\sdk\6.0.401\Extensions\Microsoft.Diagnostics.NETCore.Client.dll
TpTrace Verbose: 0 : 15188, 1, 2022/12/03, 17:30:34.984, 15875030519401, vstest.console.dll, MetadataReaderExtensionsHelper: Discovering extensions inside assembly 'Microsoft.Diagnostics.NETCore.Client, Version=0.2.5.801, Culture=neutral, PublicKeyToken=31bf3856ad364e35' file path 'C:\Program Files\dotnet\sdk\6.0.401\Extensions\Microsoft.Diagnostics.NETCore.Client.dll'
TpTrace Information: 0 : 15188, 1, 2022/12/03, 17:30:34.993, 15875030604553, vstest.console.dll, AssemblyResolver.OnResolve: Microsoft.Bcl.AsyncInterfaces: Resolving assembly.
TpTrace Information: 0 : 15188, 1, 2022/12/03, 17:30:34.993, 15875030605625, vstest.console.dll, AssemblyResolver.OnResolve: Microsoft.Bcl.AsyncInterfaces: Searching in: 'C:\Program Files\dotnet\sdk\6.0.401\Extensions'.
TpTrace Information: 0 : 15188, 1, 2022/12/03, 17:30:34.993, 15875030606505, vstest.console.dll, AssemblyResolver.OnResolve: Microsoft.Bcl.AsyncInterfaces: Assembly path does not exist: 'C:\Program Files\dotnet\sdk\6.0.401\Extensions\Microsoft.Bcl.AsyncInterfaces.dll', returning.
TpTrace Information: 0 : 15188, 1, 2022/12/03, 17:30:34.993, 15875030607153, vstest.console.dll, AssemblyResolver.OnResolve: Microsoft.Bcl.AsyncInterfaces: Assembly path does not exist: 'C:\Program Files\dotnet\sdk\6.0.401\Extensions\Microsoft.Bcl.AsyncInterfaces.exe', returning.
TpTrace Information: 0 : 15188, 1, 2022/12/03, 17:30:34.993, 15875030607841, vstest.console.dll, AssemblyResolver.OnResolve: Microsoft.Bcl.AsyncInterfaces: Searching in: 'C:\Program Files\dotnet\sdk\6.0.401'.
TpTrace Information: 0 : 15188, 1, 2022/12/03, 17:30:34.993, 15875030608523, vstest.console.dll, AssemblyResolver.OnResolve: Microsoft.Bcl.AsyncInterfaces: Assembly path does not exist: 'C:\Program Files\dotnet\sdk\6.0.401\Microsoft.Bcl.AsyncInterfaces.dll', returning.
TpTrace Information: 0 : 15188, 1, 2022/12/03, 17:30:34.993, 15875030609171, vstest.console.dll, AssemblyResolver.OnResolve: Microsoft.Bcl.AsyncInterfaces: Assembly path does not exist: 'C:\Program Files\dotnet\sdk\6.0.401\Microsoft.Bcl.AsyncInterfaces.exe', returning.
TpTrace Information: 0 : 15188, 1, 2022/12/03, 17:30:34.993, 15875030609470, vstest.console.dll, AssemblyResolver.OnResolve: Microsoft.Bcl.AsyncInterfaces: Failed to load assembly.
TpTrace Verbose: 0 : 15188, 1, 2022/12/03, 17:30:34.993, 15875030609830, vstest.console.dll, CurrentDomainAssemblyResolve: Resolving assembly 'Microsoft.Bcl.AsyncInterfaces'.
TpTrace Information: 0 : 15188, 1, 2022/12/03, 17:30:34.993, 15875030610357, vstest.console.dll, AssemblyResolver.OnResolve: Microsoft.Bcl.AsyncInterfaces: Resolving assembly.
TpTrace Information: 0 : 15188, 1, 2022/12/03, 17:30:34.993, 15875030610729, vstest.console.dll, AssemblyResolver.OnResolve: Microsoft.Bcl.AsyncInterfaces: Resolved from cache.
TpTrace Verbose: 0 : 15188, 1, 2022/12/03, 17:30:34.993, 15875030611022, vstest.console.dll, CurrentDomainAssemblyResolve: Resolving assembly 'Microsoft.Bcl.AsyncInterfaces'.
TpTrace Verbose: 0 : 15188, 1, 2022/12/03, 17:30:34.993, 15875030611403, vstest.console.dll, CurrentDomainAssemblyResolve: Failed to resolve assembly 'Microsoft.Bcl.AsyncInterfaces'.
TpTrace Verbose: 0 : 15188, 1, 2022/12/03, 17:30:34.994, 15875030615051, vstest.console.dll, CurrentDomainAssemblyResolve: Failed to resolve assembly 'Microsoft.Bcl.AsyncInterfaces'.
TpTrace Warning: 0 : 15188, 1, 2022/12/03, 17:30:35.003, 15875030710081, vstest.console.dll, TestPluginDiscoverer: Failed to get types from assembly 'Microsoft.Diagnostics.NETCore.Client, Version=0.2.5.801, Culture=neutral, PublicKeyToken=31bf3856ad364e35'. Error: System.Reflection.ReflectionTypeLoadException: Unable to load one or more of the requested types.
Could not load file or assembly 'Microsoft.Bcl.AsyncInterfaces, Version=1.0.0.0, Culture=neutral, PublicKeyToken=cc7b13ffcd2ddd51'. The system cannot find the file specified.
   at System.Reflection.RuntimeModule.GetTypes(RuntimeModule module)
   at System.Reflection.Assembly.GetTypes()
   at Microsoft.VisualStudio.TestPlatform.Common.ExtensionFramework.TestPluginDiscoverer.GetTestExtensionsFromAssembly[TPluginInfo,TExtension](Assembly assembly, Dictionary`2 pluginInfos, String filePath)
System.IO.FileNotFoundException: Could not load file or assembly 'Microsoft.Bcl.AsyncInterfaces, Version=1.0.0.0, Culture=neutral, PublicKeyToken=cc7b13ffcd2ddd51'. The system cannot find the file specified.
File name: 'Microsoft.Bcl.AsyncInterfaces, Version=1.0.0.0, Culture=neutral, PublicKeyToken=cc7b13ffcd2ddd51'
 ---> System.IO.FileNotFoundException: Could not load file or assembly 'Microsoft.Bcl.AsyncInterfaces, Culture=neutral, PublicKeyToken=null'. The system cannot find the file specified.
File name: 'Microsoft.Bcl.AsyncInterfaces, Culture=neutral, PublicKeyToken=null'
   at System.Reflection.RuntimeAssembly.InternalLoad(ObjectHandleOnStack assemblyName, ObjectHandleOnStack requestingAssembly, StackCrawlMarkHandle stackMark, Boolean throwOnFileNotFound, ObjectHandleOnStack assemblyLoadContext, ObjectHandleOnStack retAssembly)
   at System.Reflection.RuntimeAssembly.InternalLoad(AssemblyName assemblyName, RuntimeAssembly requestingAssembly, StackCrawlMark& stackMark, Boolean throwOnFileNotFound, AssemblyLoadContext assemblyLoadContext)
   at System.Reflection.Assembly.Load(AssemblyName assemblyRef)
   at Microsoft.VisualStudio.TestPlatform.Common.ExtensionFramework.TestPluginCache.CurrentDomainAssemblyResolve(Object sender, AssemblyResolveEventArgs args)
   at Microsoft.VisualStudio.TestPlatform.PlatformAbstractions.PlatformAssemblyResolver.AssemblyResolverEvent(Object sender, Object eventArgs)
   at System.Runtime.Loader.AssemblyLoadContext.GetFirstResolvedAssemblyFromResolvingEvent(AssemblyName assemblyName)
   at System.Runtime.Loader.AssemblyLoadContext.ResolveUsingEvent(AssemblyName assemblyName)
   at System.Runtime.Loader.AssemblyLoadContext.ResolveUsingResolvingEvent(IntPtr gchManagedAssemblyLoadContext, AssemblyName assemblyName)
TpTrace Warning: 0 : 15188, 1, 2022/12/03, 17:30:35.004, 15875030713419, vstest.console.dll, LoaderExceptions: System.IO.FileNotFoundException: Could not load file or assembly 'Microsoft.Bcl.AsyncInterfaces, Version=1.0.0.0, Culture=neutral, PublicKeyToken=cc7b13ffcd2ddd51'. The system cannot find the file specified.
File name: 'Microsoft.Bcl.AsyncInterfaces, Version=1.0.0.0, Culture=neutral, PublicKeyToken=cc7b13ffcd2ddd51'
 ---> System.IO.FileNotFoundException: Could not load file or assembly 'Microsoft.Bcl.AsyncInterfaces, Culture=neutral, PublicKeyToken=null'. The system cannot find the file specified.
File name: 'Microsoft.Bcl.AsyncInterfaces, Culture=neutral, PublicKeyToken=null'
   at System.Reflection.RuntimeAssembly.InternalLoad(ObjectHandleOnStack assemblyName, ObjectHandleOnStack requestingAssembly, StackCrawlMarkHandle stackMark, Boolean throwOnFileNotFound, ObjectHandleOnStack assemblyLoadContext, ObjectHandleOnStack retAssembly)
   at System.Reflection.RuntimeAssembly.InternalLoad(AssemblyName assemblyName, RuntimeAssembly requestingAssembly, StackCrawlMark& stackMark, Boolean throwOnFileNotFound, AssemblyLoadContext assemblyLoadContext)
   at System.Reflection.Assembly.Load(AssemblyName assemblyRef)
   at Microsoft.VisualStudio.TestPlatform.Common.ExtensionFramework.TestPluginCache.CurrentDomainAssemblyResolve(Object sender, AssemblyResolveEventArgs args)
   at Microsoft.VisualStudio.TestPlatform.PlatformAbstractions.PlatformAssemblyResolver.AssemblyResolverEvent(Object sender, Object eventArgs)
   at System.Runtime.Loader.AssemblyLoadContext.GetFirstResolvedAssemblyFromResolvingEvent(AssemblyName assemblyName)
   at System.Runtime.Loader.AssemblyLoadContext.ResolveUsingEvent(AssemblyName assemblyName)
   at System.Runtime.Loader.AssemblyLoadContext.ResolveUsingResolvingEvent(IntPtr gchManagedAssemblyLoadContext, AssemblyName assemblyName)
TpTrace Information: 0 : 15188, 1, 2022/12/03, 17:30:35.004, 15875030714816, vstest.console.dll, AssemblyResolver.OnResolve: Microsoft.TestPlatform.Extensions.BlameDataCollector: Resolving assembly.
TpTrace Information: 0 : 15188, 1, 2022/12/03, 17:30:35.004, 15875030715245, vstest.console.dll, AssemblyResolver.OnResolve: Microsoft.TestPlatform.Extensions.BlameDataCollector: Searching in: 'C:\Program Files\dotnet\sdk\6.0.401\Extensions'.
TpTrace Information: 0 : 15188, 1, 2022/12/03, 17:30:35.004, 15875030719216, vstest.console.dll, AssemblyResolver.OnResolve: Microsoft.TestPlatform.Extensions.BlameDataCollector: Loading assembly 'C:\Program Files\dotnet\sdk\6.0.401\Extensions\Microsoft.TestPlatform.Extensions.BlameDataCollector.dll'.
TpTrace Information: 0 : 15188, 1, 2022/12/03, 17:30:35.005, 15875030724466, vstest.console.dll, AssemblyResolver.OnResolve: Resolved assembly: Microsoft.TestPlatform.Extensions.BlameDataCollector, from path: C:\Program Files\dotnet\sdk\6.0.401\Extensions\Microsoft.TestPlatform.Extensions.BlameDataCollector.dll
TpTrace Verbose: 0 : 15188, 1, 2022/12/03, 17:30:35.005, 15875030725189, vstest.console.dll, MetadataReaderExtensionsHelper: Discovering extensions inside assembly 'Microsoft.TestPlatform.Extensions.BlameDataCollector, Version=15.0.0.0, Culture=neutral, PublicKeyToken=b03f5f7f11d50a3a' file path 'C:\Program Files\dotnet\sdk\6.0.401\Extensions\Microsoft.TestPlatform.Extensions.BlameDataCollector.dll'
TpTrace Information: 0 : 15188, 1, 2022/12/03, 17:30:35.006, 15875030739032, vstest.console.dll, AssemblyResolver.OnResolve: Microsoft.TestPlatform.Extensions.EventLogCollector: Resolving assembly.
TpTrace Information: 0 : 15188, 1, 2022/12/03, 17:30:35.006, 15875030740283, vstest.console.dll, AssemblyResolver.OnResolve: Microsoft.TestPlatform.Extensions.EventLogCollector: Searching in: 'C:\Program Files\dotnet\sdk\6.0.401\Extensions'.
TpTrace Information: 0 : 15188, 1, 2022/12/03, 17:30:35.007, 15875030744377, vstest.console.dll, AssemblyResolver.OnResolve: Microsoft.TestPlatform.Extensions.EventLogCollector: Loading assembly 'C:\Program Files\dotnet\sdk\6.0.401\Extensions\Microsoft.TestPlatform.Extensions.EventLogCollector.dll'.
TpTrace Information: 0 : 15188, 1, 2022/12/03, 17:30:35.007, 15875030748072, vstest.console.dll, AssemblyResolver.OnResolve: Resolved assembly: Microsoft.TestPlatform.Extensions.EventLogCollector, from path: C:\Program Files\dotnet\sdk\6.0.401\Extensions\Microsoft.TestPlatform.Extensions.EventLogCollector.dll
TpTrace Verbose: 0 : 15188, 1, 2022/12/03, 17:30:35.007, 15875030748674, vstest.console.dll, MetadataReaderExtensionsHelper: Discovering extensions inside assembly 'Microsoft.TestPlatform.Extensions.EventLogCollector, Version=15.0.0.0, Culture=neutral, PublicKeyToken=b03f5f7f11d50a3a' file path 'C:\Program Files\dotnet\sdk\6.0.401\Extensions\Microsoft.TestPlatform.Extensions.EventLogCollector.dll'
TpTrace Information: 0 : 15188, 1, 2022/12/03, 17:30:35.008, 15875030762408, vstest.console.dll, AssemblyResolver.OnResolve: Microsoft.TestPlatform.TestHostRuntimeProvider: Resolving assembly.
TpTrace Information: 0 : 15188, 1, 2022/12/03, 17:30:35.008, 15875030763064, vstest.console.dll, AssemblyResolver.OnResolve: Microsoft.TestPlatform.TestHostRuntimeProvider: Searching in: 'C:\Program Files\dotnet\sdk\6.0.401\Extensions'.
TpTrace Information: 0 : 15188, 1, 2022/12/03, 17:30:35.009, 15875030766279, vstest.console.dll, AssemblyResolver.OnResolve: Microsoft.TestPlatform.TestHostRuntimeProvider: Loading assembly 'C:\Program Files\dotnet\sdk\6.0.401\Extensions\Microsoft.TestPlatform.TestHostRuntimeProvider.dll'.
TpTrace Information: 0 : 15188, 1, 2022/12/03, 17:30:35.009, 15875030771207, vstest.console.dll, AssemblyResolver.OnResolve: Resolved assembly: Microsoft.TestPlatform.TestHostRuntimeProvider, from path: C:\Program Files\dotnet\sdk\6.0.401\Extensions\Microsoft.TestPlatform.TestHostRuntimeProvider.dll
TpTrace Verbose: 0 : 15188, 1, 2022/12/03, 17:30:35.009, 15875030771866, vstest.console.dll, MetadataReaderExtensionsHelper: Discovering extensions inside assembly 'Microsoft.TestPlatform.TestHostRuntimeProvider, Version=15.0.0.0, Culture=neutral, PublicKeyToken=b03f5f7f11d50a3a' file path 'C:\Program Files\dotnet\sdk\6.0.401\Extensions\Microsoft.TestPlatform.TestHostRuntimeProvider.dll'
TpTrace Information: 0 : 15188, 1, 2022/12/03, 17:30:35.011, 15875030790259, vstest.console.dll, GetTestExtensionFromType: Register extension with identifier data 'HostProvider://DefaultTestHost' and type 'Microsoft.VisualStudio.TestPlatform.CrossPlatEngine.Hosting.DefaultTestHostManager, Microsoft.TestPlatform.TestHostRuntimeProvider, Version=15.0.0.0, Culture=neutral, PublicKeyToken=b03f5f7f11d50a3a' inside file 'C:\Program Files\dotnet\sdk\6.0.401\Extensions\Microsoft.TestPlatform.TestHostRuntimeProvider.dll'
TpTrace Information: 0 : 15188, 1, 2022/12/03, 17:30:35.011, 15875030791197, vstest.console.dll, GetTestExtensionFromType: Register extension with identifier data 'HostProvider://DotnetTestHost' and type 'Microsoft.VisualStudio.TestPlatform.CrossPlatEngine.Hosting.DotnetTestHostManager, Microsoft.TestPlatform.TestHostRuntimeProvider, Version=15.0.0.0, Culture=neutral, PublicKeyToken=b03f5f7f11d50a3a' inside file 'C:\Program Files\dotnet\sdk\6.0.401\Extensions\Microsoft.TestPlatform.TestHostRuntimeProvider.dll'
TpTrace Information: 0 : 15188, 1, 2022/12/03, 17:30:35.011, 15875030791962, vstest.console.dll, AssemblyResolver.OnResolve: Microsoft.VisualStudio.TestPlatform.Extensions.Html.TestLogger: Resolving assembly.
TpTrace Information: 0 : 15188, 1, 2022/12/03, 17:30:35.011, 15875030792306, vstest.console.dll, AssemblyResolver.OnResolve: Microsoft.VisualStudio.TestPlatform.Extensions.Html.TestLogger: Searching in: 'C:\Program Files\dotnet\sdk\6.0.401\Extensions'.
TpTrace Information: 0 : 15188, 1, 2022/12/03, 17:30:35.012, 15875030796640, vstest.console.dll, AssemblyResolver.OnResolve: Microsoft.VisualStudio.TestPlatform.Extensions.Html.TestLogger: Loading assembly 'C:\Program Files\dotnet\sdk\6.0.401\Extensions\Microsoft.VisualStudio.TestPlatform.Extensions.Html.TestLogger.dll'.
TpTrace Information: 0 : 15188, 1, 2022/12/03, 17:30:35.012, 15875030801320, vstest.console.dll, AssemblyResolver.OnResolve: Resolved assembly: Microsoft.VisualStudio.TestPlatform.Extensions.Html.TestLogger, from path: C:\Program Files\dotnet\sdk\6.0.401\Extensions\Microsoft.VisualStudio.TestPlatform.Extensions.Html.TestLogger.dll
TpTrace Verbose: 0 : 15188, 1, 2022/12/03, 17:30:35.012, 15875030801919, vstest.console.dll, MetadataReaderExtensionsHelper: Discovering extensions inside assembly 'Microsoft.VisualStudio.TestPlatform.Extensions.Html.TestLogger, Version=15.0.0.0, Culture=neutral, PublicKeyToken=b03f5f7f11d50a3a' file path 'C:\Program Files\dotnet\sdk\6.0.401\Extensions\Microsoft.VisualStudio.TestPlatform.Extensions.Html.TestLogger.dll'
TpTrace Information: 0 : 15188, 1, 2022/12/03, 17:30:35.013, 15875030808821, vstest.console.dll, AssemblyResolver.OnResolve: Microsoft.VisualStudio.TestPlatform.Extensions.Trx.TestLogger: Resolving assembly.
TpTrace Information: 0 : 15188, 1, 2022/12/03, 17:30:35.013, 15875030809406, vstest.console.dll, AssemblyResolver.OnResolve: Microsoft.VisualStudio.TestPlatform.Extensions.Trx.TestLogger: Searching in: 'C:\Program Files\dotnet\sdk\6.0.401\Extensions'.
TpTrace Information: 0 : 15188, 1, 2022/12/03, 17:30:35.013, 15875030812905, vstest.console.dll, AssemblyResolver.OnResolve: Microsoft.VisualStudio.TestPlatform.Extensions.Trx.TestLogger: Loading assembly 'C:\Program Files\dotnet\sdk\6.0.401\Extensions\Microsoft.VisualStudio.TestPlatform.Extensions.Trx.TestLogger.dll'.
TpTrace Information: 0 : 15188, 1, 2022/12/03, 17:30:35.014, 15875030818033, vstest.console.dll, AssemblyResolver.OnResolve: Resolved assembly: Microsoft.VisualStudio.TestPlatform.Extensions.Trx.TestLogger, from path: C:\Program Files\dotnet\sdk\6.0.401\Extensions\Microsoft.VisualStudio.TestPlatform.Extensions.Trx.TestLogger.dll
TpTrace Verbose: 0 : 15188, 1, 2022/12/03, 17:30:35.014, 15875030818684, vstest.console.dll, MetadataReaderExtensionsHelper: Discovering extensions inside assembly 'Microsoft.VisualStudio.TestPlatform.Extensions.Trx.TestLogger, Version=15.0.0.0, Culture=neutral, PublicKeyToken=b03f5f7f11d50a3a' file path 'C:\Program Files\dotnet\sdk\6.0.401\Extensions\Microsoft.VisualStudio.TestPlatform.Extensions.Trx.TestLogger.dll'
TpTrace Verbose: 0 : 15188, 1, 2022/12/03, 17:30:35.015, 15875030828150, vstest.console.dll, TestPluginCache: Discovered the extensions using extension path ''.
TpTrace Verbose: 0 : 15188, 1, 2022/12/03, 17:30:35.015, 15875030828782, vstest.console.dll, TestPluginCache: Discoverers are ''.
TpTrace Verbose: 0 : 15188, 1, 2022/12/03, 17:30:35.015, 15875030829122, vstest.console.dll, TestPluginCache: Executors are ''.
TpTrace Verbose: 0 : 15188, 1, 2022/12/03, 17:30:35.015, 15875030829378, vstest.console.dll, TestPluginCache: Executors2 are ''.
TpTrace Verbose: 0 : 15188, 1, 2022/12/03, 17:30:35.015, 15875030829672, vstest.console.dll, TestPluginCache: Setting providers are ''.
TpTrace Verbose: 0 : 15188, 1, 2022/12/03, 17:30:35.015, 15875030829919, vstest.console.dll, TestPluginCache: Loggers are ''.
TpTrace Verbose: 0 : 15188, 1, 2022/12/03, 17:30:35.015, 15875030831148, vstest.console.dll, TestPluginCache: TestHosts are 'HostProvider://DefaultTestHost,HostProvider://DotnetTestHost'.
TpTrace Verbose: 0 : 15188, 1, 2022/12/03, 17:30:35.015, 15875030831485, vstest.console.dll, TestPluginCache: DataCollectors are ''.
TpTrace Information: 0 : 15188, 1, 2022/12/03, 17:30:35.026, 15875030933696, vstest.console.dll, RunTestsArgumentProcessor:Execute: Test run is starting.
TpTrace Verbose: 0 : 15188, 1, 2022/12/03, 17:30:35.026, 15875030934733, vstest.console.dll, RunTestsArgumentProcessor:Execute: Queuing Test run.
TpTrace Information: 0 : 15188, 1, 2022/12/03, 17:30:35.026, 15875030937118, vstest.console.dll, TestRequestManager.RunTests: run tests started.
TpTrace Information: 0 : 15188, 1, 2022/12/03, 17:30:35.027, 15875030947605, vstest.console.dll, AssemblyMetadataProvider.GetFrameworkName: Determined framework:'.NETCoreApp,Version=v6.0' for source: 'G:\Webstuff\CommerceWebthings\CommerceBankApp\BankAppTests\bin\Debug\net6.0\fine-code-coverage\build-output\BankAppTests.dll'
TpTrace Information: 0 : 15188, 1, 2022/12/03, 17:30:35.027, 15875030948705, vstest.console.dll, Determined framework for all sources: .NETCoreApp,Version=v6.0
TpTrace Verbose: 0 : 15188, 1, 2022/12/03, 17:30:35.027, 15875030952737, vstest.console.dll, TestRequestManager.UpdateRunSettingsIfRequired: Default architecture: X64 IsDefaultTargetArchitecture: True, Current process architecture: X64 OperatingSystem: Windows.
TpTrace Information: 0 : 15188, 1, 2022/12/03, 17:30:35.030, 15875030973894, vstest.console.dll, AssemblyMetadataProvider.GetArchitecture: Determined architecture:AnyCPU info for assembly: G:\Webstuff\CommerceWebthings\CommerceBankApp\BankAppTests\bin\Debug\net6.0\fine-code-coverage\build-output\BankAppTests.dll
TpTrace Information: 0 : 15188, 1, 2022/12/03, 17:30:35.030, 15875030974455, vstest.console.dll, Determined platform for source 'G:\Webstuff\CommerceWebthings\CommerceBankApp\BankAppTests\bin\Debug\net6.0\fine-code-coverage\build-output\BankAppTests.dll' was AnyCPU and it will use the default plaform X64.
TpTrace Information: 0 : 15188, 1, 2022/12/03, 17:30:35.030, 15875030974754, vstest.console.dll, None of the sources provided any runnable platform, using the default platform: X64
TpTrace Information: 0 : 15188, 1, 2022/12/03, 17:30:35.030, 15875030975486, vstest.console.dll, Platform was updated to 'X64'.
TpTrace Information: 0 : 15188, 1, 2022/12/03, 17:30:35.033, 15875031005406, vstest.console.dll, InferRunSettingsHelper.IsTestSettingsEnabled: Unable to navigate to RunSettings/MSTest. Current node: RunSettings
TpTrace Information: 0 : 15188, 1, 2022/12/03, 17:30:35.033, 15875031010775, vstest.console.dll, AssemblyResolver.OnResolve: Microsoft.VisualStudio.TestPlatform.Fakes: Resolving assembly.
TpTrace Information: 0 : 15188, 1, 2022/12/03, 17:30:35.033, 15875031011303, vstest.console.dll, AssemblyResolver.OnResolve: Microsoft.VisualStudio.TestPlatform.Fakes: Searching in: 'C:\Program Files\dotnet\sdk\6.0.401\Extensions'.
TpTrace Information: 0 : 15188, 1, 2022/12/03, 17:30:35.033, 15875031012346, vstest.console.dll, AssemblyResolver.OnResolve: Microsoft.VisualStudio.TestPlatform.Fakes: Assembly path does not exist: 'C:\Program Files\dotnet\sdk\6.0.401\Extensions\Microsoft.VisualStudio.TestPlatform.Fakes.dll', returning.
TpTrace Information: 0 : 15188, 1, 2022/12/03, 17:30:35.033, 15875031013047, vstest.console.dll, AssemblyResolver.OnResolve: Microsoft.VisualStudio.TestPlatform.Fakes: Assembly path does not exist: 'C:\Program Files\dotnet\sdk\6.0.401\Extensions\Microsoft.VisualStudio.TestPlatform.Fakes.exe', returning.
TpTrace Information: 0 : 15188, 1, 2022/12/03, 17:30:35.034, 15875031013359, vstest.console.dll, AssemblyResolver.OnResolve: Microsoft.VisualStudio.TestPlatform.Fakes: Searching in: 'C:\Program Files\dotnet\sdk\6.0.401'.
TpTrace Information: 0 : 15188, 1, 2022/12/03, 17:30:35.034, 15875031014023, vstest.console.dll, AssemblyResolver.OnResolve: Microsoft.VisualStudio.TestPlatform.Fakes: Assembly path does not exist: 'C:\Program Files\dotnet\sdk\6.0.401\Microsoft.VisualStudio.TestPlatform.Fakes.dll', returning.
TpTrace Information: 0 : 15188, 1, 2022/12/03, 17:30:35.034, 15875031014659, vstest.console.dll, AssemblyResolver.OnResolve: Microsoft.VisualStudio.TestPlatform.Fakes: Assembly path does not exist: 'C:\Program Files\dotnet\sdk\6.0.401\Microsoft.VisualStudio.TestPlatform.Fakes.exe', returning.
TpTrace Information: 0 : 15188, 1, 2022/12/03, 17:30:35.034, 15875031014961, vstest.console.dll, AssemblyResolver.OnResolve: Microsoft.VisualStudio.TestPlatform.Fakes: Failed to load assembly.
TpTrace Information: 0 : 15188, 1, 2022/12/03, 17:30:35.034, 15875031017086, vstest.console.dll, Failed to load assembly Microsoft.VisualStudio.TestPlatform.Fakes, Version=17.0.0.0, Culture=neutral. Reason:System.IO.FileNotFoundException: Could not load file or assembly 'Microsoft.VisualStudio.TestPlatform.Fakes, Version=17.0.0.0, Culture=neutral, PublicKeyToken=null'. The system cannot find the file specified.
File name: 'Microsoft.VisualStudio.TestPlatform.Fakes, Version=17.0.0.0, Culture=neutral, PublicKeyToken=null'
   at System.Reflection.RuntimeAssembly.InternalLoad(ObjectHandleOnStack assemblyName, ObjectHandleOnStack requestingAssembly, StackCrawlMarkHandle stackMark, Boolean throwOnFileNotFound, ObjectHandleOnStack assemblyLoadContext, ObjectHandleOnStack retAssembly)
   at System.Reflection.RuntimeAssembly.InternalLoad(AssemblyName assemblyName, RuntimeAssembly requestingAssembly, StackCrawlMark& stackMark, Boolean throwOnFileNotFound, AssemblyLoadContext assemblyLoadContext)
   at System.Reflection.Assembly.Load(AssemblyName assemblyRef)
   at Microsoft.VisualStudio.TestPlatform.Common.Utilities.FakesUtilities.LoadTestPlatformAssembly()
TpTrace Verbose: 0 : 15188, 1, 2022/12/03, 17:30:35.037, 15875031048884, vstest.console.dll, TestPluginCache.DiscoverTestExtensions: finding test extensions in assemblies ends with: TestLogger.dll TPluginInfo: Microsoft.VisualStudio.TestPlatform.Common.ExtensionFramework.Utilities.TestLoggerPluginInformation TExtension: Microsoft.VisualStudio.TestPlatform.ObjectModel.Client.ITestLogger
TpTrace Verbose: 0 : 15188, 1, 2022/12/03, 17:30:35.037, 15875031049784, vstest.console.dll, TestPluginCache.GetExtensionPaths: Filtered extension paths: 
TpTrace Verbose: 0 : 15188, 1, 2022/12/03, 17:30:35.037, 15875031050111, vstest.console.dll, TestPluginCache.GetExtensionPaths: Added default extension paths: C:\Program Files\dotnet\sdk\6.0.401\Extensions\Microsoft.Diagnostics.NETCore.Client.dll
C:\Program Files\dotnet\sdk\6.0.401\Extensions\Microsoft.TestPlatform.Extensions.BlameDataCollector.dll
C:\Program Files\dotnet\sdk\6.0.401\Extensions\Microsoft.TestPlatform.Extensions.EventLogCollector.dll
C:\Program Files\dotnet\sdk\6.0.401\Extensions\Microsoft.TestPlatform.TestHostRuntimeProvider.dll
C:\Program Files\dotnet\sdk\6.0.401\Extensions\Microsoft.VisualStudio.TestPlatform.Extensions.Html.TestLogger.dll
C:\Program Files\dotnet\sdk\6.0.401\Extensions\Microsoft.VisualStudio.TestPlatform.Extensions.Trx.TestLogger.dll
TpTrace Verbose: 0 : 15188, 1, 2022/12/03, 17:30:35.037, 15875031050459, vstest.console.dll, TestPluginCache.GetExtensionPaths: Added unfilterableExtensionPaths: 
TpTrace Information: 0 : 15188, 1, 2022/12/03, 17:30:35.037, 15875031051829, vstest.console.dll, AssemblyResolver.AddSearchDirectories: Adding more searchDirectories C:\Program Files\dotnet\sdk\6.0.401\Extensions,C:\Program Files\dotnet\sdk\6.0.401
TpTrace Verbose: 0 : 15188, 1, 2022/12/03, 17:30:35.037, 15875031052327, vstest.console.dll, TestPluginCache.DiscoverTestExtensions: Discovering the extensions using extension path.
TpTrace Verbose: 0 : 15188, 1, 2022/12/03, 17:30:35.037, 15875031052685, vstest.console.dll, TestPluginCache.GetExtensionPaths: Filtered extension paths: 
TpTrace Verbose: 0 : 15188, 1, 2022/12/03, 17:30:35.037, 15875031052959, vstest.console.dll, TestPluginCache.GetExtensionPaths: Added default extension paths: C:\Program Files\dotnet\sdk\6.0.401\Extensions\Microsoft.Diagnostics.NETCore.Client.dll
C:\Program Files\dotnet\sdk\6.0.401\Extensions\Microsoft.TestPlatform.Extensions.BlameDataCollector.dll
C:\Program Files\dotnet\sdk\6.0.401\Extensions\Microsoft.TestPlatform.Extensions.EventLogCollector.dll
C:\Program Files\dotnet\sdk\6.0.401\Extensions\Microsoft.TestPlatform.TestHostRuntimeProvider.dll
C:\Program Files\dotnet\sdk\6.0.401\Extensions\Microsoft.VisualStudio.TestPlatform.Extensions.Html.TestLogger.dll
C:\Program Files\dotnet\sdk\6.0.401\Extensions\Microsoft.VisualStudio.TestPlatform.Extensions.Trx.TestLogger.dll
TpTrace Verbose: 0 : 15188, 1, 2022/12/03, 17:30:35.038, 15875031053791, vstest.console.dll, TestPluginCache.GetExtensionPaths: Added unfilterableExtensionPaths: 
TpTrace Verbose: 0 : 15188, 1, 2022/12/03, 17:30:35.038, 15875031054133, vstest.console.dll, TestPluginCache.DiscoverTestExtensions: Discovering the extensions using allExtensionPaths: C:\Program Files\dotnet\sdk\6.0.401\Extensions\Microsoft.Diagnostics.NETCore.Client.dll
C:\Program Files\dotnet\sdk\6.0.401\Extensions\Microsoft.TestPlatform.Extensions.BlameDataCollector.dll
C:\Program Files\dotnet\sdk\6.0.401\Extensions\Microsoft.TestPlatform.Extensions.EventLogCollector.dll
C:\Program Files\dotnet\sdk\6.0.401\Extensions\Microsoft.TestPlatform.TestHostRuntimeProvider.dll
C:\Program Files\dotnet\sdk\6.0.401\Extensions\Microsoft.VisualStudio.TestPlatform.Extensions.Html.TestLogger.dll
C:\Program Files\dotnet\sdk\6.0.401\Extensions\Microsoft.VisualStudio.TestPlatform.Extensions.Trx.TestLogger.dll
TpTrace Information: 0 : 15188, 1, 2022/12/03, 17:30:35.038, 15875031054586, vstest.console.dll, AssemblyResolver.AddSearchDirectories: Adding more searchDirectories C:\Program Files\dotnet\sdk\6.0.401\Extensions,C:\Program Files\dotnet\sdk\6.0.401
TpTrace Information: 0 : 15188, 1, 2022/12/03, 17:30:35.038, 15875031054889, vstest.console.dll, AssemblyResolver.AddSearchDirectories: Adding more searchDirectories C:\Program Files\dotnet\sdk\6.0.401\Extensions,C:\Program Files\dotnet\sdk\6.0.401
TpTrace Information: 0 : 15188, 1, 2022/12/03, 17:30:35.038, 15875031055168, vstest.console.dll, AssemblyResolver.AddSearchDirectories: Adding more searchDirectories C:\Program Files\dotnet\sdk\6.0.401\Extensions,C:\Program Files\dotnet\sdk\6.0.401
TpTrace Information: 0 : 15188, 1, 2022/12/03, 17:30:35.038, 15875031055482, vstest.console.dll, AssemblyResolver.AddSearchDirectories: Adding more searchDirectories C:\Program Files\dotnet\sdk\6.0.401\Extensions,C:\Program Files\dotnet\sdk\6.0.401
TpTrace Information: 0 : 15188, 1, 2022/12/03, 17:30:35.038, 15875031055762, vstest.console.dll, AssemblyResolver.AddSearchDirectories: Adding more searchDirectories C:\Program Files\dotnet\sdk\6.0.401\Extensions,C:\Program Files\dotnet\sdk\6.0.401
TpTrace Information: 0 : 15188, 1, 2022/12/03, 17:30:35.038, 15875031056037, vstest.console.dll, AssemblyResolver.AddSearchDirectories: Adding more searchDirectories C:\Program Files\dotnet\sdk\6.0.401\Extensions,C:\Program Files\dotnet\sdk\6.0.401
TpTrace Verbose: 0 : 15188, 1, 2022/12/03, 17:30:35.038, 15875031057203, vstest.console.dll, MetadataReaderExtensionsHelper: Discovering extensions inside assembly 'Microsoft.Diagnostics.NETCore.Client, Version=0.2.5.801, Culture=neutral, PublicKeyToken=31bf3856ad364e35' file path 'C:\Program Files\dotnet\sdk\6.0.401\Extensions\Microsoft.Diagnostics.NETCore.Client.dll'
TpTrace Information: 0 : 15188, 1, 2022/12/03, 17:30:35.038, 15875031062767, vstest.console.dll, AssemblyResolver.OnResolve: Microsoft.Bcl.AsyncInterfaces: Resolving assembly.
TpTrace Information: 0 : 15188, 1, 2022/12/03, 17:30:35.039, 15875031063220, vstest.console.dll, AssemblyResolver.OnResolve: Microsoft.Bcl.AsyncInterfaces: Resolved from cache.
TpTrace Verbose: 0 : 15188, 1, 2022/12/03, 17:30:35.039, 15875031063521, vstest.console.dll, CurrentDomainAssemblyResolve: Resolving assembly 'Microsoft.Bcl.AsyncInterfaces'.
TpTrace Information: 0 : 15188, 1, 2022/12/03, 17:30:35.039, 15875031063932, vstest.console.dll, AssemblyResolver.OnResolve: Microsoft.Bcl.AsyncInterfaces: Resolving assembly.
TpTrace Information: 0 : 15188, 1, 2022/12/03, 17:30:35.039, 15875031064210, vstest.console.dll, AssemblyResolver.OnResolve: Microsoft.Bcl.AsyncInterfaces: Resolved from cache.
TpTrace Verbose: 0 : 15188, 1, 2022/12/03, 17:30:35.039, 15875031064481, vstest.console.dll, CurrentDomainAssemblyResolve: Resolving assembly 'Microsoft.Bcl.AsyncInterfaces'.
TpTrace Verbose: 0 : 15188, 1, 2022/12/03, 17:30:35.039, 15875031064774, vstest.console.dll, CurrentDomainAssemblyResolve: Failed to resolve assembly 'Microsoft.Bcl.AsyncInterfaces'.
TpTrace Verbose: 0 : 15188, 1, 2022/12/03, 17:30:35.039, 15875031066035, vstest.console.dll, CurrentDomainAssemblyResolve: Failed to resolve assembly 'Microsoft.Bcl.AsyncInterfaces'.
TpTrace Warning: 0 : 15188, 1, 2022/12/03, 17:30:35.039, 15875031069017, vstest.console.dll, TestPluginDiscoverer: Failed to get types from assembly 'Microsoft.Diagnostics.NETCore.Client, Version=0.2.5.801, Culture=neutral, PublicKeyToken=31bf3856ad364e35'. Error: System.Reflection.ReflectionTypeLoadException: Unable to load one or more of the requested types.
Could not load file or assembly 'Microsoft.Bcl.AsyncInterfaces, Version=1.0.0.0, Culture=neutral, PublicKeyToken=cc7b13ffcd2ddd51'. The system cannot find the file specified.
   at System.Reflection.RuntimeModule.GetTypes(RuntimeModule module)
   at System.Reflection.Assembly.GetTypes()
   at Microsoft.VisualStudio.TestPlatform.Common.ExtensionFramework.TestPluginDiscoverer.GetTestExtensionsFromAssembly[TPluginInfo,TExtension](Assembly assembly, Dictionary`2 pluginInfos, String filePath)
System.IO.FileNotFoundException: Could not load file or assembly 'Microsoft.Bcl.AsyncInterfaces, Version=1.0.0.0, Culture=neutral, PublicKeyToken=cc7b13ffcd2ddd51'. The system cannot find the file specified.
File name: 'Microsoft.Bcl.AsyncInterfaces, Version=1.0.0.0, Culture=neutral, PublicKeyToken=cc7b13ffcd2ddd51'
 ---> System.IO.FileNotFoundException: Could not load file or assembly 'Microsoft.Bcl.AsyncInterfaces, Culture=neutral, PublicKeyToken=null'. The system cannot find the file specified.
File name: 'Microsoft.Bcl.AsyncInterfaces, Culture=neutral, PublicKeyToken=null'
   at System.Reflection.RuntimeAssembly.InternalLoad(ObjectHandleOnStack assemblyName, ObjectHandleOnStack requestingAssembly, StackCrawlMarkHandle stackMark, Boolean throwOnFileNotFound, ObjectHandleOnStack assemblyLoadContext, ObjectHandleOnStack retAssembly)
   at System.Reflection.RuntimeAssembly.InternalLoad(AssemblyName assemblyName, RuntimeAssembly requestingAssembly, StackCrawlMark& stackMark, Boolean throwOnFileNotFound, AssemblyLoadContext assemblyLoadContext)
   at System.Reflection.Assembly.Load(AssemblyName assemblyRef)
   at Microsoft.VisualStudio.TestPlatform.Common.ExtensionFramework.TestPluginCache.CurrentDomainAssemblyResolve(Object sender, AssemblyResolveEventArgs args)
   at Microsoft.VisualStudio.TestPlatform.PlatformAbstractions.PlatformAssemblyResolver.AssemblyResolverEvent(Object sender, Object eventArgs)
   at System.Runtime.Loader.AssemblyLoadContext.GetFirstResolvedAssemblyFromResolvingEvent(AssemblyName assemblyName)
   at System.Runtime.Loader.AssemblyLoadContext.ResolveUsingEvent(AssemblyName assemblyName)
   at System.Runtime.Loader.AssemblyLoadContext.ResolveUsingResolvingEvent(IntPtr gchManagedAssemblyLoadContext, AssemblyName assemblyName)
TpTrace Warning: 0 : 15188, 1, 2022/12/03, 17:30:35.039, 15875031070691, vstest.console.dll, LoaderExceptions: System.IO.FileNotFoundException: Could not load file or assembly 'Microsoft.Bcl.AsyncInterfaces, Version=1.0.0.0, Culture=neutral, PublicKeyToken=cc7b13ffcd2ddd51'. The system cannot find the file specified.
File name: 'Microsoft.Bcl.AsyncInterfaces, Version=1.0.0.0, Culture=neutral, PublicKeyToken=cc7b13ffcd2ddd51'
 ---> System.IO.FileNotFoundException: Could not load file or assembly 'Microsoft.Bcl.AsyncInterfaces, Culture=neutral, PublicKeyToken=null'. The system cannot find the file specified.
File name: 'Microsoft.Bcl.AsyncInterfaces, Culture=neutral, PublicKeyToken=null'
   at System.Reflection.RuntimeAssembly.InternalLoad(ObjectHandleOnStack assemblyName, ObjectHandleOnStack requestingAssembly, StackCrawlMarkHandle stackMark, Boolean throwOnFileNotFound, ObjectHandleOnStack assemblyLoadContext, ObjectHandleOnStack retAssembly)
   at System.Reflection.RuntimeAssembly.InternalLoad(AssemblyName assemblyName, RuntimeAssembly requestingAssembly, StackCrawlMark& stackMark, Boolean throwOnFileNotFound, AssemblyLoadContext assemblyLoadContext)
   at System.Reflection.Assembly.Load(AssemblyName assemblyRef)
   at Microsoft.VisualStudio.TestPlatform.Common.ExtensionFramework.TestPluginCache.CurrentDomainAssemblyResolve(Object sender, AssemblyResolveEventArgs args)
   at Microsoft.VisualStudio.TestPlatform.PlatformAbstractions.PlatformAssemblyResolver.AssemblyResolverEvent(Object sender, Object eventArgs)
   at System.Runtime.Loader.AssemblyLoadContext.GetFirstResolvedAssemblyFromResolvingEvent(AssemblyName assemblyName)
   at System.Runtime.Loader.AssemblyLoadContext.ResolveUsingEvent(AssemblyName assemblyName)
   at System.Runtime.Loader.AssemblyLoadContext.ResolveUsingResolvingEvent(IntPtr gchManagedAssemblyLoadContext, AssemblyName assemblyName)
TpTrace Verbose: 0 : 15188, 1, 2022/12/03, 17:30:35.039, 15875031071443, vstest.console.dll, MetadataReaderExtensionsHelper: Discovering extensions inside assembly 'Microsoft.TestPlatform.Extensions.BlameDataCollector, Version=15.0.0.0, Culture=neutral, PublicKeyToken=b03f5f7f11d50a3a' file path 'C:\Program Files\dotnet\sdk\6.0.401\Extensions\Microsoft.TestPlatform.Extensions.BlameDataCollector.dll'
TpTrace Information: 0 : 15188, 1, 2022/12/03, 17:30:35.040, 15875031076720, vstest.console.dll, GetTestExtensionFromType: Register extension with identifier data 'logger://Microsoft/TestPlatform/Extensions/Blame/v1' and type 'Microsoft.TestPlatform.Extensions.BlameDataCollector.BlameLogger, Microsoft.TestPlatform.Extensions.BlameDataCollector, Version=15.0.0.0, Culture=neutral, PublicKeyToken=b03f5f7f11d50a3a' inside file 'C:\Program Files\dotnet\sdk\6.0.401\Extensions\Microsoft.TestPlatform.Extensions.BlameDataCollector.dll'
TpTrace Verbose: 0 : 15188, 1, 2022/12/03, 17:30:35.040, 15875031077548, vstest.console.dll, MetadataReaderExtensionsHelper: Discovering extensions inside assembly 'Microsoft.TestPlatform.Extensions.EventLogCollector, Version=15.0.0.0, Culture=neutral, PublicKeyToken=b03f5f7f11d50a3a' file path 'C:\Program Files\dotnet\sdk\6.0.401\Extensions\Microsoft.TestPlatform.Extensions.EventLogCollector.dll'
TpTrace Verbose: 0 : 15188, 1, 2022/12/03, 17:30:35.040, 15875031081554, vstest.console.dll, MetadataReaderExtensionsHelper: Discovering extensions inside assembly 'Microsoft.TestPlatform.TestHostRuntimeProvider, Version=15.0.0.0, Culture=neutral, PublicKeyToken=b03f5f7f11d50a3a' file path 'C:\Program Files\dotnet\sdk\6.0.401\Extensions\Microsoft.TestPlatform.TestHostRuntimeProvider.dll'
TpTrace Verbose: 0 : 15188, 1, 2022/12/03, 17:30:35.041, 15875031085604, vstest.console.dll, MetadataReaderExtensionsHelper: Discovering extensions inside assembly 'Microsoft.VisualStudio.TestPlatform.Extensions.Html.TestLogger, Version=15.0.0.0, Culture=neutral, PublicKeyToken=b03f5f7f11d50a3a' file path 'C:\Program Files\dotnet\sdk\6.0.401\Extensions\Microsoft.VisualStudio.TestPlatform.Extensions.Html.TestLogger.dll'
TpTrace Information: 0 : 15188, 1, 2022/12/03, 17:30:35.041, 15875031089903, vstest.console.dll, GetTestExtensionFromType: Register extension with identifier data 'logger://Microsoft/TestPlatform/HtmlLogger/v1' and type 'Microsoft.VisualStudio.TestPlatform.Extensions.HtmlLogger.HtmlLogger, Microsoft.VisualStudio.TestPlatform.Extensions.Html.TestLogger, Version=15.0.0.0, Culture=neutral, PublicKeyToken=b03f5f7f11d50a3a' inside file 'C:\Program Files\dotnet\sdk\6.0.401\Extensions\Microsoft.VisualStudio.TestPlatform.Extensions.Html.TestLogger.dll'
TpTrace Verbose: 0 : 15188, 1, 2022/12/03, 17:30:35.041, 15875031090556, vstest.console.dll, MetadataReaderExtensionsHelper: Discovering extensions inside assembly 'Microsoft.VisualStudio.TestPlatform.Extensions.Trx.TestLogger, Version=15.0.0.0, Culture=neutral, PublicKeyToken=b03f5f7f11d50a3a' file path 'C:\Program Files\dotnet\sdk\6.0.401\Extensions\Microsoft.VisualStudio.TestPlatform.Extensions.Trx.TestLogger.dll'
TpTrace Information: 0 : 15188, 1, 2022/12/03, 17:30:35.042, 15875031094924, vstest.console.dll, GetTestExtensionFromType: Register extension with identifier data 'logger://Microsoft/TestPlatform/TrxLogger/v1' and type 'Microsoft.VisualStudio.TestPlatform.Extensions.TrxLogger.TrxLogger, Microsoft.VisualStudio.TestPlatform.Extensions.Trx.TestLogger, Version=15.0.0.0, Culture=neutral, PublicKeyToken=b03f5f7f11d50a3a' inside file 'C:\Program Files\dotnet\sdk\6.0.401\Extensions\Microsoft.VisualStudio.TestPlatform.Extensions.Trx.TestLogger.dll'
TpTrace Verbose: 0 : 15188, 1, 2022/12/03, 17:30:35.042, 15875031095551, vstest.console.dll, TestPluginCache: Discovered the extensions using extension path ''.
TpTrace Verbose: 0 : 15188, 1, 2022/12/03, 17:30:35.042, 15875031095876, vstest.console.dll, TestPluginCache: Discoverers are ''.
TpTrace Verbose: 0 : 15188, 1, 2022/12/03, 17:30:35.042, 15875031096133, vstest.console.dll, TestPluginCache: Executors are ''.
TpTrace Verbose: 0 : 15188, 1, 2022/12/03, 17:30:35.042, 15875031096378, vstest.console.dll, TestPluginCache: Executors2 are ''.
TpTrace Verbose: 0 : 15188, 1, 2022/12/03, 17:30:35.042, 15875031096619, vstest.console.dll, TestPluginCache: Setting providers are ''.
TpTrace Verbose: 0 : 15188, 1, 2022/12/03, 17:30:35.042, 15875031097596, vstest.console.dll, TestPluginCache: Loggers are 'logger://Microsoft/TestPlatform/Extensions/Blame/v1,logger://Microsoft/TestPlatform/HtmlLogger/v1,logger://Microsoft/TestPlatform/TrxLogger/v1'.
TpTrace Verbose: 0 : 15188, 1, 2022/12/03, 17:30:35.042, 15875031098247, vstest.console.dll, TestPluginCache: TestHosts are 'HostProvider://DefaultTestHost,HostProvider://DotnetTestHost'.
TpTrace Verbose: 0 : 15188, 1, 2022/12/03, 17:30:35.042, 15875031098558, vstest.console.dll, TestPluginCache: DataCollectors are ''.
TpTrace Information: 0 : 15188, 1, 2022/12/03, 17:30:35.043, 15875031104412, vstest.console.dll, TestPluginManager.CreateTestExtension: Attempting to load test extension: Microsoft.TestPlatform.Extensions.BlameDataCollector.BlameLogger
TpTrace Verbose: 0 : 15188, 1, 2022/12/03, 17:30:35.047, 15875031145633, vstest.console.dll, TestEngine: Initializing Parallel Execution as MaxCpuCount is set to: 1
TpTrace Information: 0 : 15188, 1, 2022/12/03, 17:30:35.048, 15875031158313, vstest.console.dll, TestPluginManager.CreateTestExtension: Attempting to load test extension: Microsoft.VisualStudio.TestPlatform.CrossPlatEngine.Hosting.DefaultTestHostManager
TpTrace Information: 0 : 15188, 1, 2022/12/03, 17:30:35.049, 15875031165464, vstest.console.dll, TestPluginManager.CreateTestExtension: Attempting to load test extension: Microsoft.VisualStudio.TestPlatform.CrossPlatEngine.Hosting.DotnetTestHostManager
TpTrace Information: 0 : 15188, 1, 2022/12/03, 17:30:35.049, 15875031170135, vstest.console.dll, InferRunSettingsHelper.IsTestSettingsEnabled: Unable to navigate to RunSettings/MSTest. Current node: RunSettings
TpTrace Verbose: 0 : 15188, 1, 2022/12/03, 17:30:35.054, 15875031220753, vstest.console.dll, TestEngine.GetExecutionManager: Chosen execution manager 'Microsoft.VisualStudio.TestPlatform.CrossPlatEngine.Client.Parallel.ParallelProxyExecutionManager, Microsoft.TestPlatform.CrossPlatEngine, Version=15.0.0.0, Culture=neutral, PublicKeyToken=b03f5f7f11d50a3a' ParallelLevel '1'.
TpTrace Verbose: 0 : 15188, 1, 2022/12/03, 17:30:35.054, 15875031222493, vstest.console.dll, TestRunRequest.ExecuteAsync: Creating test run request.
TpTrace Verbose: 0 : 15188, 1, 2022/12/03, 17:30:35.055, 15875031224440, vstest.console.dll, TestRunRequest.ExecuteAsync: Starting.
TpTrace Information: 0 : 15188, 1, 2022/12/03, 17:30:35.055, 15875031227250, vstest.console.dll, TestRunRequest.ExecuteAsync: Starting run with settings:TestRunCriteria:
   KeepAlive=False,FrequencyOfRunStatsChangeEvent=10,RunStatsChangeEventTimeout=00:00:01.5000000,TestCaseFilter=,TestExecutorLauncher=
   Settingsxml=<RunSettings>
  <RunConfiguration>
    <ResultsDirectory>G:\Webstuff\CommerceWebthings\CommerceBankApp\BankAppTests\bin\Debug\net6.0\fine-code-coverage\coverage-tool-output</ResultsDirectory>
    <TargetPlatform>X64</TargetPlatform>
    <TargetFrameworkVersion>.NETCoreApp,Version=v6.0</TargetFrameworkVersion>
    <DesignMode>False</DesignMode>
    <CollectSourceInformation>False</CollectSourceInformation>
  </RunConfiguration>
  <LoggerRunSettings>
    <Loggers>
      <Logger friendlyName="blame" enabled="True" />
      <Logger friendlyName="Console" uri="logger://microsoft/TestPlatform/ConsoleLogger/v1" assemblyQualifiedName="Microsoft.VisualStudio.TestPlatform.CommandLine.Internal.ConsoleLogger, vstest.console, Version=15.0.0.0, Culture=neutral, PublicKeyToken=b03f5f7f11d50a3a" codeBase="C:\Program Files\dotnet\sdk\6.0.401\vstest.console.dll" enabled="True" />
    </Loggers>
  </LoggerRunSettings>
  <DataCollectionRunSettings>
    <DataCollectors>
      <DataCollector friendlyName="blame" enabled="True">
        <Configuration>
          <ResultsDirectory>G:\Webstuff\CommerceWebthings\CommerceBankApp\BankAppTests\bin\Debug\net6.0\fine-code-coverage\coverage-tool-output</ResultsDirectory>
        </Configuration>
      </DataCollector>
    </DataCollectors>
  </DataCollectionRunSettings>
</RunSettings>

TpTrace Verbose: 0 : 15188, 1, 2022/12/03, 17:30:35.055, 15875031227805, vstest.console.dll, TestRunRequest.ExecuteAsync: Wait for the first run request is over.
TpTrace Verbose: 0 : 15188, 1, 2022/12/03, 17:30:35.055, 15875031230178, vstest.console.dll, MulticastDelegateUtilities.SafeInvoke: TestRun.TestRunStart: Invoking callbacks was skipped because there are no subscribers.
TpTrace Verbose: 0 : 15188, 4, 2022/12/03, 17:30:35.055, 15875031232467, vstest.console.dll, MulticastDelegateUtilities.SafeInvoke: InternalTestLoggerEvents.SendTestRunStart: Invoking callback 1/1 for Microsoft.VisualStudio.TestPlatform.CommandLine.Internal.ConsoleLogger.TestRunStartHandler, took 0 ms.
TpTrace Verbose: 0 : 15188, 1, 2022/12/03, 17:30:35.056, 15875031239684, vstest.console.dll, ParallelProxyExecutionManager: Start execution. Total sources: 1
TpTrace Verbose: 0 : 15188, 1, 2022/12/03, 17:30:35.057, 15875031252957, vstest.console.dll, TestRequestSender is acting as server.
TpTrace Verbose: 0 : 15188, 1, 2022/12/03, 17:30:35.059, 15875031264629, vstest.console.dll, DataCollectionRequestSender.InitializeCommunication : Initialize communication. 
TpTrace Information: 0 : 15188, 1, 2022/12/03, 17:30:35.064, 15875031317463, vstest.console.dll, Listening on Endpoint : 127.0.0.1:64990
TpTrace Verbose: 0 : 15188, 1, 2022/12/03, 17:30:35.071, 15875031388295, vstest.console.dll, DotnetDataCollectionLauncher: Adding  --runtimeconfig "C:\Program Files\dotnet\sdk\6.0.401\datacollector.runtimeconfig.json" in args
TpTrace Verbose: 0 : 15188, 1, 2022/12/03, 17:30:35.071, 15875031389879, vstest.console.dll, DotnetDataCollectionLauncher: Adding  --depsfile "C:\Program Files\dotnet\sdk\6.0.401\datacollector.deps.json" in args
TpTrace Verbose: 0 : 15188, 1, 2022/12/03, 17:30:35.071, 15875031393039, vstest.console.dll, DotnetDataCollectionLauncher: Full path of dotnet.exe is C:\Program Files\dotnet\dotnet.exe
TpTrace Information: 0 : 15188, 1, 2022/12/03, 17:30:35.081, 15875031484219, vstest.console.dll, ProxyDataCollectionManager.Initialize: Launched datacollector processId: 27076 port: 64990
TpTrace Information: 0 : 15188, 1, 2022/12/03, 17:30:35.081, 15875031485877, vstest.console.dll, ProxyDataCollectionManager.Initialize: waiting for connection with timeout: 90 seconds
TpTrace Verbose: 0 : 15188, 1, 2022/12/03, 17:30:35.081, 15875031486592, vstest.console.dll, DataCollectionRequestSender.WaitForRequestHandlerConnection : Waiting for connection with timeout: 90000
TpTrace Information: 0 : 15188, 5, 2022/12/03, 17:30:35.198, 15875032660095, vstest.console.dll, Using the buffer size of 16384 bytes
TpTrace Verbose: 0 : 15188, 1, 2022/12/03, 17:30:35.198, 15875032660144, vstest.console.dll, SocketCommunicationManager.WaitForClientConnection took: 117 ms, with 90000 ms timeout, and finished with True.
TpTrace Information: 0 : 15188, 5, 2022/12/03, 17:30:35.198, 15875032661180, vstest.console.dll, Accepted Client request and set the flag
TpTrace Verbose: 0 : 15188, 1, 2022/12/03, 17:30:35.198, 15875032662125, vstest.console.dll, ProxyDataCollectionManager.InvokeDataCollectionServiceAction: Starting.
TpTrace Information: 0 : 15188, 1, 2022/12/03, 17:30:35.198, 15875032662829, vstest.console.dll, ProxyDataCollectionManager.BeforeTestRunStart: Get environment variable and port for datacollector processId: 27076 port: 64990
TpTrace Verbose: 0 : 15188, 1, 2022/12/03, 17:30:35.199, 15875032663791, vstest.console.dll, DataCollectionRequestSender.SendBeforeTestRunStartAndGetResult: Send BeforeTestRunStart message with settingsXml <RunSettings><RunConfiguration><ResultsDirectory>G:\Webstuff\CommerceWebthings\CommerceBankApp\BankAppTests\bin\Debug\net6.0\fine-code-coverage\coverage-tool-output</ResultsDirectory><TargetPlatform>X64</TargetPlatform><TargetFrameworkVersion>.NETCoreApp,Version=v6.0</TargetFrameworkVersion><DesignMode>False</DesignMode><CollectSourceInformation>False</CollectSourceInformation><TestAdaptersPaths>C:\Program Files\dotnet\sdk\6.0.401\Extensions</TestAdaptersPaths></RunConfiguration><LoggerRunSettings><Loggers><Logger friendlyName="blame" enabled="True" /><Logger friendlyName="Console" uri="logger://microsoft/TestPlatform/ConsoleLogger/v1" assemblyQualifiedName="Microsoft.VisualStudio.TestPlatform.CommandLine.Internal.ConsoleLogger, vstest.console, Version=15.0.0.0, Culture=neutral, PublicKeyToken=b03f5f7f11d50a3a" codeBase="C:\Program Files\dotnet\sdk\6.0.401\vstest.console.dll" enabled="True" /></Loggers></LoggerRunSettings><DataCollectionRunSettings><DataCollectors><DataCollector friendlyName="blame" enabled="True"><Configuration><ResultsDirectory>G:\Webstuff\CommerceWebthings\CommerceBankApp\BankAppTests\bin\Debug\net6.0\fine-code-coverage\coverage-tool-output</ResultsDirectory></Configuration></DataCollector></DataCollectors></DataCollectionRunSettings></RunSettings> and sources System.Collections.Generic.List`1[System.String]: 
TpTrace Verbose: 0 : 15188, 1, 2022/12/03, 17:30:35.251, 15875033186606, vstest.console.dll, DataCollectionRequestSender.SendBeforeTestRunStartAndGetResult: Received message: (DataCollection.SendMessage) -> {"MessageType":"DataCollection.SendMessage","Payload":{"FriendlyName":null,"Uri":null,"TestCaseId":"00000000-0000-0000-0000-000000000000","Message":"Logging DataCollector Diagnostics in file: G:\\Webstuff\\CommerceWebthings\\CommerceBankApp\\BankAppTests\\bin\\Debug\\net6.0\\fine-code-coverage\\coverage-tool-output\\diagnostics.datacollector.22-12-03_17-30-35_07119_1.log","Level":0}}
TpTrace Verbose: 0 : 15188, 1, 2022/12/03, 17:30:35.319, 15875033870764, vstest.console.dll, DataCollectionRequestSender.SendBeforeTestRunStartAndGetResult: Received message: (DataCollection.BeforeTestRunStartResult) -> {"MessageType":"DataCollection.BeforeTestRunStartResult","Payload":{"EnvironmentVariables":{},"DataCollectionEventsPort":64992}}
TpTrace Information: 0 : 15188, 1, 2022/12/03, 17:30:35.324, 15875033913159, vstest.console.dll, ProxyDataCollectionManager.BeforeTestRunStart: SendBeforeTestRunStartAndGetResult successful, env variable from datacollector:   and testhost port: 64992
TpTrace Information: 0 : 15188, 1, 2022/12/03, 17:30:35.324, 15875033914024, vstest.console.dll, ProxyDataCollectionManager.InvokeDataCollectionServiceAction: Completed.
TpTrace Verbose: 0 : 15188, 7, 2022/12/03, 17:30:35.324, 15875033914923, vstest.console.dll, ParallelProxyExecutionManager: Execution started. Started clients: 1
TpTrace Verbose: 0 : 15188, 1, 2022/12/03, 17:30:35.324, 15875033915266, vstest.console.dll, ProxyParallelExecutionManager: No sources available for execution.
TpTrace Information: 0 : 15188, 1, 2022/12/03, 17:30:35.324, 15875033915847, vstest.console.dll, TestRunRequest.ExecuteAsync: Started.
TpTrace Verbose: 0 : 15188, 1, 2022/12/03, 17:30:35.324, 15875033916430, vstest.console.dll, TestRunRequest.WaitForCompletion: Waiting with timeout -1.
TpTrace Verbose: 0 : 15188, 7, 2022/12/03, 17:30:35.324, 15875033917050, vstest.console.dll, TestRunRequest:SendTestRunMessage: Starting.
TpTrace Verbose: 0 : 15188, 7, 2022/12/03, 17:30:35.324, 15875033918199, vstest.console.dll, MulticastDelegateUtilities.SafeInvoke: TestRun.LogMessages: Invoking callback 1/1 for Microsoft.VisualStudio.TestPlatform.CommandLine.TestRunResultAggregator.TestRunMessageHandler, took 0 ms.
TpTrace Verbose: 0 : 15188, 4, 2022/12/03, 17:30:35.324, 15875033918253, vstest.console.dll, MulticastDelegateUtilities.SafeInvoke: InternalTestLoggerEvents.SendTestRunMessage: Invoking callback 1/1 for Microsoft.VisualStudio.TestPlatform.CommandLine.Internal.ConsoleLogger.TestMessageHandler, took 0 ms.
TpTrace Information: 0 : 15188, 7, 2022/12/03, 17:30:35.324, 15875033918646, vstest.console.dll, TestRunRequest:SendTestRunMessage: Completed.
TpTrace Verbose: 0 : 15188, 7, 2022/12/03, 17:30:35.324, 15875033920951, vstest.console.dll, ProxyExecutionManager: Test host is always Lazy initialize.
TpTrace Verbose: 0 : 15188, 7, 2022/12/03, 17:30:35.324, 15875033922647, vstest.console.dll, TestRequestSender.InitializeCommunication: initialize communication. 
TpTrace Information: 0 : 15188, 7, 2022/12/03, 17:30:35.325, 15875033927161, vstest.console.dll, SocketServer.Start: Listening on endpoint : 127.0.0.1:64993
TpTrace Verbose: 0 : 15188, 7, 2022/12/03, 17:30:35.325, 15875033931816, vstest.console.dll, DotnetTestHostmanager.GetTestHostProcessStartInfo: Platform environment 'X64' target architecture 'X64' framework '.NETCoreApp,Version=v6.0' OS 'Windows'
TpTrace Verbose: 0 : 15188, 7, 2022/12/03, 17:30:35.325, 15875033933047, vstest.console.dll, DotnetTestHostmanager: Adding  --runtimeconfig "G:\Webstuff\CommerceWebthings\CommerceBankApp\BankAppTests\bin\Debug\net6.0\fine-code-coverage\build-output\BankAppTests.runtimeconfig.json" in args
TpTrace Verbose: 0 : 15188, 7, 2022/12/03, 17:30:35.326, 15875033933609, vstest.console.dll, DotnetTestHostmanager: Adding  --depsfile "G:\Webstuff\CommerceWebthings\CommerceBankApp\BankAppTests\bin\Debug\net6.0\fine-code-coverage\build-output\BankAppTests.deps.json" in args
TpTrace Verbose: 0 : 15188, 7, 2022/12/03, 17:30:35.326, 15875033934874, vstest.console.dll, DotnetTestHostmanager.IsWinOnArm: Current PROCESSOR_ARCHITECTURE from environment variable 'AMD64'
TpTrace Verbose: 0 : 15188, 7, 2022/12/03, 17:30:35.326, 15875033935359, vstest.console.dll, DotnetTestHostmanager.IsWinOnArm: Is Windows on ARM 'False'
TpTrace Verbose: 0 : 15188, 7, 2022/12/03, 17:30:35.326, 15875033935830, vstest.console.dll, DotnetTestHostManager: testhost.exe found at path: G:\Webstuff\CommerceWebthings\CommerceBankApp\BankAppTests\bin\Debug\net6.0\fine-code-coverage\build-output\testhost.exe
TpTrace Verbose: 0 : 15188, 7, 2022/12/03, 17:30:35.326, 15875033936356, vstest.console.dll, DotnetTestHostmanager: Full path of host exe is G:\Webstuff\CommerceWebthings\CommerceBankApp\BankAppTests\bin\Debug\net6.0\fine-code-coverage\build-output\testhost.exe
TpTrace Verbose: 0 : 15188, 7, 2022/12/03, 17:30:35.326, 15875033937322, vstest.console.dll, DotnetTestHostmanager.LaunchTestHostAsync: Found 'VSTEST_WINAPPHOST_DOTNET_ROOT' in env variables, value 'C:\Program Files\dotnet', forwarding to 'DOTNET_ROOT'
TpTrace Verbose: 0 : 15188, 7, 2022/12/03, 17:30:35.326, 15875033938436, vstest.console.dll, DotnetTestHostManager: Starting process 'G:\Webstuff\CommerceWebthings\CommerceBankApp\BankAppTests\bin\Debug\net6.0\fine-code-coverage\build-output\testhost.exe' with command line ' --runtimeconfig "G:\Webstuff\CommerceWebthings\CommerceBankApp\BankAppTests\bin\Debug\net6.0\fine-code-coverage\build-output\BankAppTests.runtimeconfig.json" --depsfile "G:\Webstuff\CommerceWebthings\CommerceBankApp\BankAppTests\bin\Debug\net6.0\fine-code-coverage\build-output\BankAppTests.deps.json" --port 64993 --endpoint 127.0.0.1:064993 --role client --parentprocessid 15188 --diag "G:\Webstuff\CommerceWebthings\CommerceBankApp\BankAppTests\bin\Debug\net6.0\fine-code-coverage\coverage-tool-output\diagnostics.host.22-12-03_17-30-35_32565_7.log" --tracelevel 4 --datacollectionport 64992 --telemetryoptedin false'
TpTrace Verbose: 0 : 15188, 7, 2022/12/03, 17:30:35.331, 15875033990277, vstest.console.dll, MulticastDelegateUtilities.SafeInvoke: HostProviderEvents.OnHostLaunched: Invoking callback 1/2 for Microsoft.VisualStudio.TestPlatform.CrossPlatEngine.Client.ProxyExecutionManagerWithDataCollection.TestHostLaunchedHandler, took 1 ms.
TpTrace Verbose: 0 : 15188, 7, 2022/12/03, 17:30:35.331, 15875033991681, vstest.console.dll, Test Runtime launched
TpTrace Verbose: 0 : 15188, 7, 2022/12/03, 17:30:35.331, 15875033992311, vstest.console.dll, MulticastDelegateUtilities.SafeInvoke: HostProviderEvents.OnHostLaunched: Invoking callback 2/2 for Microsoft.VisualStudio.TestPlatform.CrossPlatEngine.Client.ProxyOperationManager.TestHostManagerHostLaunched, took 0 ms.
TpTrace Verbose: 0 : 15188, 7, 2022/12/03, 17:30:35.332, 15875033993889, vstest.console.dll, TestRequestSender.WaitForRequestHandlerConnection: waiting for connection with timeout: 90000.
TpTrace Verbose: 0 : 15188, 7, 2022/12/03, 17:30:35.480, 15875035476417, vstest.console.dll, TestRequestSender.WaitForRequestHandlerConnection: waiting took 148 ms, with timeout 90000 ms, and result 0, which is success.
TpTrace Verbose: 0 : 15188, 13, 2022/12/03, 17:30:35.480, 15875035476418, vstest.console.dll, MulticastDelegateUtilities.SafeInvoke: SocketServer: ClientConnected: Invoking callback 1/1 for Microsoft.VisualStudio.TestPlatform.CommunicationUtilities.TestRequestSender.<InitializeCommunication>b__24_0, took 0 ms.
TpTrace Verbose: 0 : 15188, 13, 2022/12/03, 17:30:35.480, 15875035478095, vstest.console.dll, SocketServer.OnClientConnected: Client connected for endPoint: 127.0.0.1:64993, starting MessageLoopAsync:
TpTrace Verbose: 0 : 15188, 13, 2022/12/03, 17:30:35.480, 15875035481343, vstest.console.dll, TcpClientExtensions.MessageLoopAsync: Polling on remoteEndPoint: 127.0.0.1:64994 localEndPoint: 127.0.0.1:64993
TpTrace Verbose: 0 : 15188, 7, 2022/12/03, 17:30:35.481, 15875035485766, vstest.console.dll, TestRequestSender.CheckVersionWithTestHost: Sending check version message: {"MessageType":"ProtocolVersion","Payload":7}
TpTrace Verbose: 0 : 15188, 13, 2022/12/03, 17:30:35.597, 15875036649059, vstest.console.dll, TcpClientExtensions.MessageLoopAsync: NotifyDataAvailable remoteEndPoint: 127.0.0.1:64994 localEndPoint: 127.0.0.1:64993
TpTrace Verbose: 0 : 15188, 13, 2022/12/03, 17:30:35.597, 15875036650739, vstest.console.dll, TestRequestSender.CheckVersionWithTestHost: onMessageReceived received message: (ProtocolVersion) -> {"MessageType":"ProtocolVersion","Payload":7}
TpTrace Verbose: 0 : 15188, 13, 2022/12/03, 17:30:35.598, 15875036654943, vstest.console.dll, MulticastDelegateUtilities.SafeInvoke: LengthPrefixCommunicationChannel: MessageReceived: Invoking callback 1/1 for Microsoft.VisualStudio.TestPlatform.CommunicationUtilities.TestRequestSender+<>c__DisplayClass26_0.<CheckVersionWithTestHost>b__0, took 0 ms.
TpTrace Verbose: 0 : 15188, 13, 2022/12/03, 17:30:35.598, 15875036655574, vstest.console.dll, TcpClientExtensions.MessageLoopAsync: Polling on remoteEndPoint: 127.0.0.1:64994 localEndPoint: 127.0.0.1:64993
TpTrace Verbose: 0 : 15188, 7, 2022/12/03, 17:30:35.598, 15875036655796, vstest.console.dll, TestPluginCache.GetExtensionPaths: Filtered extension paths: 
TpTrace Verbose: 0 : 15188, 7, 2022/12/03, 17:30:35.598, 15875036657322, vstest.console.dll, TestPluginCache.GetExtensionPaths: Added default extension paths: C:\Program Files\dotnet\sdk\6.0.401\Extensions\Microsoft.Diagnostics.NETCore.Client.dll
C:\Program Files\dotnet\sdk\6.0.401\Extensions\Microsoft.TestPlatform.Extensions.BlameDataCollector.dll
C:\Program Files\dotnet\sdk\6.0.401\Extensions\Microsoft.TestPlatform.Extensions.EventLogCollector.dll
C:\Program Files\dotnet\sdk\6.0.401\Extensions\Microsoft.TestPlatform.TestHostRuntimeProvider.dll
C:\Program Files\dotnet\sdk\6.0.401\Extensions\Microsoft.VisualStudio.TestPlatform.Extensions.Html.TestLogger.dll
C:\Program Files\dotnet\sdk\6.0.401\Extensions\Microsoft.VisualStudio.TestPlatform.Extensions.Trx.TestLogger.dll
TpTrace Verbose: 0 : 15188, 7, 2022/12/03, 17:30:35.598, 15875036657742, vstest.console.dll, TestPluginCache.GetExtensionPaths: Added unfilterableExtensionPaths: 
TpTrace Verbose: 0 : 15188, 7, 2022/12/03, 17:30:35.600, 15875036681721, vstest.console.dll, TestRequestSender.InitializeExecution: Sending initialize execution with message: {"Version":7,"MessageType":"TestExecution.Initialize","Payload":["G:\\Webstuff\\CommerceWebthings\\CommerceBankApp\\BankAppTests\\bin\\Debug\\net6.0\\fine-code-coverage\\build-output\\xunit.runner.visualstudio.dotnetcore.testadapter.dll"]}
TpTrace Warning: 0 : 15188, 7, 2022/12/03, 17:30:35.601, 15875036685038, vstest.console.dll, InferRunSettingsHelper.MakeRunsettingsCompatible: Removing the following settings: TargetPlatform from RunSettings file. To use those settings please move to latest version of Microsoft.NET.Test.Sdk
TpTrace Verbose: 0 : 15188, 13, 2022/12/03, 17:30:35.604, 15875036714248, vstest.console.dll, TcpClientExtensions.MessageLoopAsync: NotifyDataAvailable remoteEndPoint: 127.0.0.1:64994 localEndPoint: 127.0.0.1:64993
TpTrace Verbose: 0 : 15188, 13, 2022/12/03, 17:30:35.604, 15875036715867, vstest.console.dll, TestRequestSender.OnExecutionMessageReceived: Received message: {"Version":7,"MessageType":"TestSession.Message","Payload":{"MessageLevel":0,"Message":"Logging TestHost Diagnostics in file: G:\\Webstuff\\CommerceWebthings\\CommerceBankApp\\BankAppTests\\bin\\Debug\\net6.0\\fine-code-coverage\\coverage-tool-output\\diagnostics.host.22-12-03_17-30-35_32565_7.log"}}
TpTrace Verbose: 0 : 15188, 13, 2022/12/03, 17:30:35.606, 15875036741992, vstest.console.dll, TestRunRequest:SendTestRunMessage: Starting.
TpTrace Verbose: 0 : 15188, 13, 2022/12/03, 17:30:35.607, 15875036743291, vstest.console.dll, MulticastDelegateUtilities.SafeInvoke: TestRun.LogMessages: Invoking callback 1/1 for Microsoft.VisualStudio.TestPlatform.CommandLine.TestRunResultAggregator.TestRunMessageHandler, took 0 ms.
TpTrace Verbose: 0 : 15188, 4, 2022/12/03, 17:30:35.607, 15875036743636, vstest.console.dll, MulticastDelegateUtilities.SafeInvoke: InternalTestLoggerEvents.SendTestRunMessage: Invoking callback 1/1 for Microsoft.VisualStudio.TestPlatform.CommandLine.Internal.ConsoleLogger.TestMessageHandler, took 0 ms.
TpTrace Information: 0 : 15188, 13, 2022/12/03, 17:30:35.607, 15875036743870, vstest.console.dll, TestRunRequest:SendTestRunMessage: Completed.
TpTrace Verbose: 0 : 15188, 13, 2022/12/03, 17:30:35.607, 15875036745155, vstest.console.dll, MulticastDelegateUtilities.SafeInvoke: LengthPrefixCommunicationChannel: MessageReceived: Invoking callback 1/1 for Microsoft.VisualStudio.TestPlatform.CommunicationUtilities.TestRequestSender+<>c__DisplayClass31_0.<StartTestRun>b__1, took 2 ms.
TpTrace Verbose: 0 : 15188, 13, 2022/12/03, 17:30:35.607, 15875036745519, vstest.console.dll, TcpClientExtensions.MessageLoopAsync: Polling on remoteEndPoint: 127.0.0.1:64994 localEndPoint: 127.0.0.1:64993
TpTrace Verbose: 0 : 15188, 7, 2022/12/03, 17:30:35.610, 15875036776698, vstest.console.dll, TestRequestSender.StartTestRun: Sending test run with message: {"Version":7,"MessageType":"TestExecution.StartWithSources","Payload":{"AdapterSourceMap":{"_none_":["G:\\Webstuff\\CommerceWebthings\\CommerceBankApp\\BankAppTests\\bin\\Debug\\net6.0\\fine-code-coverage\\build-output\\BankAppTests.dll"]},"RunSettings":"<RunSettings>\r\n  <RunConfiguration>\r\n    <ResultsDirectory>G:\\Webstuff\\CommerceWebthings\\CommerceBankApp\\BankAppTests\\bin\\Debug\\net6.0\\fine-code-coverage\\coverage-tool-output</ResultsDirectory>\r\n    <TargetFrameworkVersion>.NETCoreApp,Version=v6.0</TargetFrameworkVersion>\r\n    <DesignMode>False</DesignMode>\r\n    <CollectSourceInformation>False</CollectSourceInformation>\r\n  </RunConfiguration>\r\n  <LoggerRunSettings>\r\n    <Loggers>\r\n      <Logger friendlyName=\"blame\" enabled=\"True\" />\r\n      <Logger friendlyName=\"Console\" uri=\"logger://microsoft/TestPlatform/ConsoleLogger/v1\" assemblyQualifiedName=\"Microsoft.VisualStudio.TestPlatform.CommandLine.Internal.ConsoleLogger, vstest.console, Version=15.0.0.0, Culture=neutral, PublicKeyToken=b03f5f7f11d50a3a\" codeBase=\"C:\\Program Files\\dotnet\\sdk\\6.0.401\\vstest.console.dll\" enabled=\"True\" />\r\n    </Loggers>\r\n  </LoggerRunSettings>\r\n  <DataCollectionRunSettings>\r\n    <DataCollectors>\r\n      <DataCollector friendlyName=\"blame\" enabled=\"True\">\r\n        <Configuration>\r\n          <ResultsDirectory>G:\\Webstuff\\CommerceWebthings\\CommerceBankApp\\BankAppTests\\bin\\Debug\\net6.0\\fine-code-coverage\\coverage-tool-output</ResultsDirectory>\r\n        </Configuration>\r\n      </DataCollector>\r\n    </DataCollectors>\r\n  </DataCollectionRunSettings>\r\n</RunSettings>","TestExecutionContext":{"FrequencyOfRunStatsChangeEvent":10,"RunStatsChangeEventTimeout":"00:00:01.5000000","InIsolation":false,"KeepAlive":false,"AreTestCaseLevelEventsRequired":false,"IsDebug":false,"TestCaseFilter":null,"FilterOptions":null},"Package":null}}
TpTrace Verbose: 0 : 15188, 13, 2022/12/03, 17:30:35.756, 15875038234350, vstest.console.dll, TcpClientExtensions.MessageLoopAsync: NotifyDataAvailable remoteEndPoint: 127.0.0.1:64994 localEndPoint: 127.0.0.1:64993
TpTrace Verbose: 0 : 15188, 13, 2022/12/03, 17:30:35.756, 15875038235680, vstest.console.dll, TestRequestSender.OnExecutionMessageReceived: Received message: {"Version":7,"MessageType":"TestSession.Message","Payload":{"MessageLevel":0,"Message":"[xUnit.net 00:00:00.00] xUnit.net VSTest Adapter v2.4.5+1caef2f33e (64-bit .NET 6.0.9)"}}
TpTrace Verbose: 0 : 15188, 13, 2022/12/03, 17:30:35.756, 15875038237689, vstest.console.dll, TestRunRequest:SendTestRunMessage: Starting.
TpTrace Verbose: 0 : 15188, 13, 2022/12/03, 17:30:35.756, 15875038238444, vstest.console.dll, MulticastDelegateUtilities.SafeInvoke: TestRun.LogMessages: Invoking callback 1/1 for Microsoft.VisualStudio.TestPlatform.CommandLine.TestRunResultAggregator.TestRunMessageHandler, took 0 ms.
TpTrace Information: 0 : 15188, 13, 2022/12/03, 17:30:35.756, 15875038238959, vstest.console.dll, TestRunRequest:SendTestRunMessage: Completed.
TpTrace Verbose: 0 : 15188, 4, 2022/12/03, 17:30:35.756, 15875038238624, vstest.console.dll, MulticastDelegateUtilities.SafeInvoke: InternalTestLoggerEvents.SendTestRunMessage: Invoking callback 1/1 for Microsoft.VisualStudio.TestPlatform.CommandLine.Internal.ConsoleLogger.TestMessageHandler, took 0 ms.
TpTrace Verbose: 0 : 15188, 13, 2022/12/03, 17:30:35.756, 15875038239467, vstest.console.dll, MulticastDelegateUtilities.SafeInvoke: LengthPrefixCommunicationChannel: MessageReceived: Invoking callback 1/1 for Microsoft.VisualStudio.TestPlatform.CommunicationUtilities.TestRequestSender+<>c__DisplayClass31_0.<StartTestRun>b__1, took 0 ms.
TpTrace Verbose: 0 : 15188, 13, 2022/12/03, 17:30:35.756, 15875038240336, vstest.console.dll, TcpClientExtensions.MessageLoopAsync: Polling on remoteEndPoint: 127.0.0.1:64994 localEndPoint: 127.0.0.1:64993
TpTrace Verbose: 0 : 15188, 13, 2022/12/03, 17:30:36.758, 15875048258051, vstest.console.dll, TcpClientExtensions.MessageLoopAsync: Polling on remoteEndPoint: 127.0.0.1:64994 localEndPoint: 127.0.0.1:64993
TpTrace Verbose: 0 : 15188, 13, 2022/12/03, 17:30:37.306, 15875053734095, vstest.console.dll, TcpClientExtensions.MessageLoopAsync: NotifyDataAvailable remoteEndPoint: 127.0.0.1:64994 localEndPoint: 127.0.0.1:64993
TpTrace Verbose: 0 : 15188, 13, 2022/12/03, 17:30:37.306, 15875053735258, vstest.console.dll, TestRequestSender.OnExecutionMessageReceived: Received message: {"Version":7,"MessageType":"TestSession.Message","Payload":{"MessageLevel":0,"Message":"[xUnit.net 00:00:01.55]   Discovering: BankAppTests"}}
TpTrace Verbose: 0 : 15188, 13, 2022/12/03, 17:30:37.306, 15875053736200, vstest.console.dll, TestRunRequest:SendTestRunMessage: Starting.
TpTrace Verbose: 0 : 15188, 13, 2022/12/03, 17:30:37.306, 15875053736788, vstest.console.dll, MulticastDelegateUtilities.SafeInvoke: TestRun.LogMessages: Invoking callback 1/1 for Microsoft.VisualStudio.TestPlatform.CommandLine.TestRunResultAggregator.TestRunMessageHandler, took 0 ms.
TpTrace Verbose: 0 : 15188, 4, 2022/12/03, 17:30:37.306, 15875053736895, vstest.console.dll, MulticastDelegateUtilities.SafeInvoke: InternalTestLoggerEvents.SendTestRunMessage: Invoking callback 1/1 for Microsoft.VisualStudio.TestPlatform.CommandLine.Internal.ConsoleLogger.TestMessageHandler, took 0 ms.
TpTrace Information: 0 : 15188, 13, 2022/12/03, 17:30:37.306, 15875053737402, vstest.console.dll, TestRunRequest:SendTestRunMessage: Completed.
TpTrace Verbose: 0 : 15188, 13, 2022/12/03, 17:30:37.306, 15875053738396, vstest.console.dll, MulticastDelegateUtilities.SafeInvoke: LengthPrefixCommunicationChannel: MessageReceived: Invoking callback 1/1 for Microsoft.VisualStudio.TestPlatform.CommunicationUtilities.TestRequestSender+<>c__DisplayClass31_0.<StartTestRun>b__1, took 0 ms.
TpTrace Verbose: 0 : 15188, 13, 2022/12/03, 17:30:37.306, 15875053739041, vstest.console.dll, TcpClientExtensions.MessageLoopAsync: Polling on remoteEndPoint: 127.0.0.1:64994 localEndPoint: 127.0.0.1:64993
TpTrace Verbose: 0 : 15188, 13, 2022/12/03, 17:30:37.344, 15875054115691, vstest.console.dll, TcpClientExtensions.MessageLoopAsync: NotifyDataAvailable remoteEndPoint: 127.0.0.1:64994 localEndPoint: 127.0.0.1:64993
TpTrace Verbose: 0 : 15188, 13, 2022/12/03, 17:30:37.344, 15875054117443, vstest.console.dll, TestRequestSender.OnExecutionMessageReceived: Received message: {"Version":7,"MessageType":"TestSession.Message","Payload":{"MessageLevel":0,"Message":"[xUnit.net 00:00:01.59]   Discovered:  BankAppTests"}}
TpTrace Verbose: 0 : 15188, 13, 2022/12/03, 17:30:37.344, 15875054118654, vstest.console.dll, TestRunRequest:SendTestRunMessage: Starting.
TpTrace Verbose: 0 : 15188, 13, 2022/12/03, 17:30:37.344, 15875054119461, vstest.console.dll, MulticastDelegateUtilities.SafeInvoke: TestRun.LogMessages: Invoking callback 1/1 for Microsoft.VisualStudio.TestPlatform.CommandLine.TestRunResultAggregator.TestRunMessageHandler, took 0 ms.
TpTrace Verbose: 0 : 15188, 4, 2022/12/03, 17:30:37.344, 15875054119694, vstest.console.dll, MulticastDelegateUtilities.SafeInvoke: InternalTestLoggerEvents.SendTestRunMessage: Invoking callback 1/1 for Microsoft.VisualStudio.TestPlatform.CommandLine.Internal.ConsoleLogger.TestMessageHandler, took 0 ms.
TpTrace Information: 0 : 15188, 13, 2022/12/03, 17:30:37.344, 15875054120574, vstest.console.dll, TestRunRequest:SendTestRunMessage: Completed.
TpTrace Verbose: 0 : 15188, 13, 2022/12/03, 17:30:37.344, 15875054121336, vstest.console.dll, MulticastDelegateUtilities.SafeInvoke: LengthPrefixCommunicationChannel: MessageReceived: Invoking callback 1/1 for Microsoft.VisualStudio.TestPlatform.CommunicationUtilities.TestRequestSender+<>c__DisplayClass31_0.<StartTestRun>b__1, took 0 ms.
TpTrace Verbose: 0 : 15188, 13, 2022/12/03, 17:30:37.344, 15875054121838, vstest.console.dll, TcpClientExtensions.MessageLoopAsync: Polling on remoteEndPoint: 127.0.0.1:64994 localEndPoint: 127.0.0.1:64993
TpTrace Verbose: 0 : 15188, 13, 2022/12/03, 17:30:37.346, 15875054136894, vstest.console.dll, TcpClientExtensions.MessageLoopAsync: NotifyDataAvailable remoteEndPoint: 127.0.0.1:64994 localEndPoint: 127.0.0.1:64993
TpTrace Verbose: 0 : 15188, 13, 2022/12/03, 17:30:37.346, 15875054137904, vstest.console.dll, TestRequestSender.OnExecutionMessageReceived: Received message: {"Version":7,"MessageType":"TestSession.Message","Payload":{"MessageLevel":0,"Message":"[xUnit.net 00:00:01.59]   Starting:    BankAppTests"}}
TpTrace Verbose: 0 : 15188, 13, 2022/12/03, 17:30:37.346, 15875054138783, vstest.console.dll, TestRunRequest:SendTestRunMessage: Starting.
TpTrace Verbose: 0 : 15188, 13, 2022/12/03, 17:30:37.346, 15875054139282, vstest.console.dll, MulticastDelegateUtilities.SafeInvoke: TestRun.LogMessages: Invoking callback 1/1 for Microsoft.VisualStudio.TestPlatform.CommandLine.TestRunResultAggregator.TestRunMessageHandler, took 0 ms.
TpTrace Information: 0 : 15188, 13, 2022/12/03, 17:30:37.346, 15875054139599, vstest.console.dll, TestRunRequest:SendTestRunMessage: Completed.
TpTrace Verbose: 0 : 15188, 4, 2022/12/03, 17:30:37.346, 15875054139756, vstest.console.dll, MulticastDelegateUtilities.SafeInvoke: InternalTestLoggerEvents.SendTestRunMessage: Invoking callback 1/1 for Microsoft.VisualStudio.TestPlatform.CommandLine.Internal.ConsoleLogger.TestMessageHandler, took 0 ms.
TpTrace Verbose: 0 : 15188, 13, 2022/12/03, 17:30:37.346, 15875054139936, vstest.console.dll, MulticastDelegateUtilities.SafeInvoke: LengthPrefixCommunicationChannel: MessageReceived: Invoking callback 1/1 for Microsoft.VisualStudio.TestPlatform.CommunicationUtilities.TestRequestSender+<>c__DisplayClass31_0.<StartTestRun>b__1, took 0 ms.
TpTrace Verbose: 0 : 15188, 13, 2022/12/03, 17:30:37.346, 15875054140770, vstest.console.dll, TcpClientExtensions.MessageLoopAsync: Polling on remoteEndPoint: 127.0.0.1:64994 localEndPoint: 127.0.0.1:64993
TpTrace Verbose: 0 : 15188, 13, 2022/12/03, 17:30:37.406, 15875054734831, vstest.console.dll, TcpClientExtensions.MessageLoopAsync: NotifyDataAvailable remoteEndPoint: 127.0.0.1:64994 localEndPoint: 127.0.0.1:64993
TpTrace Verbose: 0 : 15188, 13, 2022/12/03, 17:30:37.406, 15875054736246, vstest.console.dll, TestRequestSender.OnExecutionMessageReceived: Received message: {"Version":7,"MessageType":"TestExecution.StatsChange","Payload":{"NewTestResults":[],"TestRunStatistics":{"ExecutedTests":0,"Stats":{}},"ActiveTests":[{"Id":"e803bdf1-25b7-51be-4c0c-a2a1a8bca582","FullyQualifiedName":"BankAppTesting.Moq.PaymentControllerTests.Edit_IDisNull_ReturnsNotFoundResult","DisplayName":"BankAppTesting.Moq.PaymentControllerTests.Edit_IDisNull_ReturnsNotFoundResult","ExecutorUri":"executor://xunit/VsTestRunner2/netcoreapp","Source":"G:\\Webstuff\\CommerceWebthings\\CommerceBankApp\\BankAppTests\\bin\\Debug\\net6.0\\fine-code-coverage\\build-output\\BankAppTests.dll","CodeFilePath":null,"LineNumber":0,"Properties":[]}]}}
TpTrace Verbose: 0 : 15188, 13, 2022/12/03, 17:30:37.418, 15875054861521, vstest.console.dll, TestRunRequest:SendTestRunStatsChange: Starting.
TpTrace Verbose: 0 : 15188, 13, 2022/12/03, 17:30:37.419, 15875054863106, vstest.console.dll, InProgress is BankAppTesting.Moq.PaymentControllerTests.Edit_IDisNull_ReturnsNotFoundResult
TpTrace Verbose: 0 : 15188, 13, 2022/12/03, 17:30:37.419, 15875054864226, vstest.console.dll, MulticastDelegateUtilities.SafeInvoke: TestRun.RunStatsChanged: Invoking callbacks was skipped because there are no subscribers.
TpTrace Information: 0 : 15188, 13, 2022/12/03, 17:30:37.419, 15875054865317, vstest.console.dll, TestRunRequest:SendTestRunStatsChange: Completed.
TpTrace Verbose: 0 : 15188, 13, 2022/12/03, 17:30:37.419, 15875054865888, vstest.console.dll, MulticastDelegateUtilities.SafeInvoke: LengthPrefixCommunicationChannel: MessageReceived: Invoking callback 1/1 for Microsoft.VisualStudio.TestPlatform.CommunicationUtilities.TestRequestSender+<>c__DisplayClass31_0.<StartTestRun>b__1, took 12 ms.
TpTrace Verbose: 0 : 15188, 13, 2022/12/03, 17:30:37.419, 15875054866377, vstest.console.dll, TcpClientExtensions.MessageLoopAsync: Polling on remoteEndPoint: 127.0.0.1:64994 localEndPoint: 127.0.0.1:64993
TpTrace Verbose: 0 : 15188, 13, 2022/12/03, 17:30:38.335, 15875064031163, vstest.console.dll, TcpClientExtensions.MessageLoopAsync: NotifyDataAvailable remoteEndPoint: 127.0.0.1:64994 localEndPoint: 127.0.0.1:64993
TpTrace Verbose: 0 : 15188, 13, 2022/12/03, 17:30:38.336, 15875064033603, vstest.console.dll, TestRequestSender.OnExecutionMessageReceived: Received message: {"Version":7,"MessageType":"TestExecution.StatsChange","Payload":{"NewTestResults":[{"TestCase":{"Id":"e803bdf1-25b7-51be-4c0c-a2a1a8bca582","FullyQualifiedName":"BankAppTesting.Moq.PaymentControllerTests.Edit_IDisNull_ReturnsNotFoundResult","DisplayName":"BankAppTesting.Moq.PaymentControllerTests.Edit_IDisNull_ReturnsNotFoundResult","ExecutorUri":"executor://xunit/VsTestRunner2/netcoreapp","Source":"G:\\Webstuff\\CommerceWebthings\\CommerceBankApp\\BankAppTests\\bin\\Debug\\net6.0\\fine-code-coverage\\build-output\\BankAppTests.dll","CodeFilePath":null,"LineNumber":0,"Properties":[]},"Attachments":[],"Outcome":1,"ErrorMessage":null,"ErrorStackTrace":null,"DisplayName":"BankAppTesting.Moq.PaymentControllerTests.Edit_IDisNull_ReturnsNotFoundResult","Messages":[],"ComputerName":"DESKTOP-IFVBF71","Duration":"00:00:00.2375661","StartTime":"2022-12-03T23:30:37.639725+00:00","EndTime":"2022-12-03T23:30:37.6397553+00:00","Properties":[]},{"TestCase":{"Id":"36c9f87f-b857-c50e-3e59-89b1ab2f42c1","FullyQualifiedName":"BankAppTesting.Moq.PaymentControllerTests.Delete_IDisNull_ReturnsNotFoundResult","DisplayName":"BankAppTesting.Moq.PaymentControllerTests.Delete_IDisNull_ReturnsNotFoundResult","ExecutorUri":"executor://xunit/VsTestRunner2/netcoreapp","Source":"G:\\Webstuff\\CommerceWebthings\\CommerceBankApp\\BankAppTests\\bin\\Debug\\net6.0\\fine-code-coverage\\build-output\\BankAppTests.dll","CodeFilePath":null,"LineNumber":0,"Properties":[]},"Attachments":[],"Outcome":1,"ErrorMessage":null,"ErrorStackTrace":null,"DisplayName":"BankAppTesting.Moq.PaymentControllerTests.Delete_IDisNull_ReturnsNotFoundResult","Messages":[],"ComputerName":"DESKTOP-IFVBF71","Duration":"00:00:00.0024313","StartTime":"2022-12-03T23:30:37.6678352+00:00","EndTime":"2022-12-03T23:30:37.6678354+00:00","Properties":[]},{"TestCase":{"Id":"73a1ef32-bcc0-e076-3218-9cf27714ac9a","FullyQualifiedName":"BankAppTesting.Moq.PaymentInfoControllerTests.Create_ActionExecutes_ReturnsViewForCreate","DisplayName":"BankAppTesting.Moq.PaymentInfoControllerTests.Create_ActionExecutes_ReturnsViewForCreate","ExecutorUri":"executor://xunit/VsTestRunner2/netcoreapp","Source":"G:\\Webstuff\\CommerceWebthings\\CommerceBankApp\\BankAppTests\\bin\\Debug\\net6.0\\fine-code-coverage\\build-output\\BankAppTests.dll","CodeFilePath":null,"LineNumber":0,"Properties":[]},"Attachments":[],"Outcome":1,"ErrorMessage":null,"ErrorStackTrace":null,"DisplayName":"BankAppTesting.Moq.PaymentInfoControllerTests.Create_ActionExecutes_ReturnsViewForCreate","Messages":[],"ComputerName":"DESKTOP-IFVBF71","Duration":"00:00:00.2825703","StartTime":"2022-12-03T23:30:37.6800426+00:00","EndTime":"2022-12-03T23:30:37.6800429+00:00","Properties":[]},{"TestCase":{"Id":"73f86ad7-063d-98fa-dd7f-876907026721","FullyQualifiedName":"BankAppTesting.Moq.PaymentInfoControllerTests.EditFull_IDisInvalid_ReturnsNotFoundResult","DisplayName":"BankAppTesting.Moq.PaymentInfoControllerTests.EditFull_IDisInvalid_ReturnsNotFoundResult","ExecutorUri":"executor://xunit/VsTestRunner2/netcoreapp","Source":"G:\\Webstuff\\CommerceWebthings\\CommerceBankApp\\BankAppTests\\bin\\Debug\\net6.0\\fine-code-coverage\\build-output\\BankAppTests.dll","CodeFilePath":null,"LineNumber":0,"Properties":[]},"Attachments":[],"Outcome":1,"ErrorMessage":null,"ErrorStackTrace":null,"DisplayName":"BankAppTesting.Moq.PaymentInfoControllerTests.EditFull_IDisInvalid_ReturnsNotFoundResult","Messages":[],"ComputerName":"DESKTOP-IFVBF71","Duration":"00:00:00.6213483","StartTime":"2022-12-03T23:30:38.3015206+00:00","EndTime":"2022-12-03T23:30:38.3015208+00:00","Properties":[]},{"TestCase":{"Id":"30ef07eb-1147-a9bd-bdb2-f04010fa0785","FullyQualifiedName":"BankAppTesting.Moq.OrganizationControllerTests.Edit_OrgisNull_ReturnsNotFoundResult","DisplayName":"BankAppTesting.Moq.OrganizationControllerTests.Edit_OrgisNull_ReturnsNotFoundResult","ExecutorUri":"executor://xunit/VsTestRunner2/netcoreapp","Source":"G:\\Webstuff\\CommerceWebthings\\CommerceBankApp\\BankAppTests\\bin\\Debug\\net6.0\\fine-code-coverage\\build-output\\BankAppTests.dll","CodeFilePath":null,"LineNumber":0,"Properties":[]},"Attachments":[],"Outcome":1,"ErrorMessage":null,"ErrorStackTrace":null,"DisplayName":"BankAppTesting.Moq.OrganizationControllerTests.Edit_OrgisNull_ReturnsNotFoundResult","Messages":[],"ComputerName":"DESKTOP-IFVBF71","Duration":"00:00:00.9253997","StartTime":"2022-12-03T23:30:38.3228247+00:00","EndTime":"2022-12-03T23:30:38.322825+00:00","Properties":[]},{"TestCase":{"Id":"76d39e52-1b13-1532-4c44-778bda888d5e","FullyQualifiedName":"BankAppTesting.Moq.PaymentInfoControllerTests.EditFull_ActionExecutes_ReturnsRedirectResultForEdit","DisplayName":"BankAppTesting.Moq.PaymentInfoControllerTests.EditFull_ActionExecutes_ReturnsRedirectResultForEdit","ExecutorUri":"executor://xunit/VsTestRunner2/netcoreapp","Source":"G:\\Webstuff\\CommerceWebthings\\CommerceBankApp\\BankAppTests\\bin\\Debug\\net6.0\\fine-code-coverage\\build-output\\BankAppTests.dll","CodeFilePath":null,"LineNumber":0,"Properties":[]},"Attachments":[],"Outcome":1,"ErrorMessage":null,"ErrorStackTrace":null,"DisplayName":"BankAppTesting.Moq.PaymentInfoControllerTests.EditFull_ActionExecutes_ReturnsRedirectResultForEdit","Messages":[],"ComputerName":"DESKTOP-IFVBF71","Duration":"00:00:00.0232230","StartTime":"2022-12-03T23:30:38.3247901+00:00","EndTime":"2022-12-03T23:30:38.3247905+00:00","Properties":[]}],"TestRunStatistics":{"ExecutedTests":6,"Stats":{"Passed":6}},"ActiveTests":[{"Id":"c0ea7962-aca1-de45-883b-ae65eed1fd38","FullyQualifiedName":"BankAppTesting.Moq.PaymentInfo2ControllerTests.Index_ActionExecutes_ReturnsViewForIndex","DisplayName":"BankAppTesting.Moq.PaymentInfo2ControllerTests.Index_ActionExecutes_ReturnsViewForIndex","ExecutorUri":"executor://xunit/VsTestRunner2/netcoreapp","Source":"G:\\Webstuff\\CommerceWebthings\\CommerceBankApp\\BankAppTests\\bin\\Debug\\net6.0\\fine-code-coverage\\build-output\\BankAppTests.dll","CodeFilePath":null,"LineNumber":0,"Properties":[]},{"Id":"43e49fc0-ed74-30d5-89e7-ca3061cd6cb4","FullyQualifiedName":"BankAppTesting.Moq.PaymentControllerTests.Details_IDisFound_ReturnsViewResult","DisplayName":"BankAppTesting.Moq.PaymentControllerTests.Details_IDisFound_ReturnsViewResult","ExecutorUri":"executor://xunit/VsTestRunner2/netcoreapp","Source":"G:\\Webstuff\\CommerceWebthings\\CommerceBankApp\\BankAppTests\\bin\\Debug\\net6.0\\fine-code-coverage\\build-output\\BankAppTests.dll","CodeFilePath":null,"LineNumber":0,"Properties":[]},{"Id":"5ad7a72e-03db-1e16-5231-55a87a2e42be","FullyQualifiedName":"BankAppTesting.Moq.OrganizationControllerTests.EditFull_ActionExecutes_ReturnsRedirectToActionResultForEdit","DisplayName":"BankAppTesting.Moq.OrganizationControllerTests.EditFull_ActionExecutes_ReturnsRedirectToActionResultForEdit","ExecutorUri":"executor://xunit/VsTestRunner2/netcoreapp","Source":"G:\\Webstuff\\CommerceWebthings\\CommerceBankApp\\BankAppTests\\bin\\Debug\\net6.0\\fine-code-coverage\\build-output\\BankAppTests.dll","CodeFilePath":null,"LineNumber":0,"Properties":[]},{"Id":"fb781354-0298-1b33-574d-2650a81b5053","FullyQualifiedName":"BankAppTesting.Moq.PaymentInfoControllerTests.CreateAsync_ModelStateisValid_ReturnsRedirectResultForCreate","DisplayName":"BankAppTesting.Moq.PaymentInfoControllerTests.CreateAsync_ModelStateisValid_ReturnsRedirectResultForCreate","ExecutorUri":"executor://xunit/VsTestRunner2/netcoreapp","Source":"G:\\Webstuff\\CommerceWebthings\\CommerceBankApp\\BankAppTests\\bin\\Debug\\net6.0\\fine-code-coverage\\build-output\\BankAppTests.dll","CodeFilePath":null,"LineNumber":0,"Properties":[]}]}}
TpTrace Verbose: 0 : 15188, 13, 2022/12/03, 17:30:38.343, 15875064109281, vstest.console.dll, TestRunRequest:SendTestRunStatsChange: Starting.
TpTrace Verbose: 0 : 15188, 13, 2022/12/03, 17:30:38.343, 15875064110351, vstest.console.dll, InProgress is BankAppTesting.Moq.PaymentInfo2ControllerTests.Index_ActionExecutes_ReturnsViewForIndex
TpTrace Verbose: 0 : 15188, 13, 2022/12/03, 17:30:38.343, 15875064110872, vstest.console.dll, InProgress is BankAppTesting.Moq.PaymentControllerTests.Details_IDisFound_ReturnsViewResult
TpTrace Verbose: 0 : 15188, 13, 2022/12/03, 17:30:38.343, 15875064111319, vstest.console.dll, InProgress is BankAppTesting.Moq.OrganizationControllerTests.EditFull_ActionExecutes_ReturnsRedirectToActionResultForEdit
TpTrace Verbose: 0 : 15188, 13, 2022/12/03, 17:30:38.343, 15875064111728, vstest.console.dll, InProgress is BankAppTesting.Moq.PaymentInfoControllerTests.CreateAsync_ModelStateisValid_ReturnsRedirectResultForCreate
TpTrace Verbose: 0 : 15188, 13, 2022/12/03, 17:30:38.344, 15875064113733, vstest.console.dll, MulticastDelegateUtilities.SafeInvoke: TestRun.RunStatsChanged: Invoking callbacks was skipped because there are no subscribers.
TpTrace Information: 0 : 15188, 13, 2022/12/03, 17:30:38.344, 15875064114134, vstest.console.dll, TestRunRequest:SendTestRunStatsChange: Completed.
TpTrace Verbose: 0 : 15188, 13, 2022/12/03, 17:30:38.344, 15875064114524, vstest.console.dll, MulticastDelegateUtilities.SafeInvoke: LengthPrefixCommunicationChannel: MessageReceived: Invoking callback 1/1 for Microsoft.VisualStudio.TestPlatform.CommunicationUtilities.TestRequestSender+<>c__DisplayClass31_0.<StartTestRun>b__1, took 8 ms.
TpTrace Verbose: 0 : 15188, 13, 2022/12/03, 17:30:38.344, 15875064114920, vstest.console.dll, TcpClientExtensions.MessageLoopAsync: Polling on remoteEndPoint: 127.0.0.1:64994 localEndPoint: 127.0.0.1:64993
TpTrace Verbose: 0 : 15188, 4, 2022/12/03, 17:30:38.351, 15875064189117, vstest.console.dll, MulticastDelegateUtilities.SafeInvoke: InternalTestLoggerEvents.SendTestResult: Invoking callback 1/1 for Microsoft.VisualStudio.TestPlatform.CommandLine.Internal.ConsoleLogger.TestResultHandler, took 7 ms.
TpTrace Verbose: 0 : 15188, 4, 2022/12/03, 17:30:38.351, 15875064190370, vstest.console.dll, MulticastDelegateUtilities.SafeInvoke: InternalTestLoggerEvents.SendTestResult: Invoking callback 1/1 for Microsoft.VisualStudio.TestPlatform.CommandLine.Internal.ConsoleLogger.TestResultHandler, took 0 ms.
TpTrace Verbose: 0 : 15188, 4, 2022/12/03, 17:30:38.351, 15875064190918, vstest.console.dll, MulticastDelegateUtilities.SafeInvoke: InternalTestLoggerEvents.SendTestResult: Invoking callback 1/1 for Microsoft.VisualStudio.TestPlatform.CommandLine.Internal.ConsoleLogger.TestResultHandler, took 0 ms.
TpTrace Verbose: 0 : 15188, 4, 2022/12/03, 17:30:38.351, 15875064191381, vstest.console.dll, MulticastDelegateUtilities.SafeInvoke: InternalTestLoggerEvents.SendTestResult: Invoking callback 1/1 for Microsoft.VisualStudio.TestPlatform.CommandLine.Internal.ConsoleLogger.TestResultHandler, took 0 ms.
TpTrace Verbose: 0 : 15188, 4, 2022/12/03, 17:30:38.351, 15875064191843, vstest.console.dll, MulticastDelegateUtilities.SafeInvoke: InternalTestLoggerEvents.SendTestResult: Invoking callback 1/1 for Microsoft.VisualStudio.TestPlatform.CommandLine.Internal.ConsoleLogger.TestResultHandler, took 0 ms.
TpTrace Verbose: 0 : 15188, 4, 2022/12/03, 17:30:38.351, 15875064192363, vstest.console.dll, MulticastDelegateUtilities.SafeInvoke: InternalTestLoggerEvents.SendTestResult: Invoking callback 1/1 for Microsoft.VisualStudio.TestPlatform.CommandLine.Internal.ConsoleLogger.TestResultHandler, took 0 ms.
TpTrace Verbose: 0 : 15188, 13, 2022/12/03, 17:30:38.358, 15875064256406, vstest.console.dll, TcpClientExtensions.MessageLoopAsync: NotifyDataAvailable remoteEndPoint: 127.0.0.1:64994 localEndPoint: 127.0.0.1:64993
TpTrace Verbose: 0 : 15188, 13, 2022/12/03, 17:30:38.358, 15875064258778, vstest.console.dll, TestRequestSender.OnExecutionMessageReceived: Received message: {"Version":7,"MessageType":"TestExecution.StatsChange","Payload":{"NewTestResults":[{"TestCase":{"Id":"fb781354-0298-1b33-574d-2650a81b5053","FullyQualifiedName":"BankAppTesting.Moq.PaymentInfoControllerTests.CreateAsync_ModelStateisValid_ReturnsRedirectResultForCreate","DisplayName":"BankAppTesting.Moq.PaymentInfoControllerTests.CreateAsync_ModelStateisValid_ReturnsRedirectResultForCreate","ExecutorUri":"executor://xunit/VsTestRunner2/netcoreapp","Source":"G:\\Webstuff\\CommerceWebthings\\CommerceBankApp\\BankAppTests\\bin\\Debug\\net6.0\\fine-code-coverage\\build-output\\BankAppTests.dll","CodeFilePath":null,"LineNumber":0,"Properties":[]},"Attachments":[],"Outcome":1,"ErrorMessage":null,"ErrorStackTrace":null,"DisplayName":"BankAppTesting.Moq.PaymentInfoControllerTests.CreateAsync_ModelStateisValid_ReturnsRedirectResultForCreate","Messages":[],"ComputerName":"DESKTOP-IFVBF71","Duration":"00:00:00.0009656","StartTime":"2022-12-03T23:30:38.3405864+00:00","EndTime":"2022-12-03T23:30:38.3405865+00:00","Properties":[]},{"TestCase":{"Id":"c0ea7962-aca1-de45-883b-ae65eed1fd38","FullyQualifiedName":"BankAppTesting.Moq.PaymentInfo2ControllerTests.Index_ActionExecutes_ReturnsViewForIndex","DisplayName":"BankAppTesting.Moq.PaymentInfo2ControllerTests.Index_ActionExecutes_ReturnsViewForIndex","ExecutorUri":"executor://xunit/VsTestRunner2/netcoreapp","Source":"G:\\Webstuff\\CommerceWebthings\\CommerceBankApp\\BankAppTests\\bin\\Debug\\net6.0\\fine-code-coverage\\build-output\\BankAppTests.dll","CodeFilePath":null,"LineNumber":0,"Properties":[]},"Attachments":[],"Outcome":1,"ErrorMessage":null,"ErrorStackTrace":null,"DisplayName":"BankAppTesting.Moq.PaymentInfo2ControllerTests.Index_ActionExecutes_ReturnsViewForIndex","Messages":[],"ComputerName":"DESKTOP-IFVBF71","Duration":"00:00:00.9342332","StartTime":"2022-12-03T23:30:38.3427493+00:00","EndTime":"2022-12-03T23:30:38.3427494+00:00","Properties":[]},{"TestCase":{"Id":"b94cc281-6cf9-b5d4-9dc0-b1ca9273118f","FullyQualifiedName":"BankAppTesting.Moq.PaymentInfoControllerTests.Edit_ActionExecutes_ReturnsViewResultForEdit","DisplayName":"BankAppTesting.Moq.PaymentInfoControllerTests.Edit_ActionExecutes_ReturnsViewResultForEdit","ExecutorUri":"executor://xunit/VsTestRunner2/netcoreapp","Source":"G:\\Webstuff\\CommerceWebthings\\CommerceBankApp\\BankAppTests\\bin\\Debug\\net6.0\\fine-code-coverage\\build-output\\BankAppTests.dll","CodeFilePath":null,"LineNumber":0,"Properties":[]},"Attachments":[],"Outcome":1,"ErrorMessage":null,"ErrorStackTrace":null,"DisplayName":"BankAppTesting.Moq.PaymentInfoControllerTests.Edit_ActionExecutes_ReturnsViewResultForEdit","Messages":[],"ComputerName":"DESKTOP-IFVBF71","Duration":"00:00:00.0057763","StartTime":"2022-12-03T23:30:38.3439646+00:00","EndTime":"2022-12-03T23:30:38.3439647+00:00","Properties":[]},{"TestCase":{"Id":"3a337c7b-c7e5-6898-66d9-b0e1d7e94d21","FullyQualifiedName":"BankAppTesting.Moq.PaymentInfoControllerTests.DeleteConfirmed_ActionExecutes_ReturnsRedirectResultForDeleteConfirmed","DisplayName":"BankAppTesting.Moq.PaymentInfoControllerTests.DeleteConfirmed_ActionExecutes_ReturnsRedirectResultForDeleteConfirmed","ExecutorUri":"executor://xunit/VsTestRunner2/netcoreapp","Source":"G:\\Webstuff\\CommerceWebthings\\CommerceBankApp\\BankAppTests\\bin\\Debug\\net6.0\\fine-code-coverage\\build-output\\BankAppTests.dll","CodeFilePath":null,"LineNumber":0,"Properties":[]},"Attachments":[],"Outcome":1,"ErrorMessage":null,"ErrorStackTrace":null,"DisplayName":"BankAppTesting.Moq.PaymentInfoControllerTests.DeleteConfirmed_ActionExecutes_ReturnsRedirectResultForDeleteConfirmed","Messages":[],"ComputerName":"DESKTOP-IFVBF71","Duration":"00:00:00.0179783","StartTime":"2022-12-03T23:30:38.3497748+00:00","EndTime":"2022-12-03T23:30:38.349775+00:00","Properties":[]},{"TestCase":{"Id":"819ded94-7433-2296-7faf-dfd42e553a6d","FullyQualifiedName":"BankAppTesting.Moq.PaymentInfoControllerTests.Delete_IDisNull_ReturnsNotFoundResult","DisplayName":"BankAppTesting.Moq.PaymentInfoControllerTests.Delete_IDisNull_ReturnsNotFoundResult","ExecutorUri":"executor://xunit/VsTestRunner2/netcoreapp","Source":"G:\\Webstuff\\CommerceWebthings\\CommerceBankApp\\BankAppTests\\bin\\Debug\\net6.0\\fine-code-coverage\\build-output\\BankAppTests.dll","CodeFilePath":null,"LineNumber":0,"Properties":[]},"Attachments":[],"Outcome":1,"ErrorMessage":null,"ErrorStackTrace":null,"DisplayName":"BankAppTesting.Moq.PaymentInfoControllerTests.Delete_IDisNull_ReturnsNotFoundResult","Messages":[],"ComputerName":"DESKTOP-IFVBF71","Duration":"00:00:00.0020200","StartTime":"2022-12-03T23:30:38.351883+00:00","EndTime":"2022-12-03T23:30:38.3518831+00:00","Properties":[]},{"TestCase":{"Id":"9c034e83-8c7f-12e4-9ebe-9853bc4a5892","FullyQualifiedName":"BankAppTesting.Moq.PaymentInfoControllerTests.Details_IDisNull_ReturnsNotFoundResult","DisplayName":"BankAppTesting.Moq.PaymentInfoControllerTests.Details_IDisNull_ReturnsNotFoundResult","ExecutorUri":"executor://xunit/VsTestRunner2/netcoreapp","Source":"G:\\Webstuff\\CommerceWebthings\\CommerceBankApp\\BankAppTests\\bin\\Debug\\net6.0\\fine-code-coverage\\build-output\\BankAppTests.dll","CodeFilePath":null,"LineNumber":0,"Properties":[]},"Attachments":[],"Outcome":1,"ErrorMessage":null,"ErrorStackTrace":null,"DisplayName":"BankAppTesting.Moq.PaymentInfoControllerTests.Details_IDisNull_ReturnsNotFoundResult","Messages":[],"ComputerName":"DESKTOP-IFVBF71","Duration":"00:00:00.0016932","StartTime":"2022-12-03T23:30:38.3536545+00:00","EndTime":"2022-12-03T23:30:38.3536547+00:00","Properties":[]},{"TestCase":{"Id":"5ad7a72e-03db-1e16-5231-55a87a2e42be","FullyQualifiedName":"BankAppTesting.Moq.OrganizationControllerTests.EditFull_ActionExecutes_ReturnsRedirectToActionResultForEdit","DisplayName":"BankAppTesting.Moq.OrganizationControllerTests.EditFull_ActionExecutes_ReturnsRedirectToActionResultForEdit","ExecutorUri":"executor://xunit/VsTestRunner2/netcoreapp","Source":"G:\\Webstuff\\CommerceWebthings\\CommerceBankApp\\BankAppTests\\bin\\Debug\\net6.0\\fine-code-coverage\\build-output\\BankAppTests.dll","CodeFilePath":null,"LineNumber":0,"Properties":[]},"Attachments":[],"Outcome":1,"ErrorMessage":null,"ErrorStackTrace":null,"DisplayName":"BankAppTesting.Moq.OrganizationControllerTests.EditFull_ActionExecutes_ReturnsRedirectToActionResultForEdit","Messages":[],"ComputerName":"DESKTOP-IFVBF71","Duration":"00:00:00.0317106","StartTime":"2022-12-03T23:30:38.3552651+00:00","EndTime":"2022-12-03T23:30:38.3552652+00:00","Properties":[]}],"TestRunStatistics":{"ExecutedTests":13,"Stats":{"Passed":13}},"ActiveTests":[{"Id":"e61d6647-afd2-70de-f6ae-586dfd139516","FullyQualifiedName":"BankAppTesting.Moq.PaymentInfo2ControllerTests.Edit_ActionExecutes_ReturnsViewResultForEdit","DisplayName":"BankAppTesting.Moq.PaymentInfo2ControllerTests.Edit_ActionExecutes_ReturnsViewResultForEdit","ExecutorUri":"executor://xunit/VsTestRunner2/netcoreapp","Source":"G:\\Webstuff\\CommerceWebthings\\CommerceBankApp\\BankAppTests\\bin\\Debug\\net6.0\\fine-code-coverage\\build-output\\BankAppTests.dll","CodeFilePath":null,"LineNumber":0,"Properties":[]},{"Id":"e996da30-6799-86a0-0351-0dfae5a17d66","FullyQualifiedName":"BankAppTesting.Moq.PaymentInfoControllerTests.Delete_ActionExecutes_ReturnsViewResultForDelete","DisplayName":"BankAppTesting.Moq.PaymentInfoControllerTests.Delete_ActionExecutes_ReturnsViewResultForDelete","ExecutorUri":"executor://xunit/VsTestRunner2/netcoreapp","Source":"G:\\Webstuff\\CommerceWebthings\\CommerceBankApp\\BankAppTests\\bin\\Debug\\net6.0\\fine-code-coverage\\build-output\\BankAppTests.dll","CodeFilePath":null,"LineNumber":0,"Properties":[]},{"Id":"5d712483-567c-d234-4743-fcdf3982d568","FullyQualifiedName":"BankAppTesting.Moq.OrganizationControllerTests.ShowSearchResults_ActionExecutes_ReturnsViewForShowSearchResults","DisplayName":"BankAppTesting.Moq.OrganizationControllerTests.ShowSearchResults_ActionExecutes_ReturnsViewForShowSearchResults","ExecutorUri":"executor://xunit/VsTestRunner2/netcoreapp","Source":"G:\\Webstuff\\CommerceWebthings\\CommerceBankApp\\BankAppTests\\bin\\Debug\\net6.0\\fine-code-coverage\\build-output\\BankAppTests.dll","CodeFilePath":null,"LineNumber":0,"Properties":[]}]}}
TpTrace Verbose: 0 : 15188, 13, 2022/12/03, 17:30:38.359, 15875064267618, vstest.console.dll, TestRunRequest:SendTestRunStatsChange: Starting.
TpTrace Verbose: 0 : 15188, 13, 2022/12/03, 17:30:38.359, 15875064268266, vstest.console.dll, InProgress is BankAppTesting.Moq.PaymentInfo2ControllerTests.Edit_ActionExecutes_ReturnsViewResultForEdit
TpTrace Verbose: 0 : 15188, 13, 2022/12/03, 17:30:38.359, 15875064268639, vstest.console.dll, InProgress is BankAppTesting.Moq.PaymentInfoControllerTests.Delete_ActionExecutes_ReturnsViewResultForDelete
TpTrace Verbose: 0 : 15188, 13, 2022/12/03, 17:30:38.359, 15875064268986, vstest.console.dll, InProgress is BankAppTesting.Moq.OrganizationControllerTests.ShowSearchResults_ActionExecutes_ReturnsViewForShowSearchResults
TpTrace Verbose: 0 : 15188, 13, 2022/12/03, 17:30:38.359, 15875064269741, vstest.console.dll, MulticastDelegateUtilities.SafeInvoke: TestRun.RunStatsChanged: Invoking callbacks was skipped because there are no subscribers.
TpTrace Information: 0 : 15188, 13, 2022/12/03, 17:30:38.359, 15875064270159, vstest.console.dll, TestRunRequest:SendTestRunStatsChange: Completed.
TpTrace Verbose: 0 : 15188, 4, 2022/12/03, 17:30:38.359, 15875064270201, vstest.console.dll, MulticastDelegateUtilities.SafeInvoke: InternalTestLoggerEvents.SendTestResult: Invoking callback 1/1 for Microsoft.VisualStudio.TestPlatform.CommandLine.Internal.ConsoleLogger.TestResultHandler, took 0 ms.
TpTrace Verbose: 0 : 15188, 13, 2022/12/03, 17:30:38.359, 15875064270578, vstest.console.dll, MulticastDelegateUtilities.SafeInvoke: LengthPrefixCommunicationChannel: MessageReceived: Invoking callback 1/1 for Microsoft.VisualStudio.TestPlatform.CommunicationUtilities.TestRequestSender+<>c__DisplayClass31_0.<StartTestRun>b__1, took 1 ms.
TpTrace Verbose: 0 : 15188, 4, 2022/12/03, 17:30:38.359, 15875064271221, vstest.console.dll, MulticastDelegateUtilities.SafeInvoke: InternalTestLoggerEvents.SendTestResult: Invoking callback 1/1 for Microsoft.VisualStudio.TestPlatform.CommandLine.Internal.ConsoleLogger.TestResultHandler, took 0 ms.
TpTrace Verbose: 0 : 15188, 13, 2022/12/03, 17:30:38.359, 15875064271486, vstest.console.dll, TcpClientExtensions.MessageLoopAsync: Polling on remoteEndPoint: 127.0.0.1:64994 localEndPoint: 127.0.0.1:64993
TpTrace Verbose: 0 : 15188, 4, 2022/12/03, 17:30:38.359, 15875064272100, vstest.console.dll, MulticastDelegateUtilities.SafeInvoke: InternalTestLoggerEvents.SendTestResult: Invoking callback 1/1 for Microsoft.VisualStudio.TestPlatform.CommandLine.Internal.ConsoleLogger.TestResultHandler, took 0 ms.
TpTrace Verbose: 0 : 15188, 4, 2022/12/03, 17:30:38.359, 15875064272956, vstest.console.dll, MulticastDelegateUtilities.SafeInvoke: InternalTestLoggerEvents.SendTestResult: Invoking callback 1/1 for Microsoft.VisualStudio.TestPlatform.CommandLine.Internal.ConsoleLogger.TestResultHandler, took 0 ms.
TpTrace Verbose: 0 : 15188, 4, 2022/12/03, 17:30:38.360, 15875064273463, vstest.console.dll, MulticastDelegateUtilities.SafeInvoke: InternalTestLoggerEvents.SendTestResult: Invoking callback 1/1 for Microsoft.VisualStudio.TestPlatform.CommandLine.Internal.ConsoleLogger.TestResultHandler, took 0 ms.
TpTrace Verbose: 0 : 15188, 4, 2022/12/03, 17:30:38.360, 15875064273947, vstest.console.dll, MulticastDelegateUtilities.SafeInvoke: InternalTestLoggerEvents.SendTestResult: Invoking callback 1/1 for Microsoft.VisualStudio.TestPlatform.CommandLine.Internal.ConsoleLogger.TestResultHandler, took 0 ms.
TpTrace Verbose: 0 : 15188, 4, 2022/12/03, 17:30:38.360, 15875064274754, vstest.console.dll, MulticastDelegateUtilities.SafeInvoke: InternalTestLoggerEvents.SendTestResult: Invoking callback 1/1 for Microsoft.VisualStudio.TestPlatform.CommandLine.Internal.ConsoleLogger.TestResultHandler, took 0 ms.
TpTrace Verbose: 0 : 15188, 13, 2022/12/03, 17:30:38.400, 15875064676916, vstest.console.dll, TcpClientExtensions.MessageLoopAsync: NotifyDataAvailable remoteEndPoint: 127.0.0.1:64994 localEndPoint: 127.0.0.1:64993
TpTrace Verbose: 0 : 15188, 13, 2022/12/03, 17:30:38.400, 15875064679367, vstest.console.dll, TestRequestSender.OnExecutionMessageReceived: Received message: {"Version":7,"MessageType":"TestExecution.StatsChange","Payload":{"NewTestResults":[{"TestCase":{"Id":"e61d6647-afd2-70de-f6ae-586dfd139516","FullyQualifiedName":"BankAppTesting.Moq.PaymentInfo2ControllerTests.Edit_ActionExecutes_ReturnsViewResultForEdit","DisplayName":"BankAppTesting.Moq.PaymentInfo2ControllerTests.Edit_ActionExecutes_ReturnsViewResultForEdit","ExecutorUri":"executor://xunit/VsTestRunner2/netcoreapp","Source":"G:\\Webstuff\\CommerceWebthings\\CommerceBankApp\\BankAppTests\\bin\\Debug\\net6.0\\fine-code-coverage\\build-output\\BankAppTests.dll","CodeFilePath":null,"LineNumber":0,"Properties":[]},"Attachments":[],"Outcome":1,"ErrorMessage":null,"ErrorStackTrace":null,"DisplayName":"BankAppTesting.Moq.PaymentInfo2ControllerTests.Edit_ActionExecutes_ReturnsViewResultForEdit","Messages":[],"ComputerName":"DESKTOP-IFVBF71","Duration":"00:00:00.0265664","StartTime":"2022-12-03T23:30:38.3592927+00:00","EndTime":"2022-12-03T23:30:38.3592928+00:00","Properties":[]},{"TestCase":{"Id":"74102da9-8557-dabb-fdac-a799ccb3927c","FullyQualifiedName":"BankAppTesting.Moq.PaymentInfo2ControllerTests.Delete_IDisNull_ReturnsNotFoundResult","DisplayName":"BankAppTesting.Moq.PaymentInfo2ControllerTests.Delete_IDisNull_ReturnsNotFoundResult","ExecutorUri":"executor://xunit/VsTestRunner2/netcoreapp","Source":"G:\\Webstuff\\CommerceWebthings\\CommerceBankApp\\BankAppTests\\bin\\Debug\\net6.0\\fine-code-coverage\\build-output\\BankAppTests.dll","CodeFilePath":null,"LineNumber":0,"Properties":[]},"Attachments":[],"Outcome":1,"ErrorMessage":null,"ErrorStackTrace":null,"DisplayName":"BankAppTesting.Moq.PaymentInfo2ControllerTests.Delete_IDisNull_ReturnsNotFoundResult","Messages":[],"ComputerName":"DESKTOP-IFVBF71","Duration":"00:00:00.0017649","StartTime":"2022-12-03T23:30:38.361249+00:00","EndTime":"2022-12-03T23:30:38.3612491+00:00","Properties":[]},{"TestCase":{"Id":"062192e4-0d06-ad83-fd4f-45ae74cc4337","FullyQualifiedName":"BankAppTesting.Moq.PaymentInfo2ControllerTests.EditFull_IDisInvalid_ReturnsNotFoundResult","DisplayName":"BankAppTesting.Moq.PaymentInfo2ControllerTests.EditFull_IDisInvalid_ReturnsNotFoundResult","ExecutorUri":"executor://xunit/VsTestRunner2/netcoreapp","Source":"G:\\Webstuff\\CommerceWebthings\\CommerceBankApp\\BankAppTests\\bin\\Debug\\net6.0\\fine-code-coverage\\build-output\\BankAppTests.dll","CodeFilePath":null,"LineNumber":0,"Properties":[]},"Attachments":[],"Outcome":1,"ErrorMessage":null,"ErrorStackTrace":null,"DisplayName":"BankAppTesting.Moq.PaymentInfo2ControllerTests.EditFull_IDisInvalid_ReturnsNotFoundResult","Messages":[],"ComputerName":"DESKTOP-IFVBF71","Duration":"00:00:00.0023080","StartTime":"2022-12-03T23:30:38.3629515+00:00","EndTime":"2022-12-03T23:30:38.3629516+00:00","Properties":[]},{"TestCase":{"Id":"86d65be4-1176-04b0-a388-a060742e179b","FullyQualifiedName":"BankAppTesting.Moq.PaymentInfo2ControllerTests.Edit_IDisNull_ReturnsNotFoundResult","DisplayName":"BankAppTesting.Moq.PaymentInfo2ControllerTests.Edit_IDisNull_ReturnsNotFoundResult","ExecutorUri":"executor://xunit/VsTestRunner2/netcoreapp","Source":"G:\\Webstuff\\CommerceWebthings\\CommerceBankApp\\BankAppTests\\bin\\Debug\\net6.0\\fine-code-coverage\\build-output\\BankAppTests.dll","CodeFilePath":null,"LineNumber":0,"Properties":[]},"Attachments":[],"Outcome":1,"ErrorMessage":null,"ErrorStackTrace":null,"DisplayName":"BankAppTesting.Moq.PaymentInfo2ControllerTests.Edit_IDisNull_ReturnsNotFoundResult","Messages":[],"ComputerName":"DESKTOP-IFVBF71","Duration":"00:00:00.0006556","StartTime":"2022-12-03T23:30:38.3645045+00:00","EndTime":"2022-12-03T23:30:38.3645046+00:00","Properties":[]},{"TestCase":{"Id":"5d712483-567c-d234-4743-fcdf3982d568","FullyQualifiedName":"BankAppTesting.Moq.OrganizationControllerTests.ShowSearchResults_ActionExecutes_ReturnsViewForShowSearchResults","DisplayName":"BankAppTesting.Moq.OrganizationControllerTests.ShowSearchResults_ActionExecutes_ReturnsViewForShowSearchResults","ExecutorUri":"executor://xunit/VsTestRunner2/netcoreapp","Source":"G:\\Webstuff\\CommerceWebthings\\CommerceBankApp\\BankAppTests\\bin\\Debug\\net6.0\\fine-code-coverage\\build-output\\BankAppTests.dll","CodeFilePath":null,"LineNumber":0,"Properties":[]},"Attachments":[],"Outcome":1,"ErrorMessage":null,"ErrorStackTrace":null,"DisplayName":"BankAppTesting.Moq.OrganizationControllerTests.ShowSearchResults_ActionExecutes_ReturnsViewForShowSearchResults","Messages":[],"ComputerName":"DESKTOP-IFVBF71","Duration":"00:00:00.0293396","StartTime":"2022-12-03T23:30:38.3840211+00:00","EndTime":"2022-12-03T23:30:38.3840214+00:00","Properties":[]},{"TestCase":{"Id":"2d22838c-e669-d6ed-9907-bf5056bb4dde","FullyQualifiedName":"BankAppTesting.Moq.OrganizationControllerTests.ShowSearchForm_ActionExecutes_ReturnsViewForShowSearchForm","DisplayName":"BankAppTesting.Moq.OrganizationControllerTests.ShowSearchForm_ActionExecutes_ReturnsViewForShowSearchForm","ExecutorUri":"executor://xunit/VsTestRunner2/netcoreapp","Source":"G:\\Webstuff\\CommerceWebthings\\CommerceBankApp\\BankAppTests\\bin\\Debug\\net6.0\\fine-code-coverage\\build-output\\BankAppTests.dll","CodeFilePath":null,"LineNumber":0,"Properties":[]},"Attachments":[],"Outcome":1,"ErrorMessage":null,"ErrorStackTrace":null,"DisplayName":"BankAppTesting.Moq.OrganizationControllerTests.ShowSearchForm_ActionExecutes_ReturnsViewForShowSearchForm","Messages":[],"ComputerName":"DESKTOP-IFVBF71","Duration":"00:00:00.0007948","StartTime":"2022-12-03T23:30:38.3857279+00:00","EndTime":"2022-12-03T23:30:38.385728+00:00","Properties":[]},{"TestCase":{"Id":"11fb1265-64d3-6e67-b21e-b980e9b76cc1","FullyQualifiedName":"BankAppTesting.Moq.OrganizationControllerTests.CreateAsync_ModelStateisValid_ReturnsRedirectToActionResultForCreate","DisplayName":"BankAppTesting.Moq.OrganizationControllerTests.CreateAsync_ModelStateisValid_ReturnsRedirectToActionResultForCreate","ExecutorUri":"executor://xunit/VsTestRunner2/netcoreapp","Source":"G:\\Webstuff\\CommerceWebthings\\CommerceBankApp\\BankAppTests\\bin\\Debug\\net6.0\\fine-code-coverage\\build-output\\BankAppTests.dll","CodeFilePath":null,"LineNumber":0,"Properties":[]},"Attachments":[],"Outcome":1,"ErrorMessage":null,"ErrorStackTrace":null,"DisplayName":"BankAppTesting.Moq.OrganizationControllerTests.CreateAsync_ModelStateisValid_ReturnsRedirectToActionResultForCreate","Messages":[],"ComputerName":"DESKTOP-IFVBF71","Duration":"00:00:00.0008538","StartTime":"2022-12-03T23:30:38.3875252+00:00","EndTime":"2022-12-03T23:30:38.3875254+00:00","Properties":[]},{"TestCase":{"Id":"2b30d238-0ef2-8fa1-7e54-1377a9943dad","FullyQualifiedName":"BankAppTesting.Moq.OrganizationControllerTests.EditFull_ModelisInvalid_ReturnsViewResultForEdit","DisplayName":"BankAppTesting.Moq.OrganizationControllerTests.EditFull_ModelisInvalid_ReturnsViewResultForEdit","ExecutorUri":"executor://xunit/VsTestRunner2/netcoreapp","Source":"G:\\Webstuff\\CommerceWebthings\\CommerceBankApp\\BankAppTests\\bin\\Debug\\net6.0\\fine-code-coverage\\build-output\\BankAppTests.dll","CodeFilePath":null,"LineNumber":0,"Properties":[]},"Attachments":[],"Outcome":1,"ErrorMessage":null,"ErrorStackTrace":null,"DisplayName":"BankAppTesting.Moq.OrganizationControllerTests.EditFull_ModelisInvalid_ReturnsViewResultForEdit","Messages":[],"ComputerName":"DESKTOP-IFVBF71","Duration":"00:00:00.0011194","StartTime":"2022-12-03T23:30:38.39877+00:00","EndTime":"2022-12-03T23:30:38.3987701+00:00","Properties":[]}],"TestRunStatistics":{"ExecutedTests":21,"Stats":{"Passed":21}},"ActiveTests":[{"Id":"a761bf09-b18d-dd0f-dad7-40ddc0f4308d","FullyQualifiedName":"BankAppTesting.Moq.PaymentInfo2ControllerTests.Details_IDisFound_ReturnsViewResult","DisplayName":"BankAppTesting.Moq.PaymentInfo2ControllerTests.Details_IDisFound_ReturnsViewResult","ExecutorUri":"executor://xunit/VsTestRunner2/netcoreapp","Source":"G:\\Webstuff\\CommerceWebthings\\CommerceBankApp\\BankAppTests\\bin\\Debug\\net6.0\\fine-code-coverage\\build-output\\BankAppTests.dll","CodeFilePath":null,"LineNumber":0,"Properties":[]},{"Id":"985b939a-2b5b-8798-6cd4-46ec9e912f8a","FullyQualifiedName":"BankAppTesting.Moq.OrganizationControllerTests.Details_IDisNull_ReturnsNotFoundResult","DisplayName":"BankAppTesting.Moq.OrganizationControllerTests.Details_IDisNull_ReturnsNotFoundResult","ExecutorUri":"executor://xunit/VsTestRunner2/netcoreapp","Source":"G:\\Webstuff\\CommerceWebthings\\CommerceBankApp\\BankAppTests\\bin\\Debug\\net6.0\\fine-code-coverage\\build-output\\BankAppTests.dll","CodeFilePath":null,"LineNumber":0,"Properties":[]}]}}
TpTrace Verbose: 0 : 15188, 13, 2022/12/03, 17:30:38.401, 15875064685583, vstest.console.dll, TestRunRequest:SendTestRunStatsChange: Starting.
TpTrace Verbose: 0 : 15188, 13, 2022/12/03, 17:30:38.401, 15875064686118, vstest.console.dll, InProgress is BankAppTesting.Moq.PaymentInfo2ControllerTests.Details_IDisFound_ReturnsViewResult
TpTrace Verbose: 0 : 15188, 13, 2022/12/03, 17:30:38.401, 15875064686493, vstest.console.dll, InProgress is BankAppTesting.Moq.OrganizationControllerTests.Details_IDisNull_ReturnsNotFoundResult
TpTrace Verbose: 0 : 15188, 13, 2022/12/03, 17:30:38.401, 15875064687088, vstest.console.dll, MulticastDelegateUtilities.SafeInvoke: TestRun.RunStatsChanged: Invoking callbacks was skipped because there are no subscribers.
TpTrace Information: 0 : 15188, 13, 2022/12/03, 17:30:38.401, 15875064687461, vstest.console.dll, TestRunRequest:SendTestRunStatsChange: Completed.
TpTrace Verbose: 0 : 15188, 13, 2022/12/03, 17:30:38.401, 15875064687872, vstest.console.dll, MulticastDelegateUtilities.SafeInvoke: LengthPrefixCommunicationChannel: MessageReceived: Invoking callback 1/1 for Microsoft.VisualStudio.TestPlatform.CommunicationUtilities.TestRequestSender+<>c__DisplayClass31_0.<StartTestRun>b__1, took 0 ms.
TpTrace Verbose: 0 : 15188, 13, 2022/12/03, 17:30:38.401, 15875064688373, vstest.console.dll, TcpClientExtensions.MessageLoopAsync: Polling on remoteEndPoint: 127.0.0.1:64994 localEndPoint: 127.0.0.1:64993
TpTrace Verbose: 0 : 15188, 4, 2022/12/03, 17:30:38.403, 15875064703611, vstest.console.dll, MulticastDelegateUtilities.SafeInvoke: InternalTestLoggerEvents.SendTestResult: Invoking callback 1/1 for Microsoft.VisualStudio.TestPlatform.CommandLine.Internal.ConsoleLogger.TestResultHandler, took 1 ms.
TpTrace Verbose: 0 : 15188, 4, 2022/12/03, 17:30:38.403, 15875064704623, vstest.console.dll, MulticastDelegateUtilities.SafeInvoke: InternalTestLoggerEvents.SendTestResult: Invoking callback 1/1 for Microsoft.VisualStudio.TestPlatform.CommandLine.Internal.ConsoleLogger.TestResultHandler, took 0 ms.
TpTrace Verbose: 0 : 15188, 4, 2022/12/03, 17:30:38.403, 15875064705232, vstest.console.dll, MulticastDelegateUtilities.SafeInvoke: InternalTestLoggerEvents.SendTestResult: Invoking callback 1/1 for Microsoft.VisualStudio.TestPlatform.CommandLine.Internal.ConsoleLogger.TestResultHandler, took 0 ms.
TpTrace Verbose: 0 : 15188, 4, 2022/12/03, 17:30:38.403, 15875064705945, vstest.console.dll, MulticastDelegateUtilities.SafeInvoke: InternalTestLoggerEvents.SendTestResult: Invoking callback 1/1 for Microsoft.VisualStudio.TestPlatform.CommandLine.Internal.ConsoleLogger.TestResultHandler, took 0 ms.
TpTrace Verbose: 0 : 15188, 4, 2022/12/03, 17:30:38.403, 15875064706483, vstest.console.dll, MulticastDelegateUtilities.SafeInvoke: InternalTestLoggerEvents.SendTestResult: Invoking callback 1/1 for Microsoft.VisualStudio.TestPlatform.CommandLine.Internal.ConsoleLogger.TestResultHandler, took 0 ms.
TpTrace Verbose: 0 : 15188, 4, 2022/12/03, 17:30:38.403, 15875064706877, vstest.console.dll, MulticastDelegateUtilities.SafeInvoke: InternalTestLoggerEvents.SendTestResult: Invoking callback 1/1 for Microsoft.VisualStudio.TestPlatform.CommandLine.Internal.ConsoleLogger.TestResultHandler, took 0 ms.
TpTrace Verbose: 0 : 15188, 4, 2022/12/03, 17:30:38.403, 15875064707454, vstest.console.dll, MulticastDelegateUtilities.SafeInvoke: InternalTestLoggerEvents.SendTestResult: Invoking callback 1/1 for Microsoft.VisualStudio.TestPlatform.CommandLine.Internal.ConsoleLogger.TestResultHandler, took 0 ms.
TpTrace Verbose: 0 : 15188, 4, 2022/12/03, 17:30:38.403, 15875064707997, vstest.console.dll, MulticastDelegateUtilities.SafeInvoke: InternalTestLoggerEvents.SendTestResult: Invoking callback 1/1 for Microsoft.VisualStudio.TestPlatform.CommandLine.Internal.ConsoleLogger.TestResultHandler, took 0 ms.
TpTrace Verbose: 0 : 15188, 13, 2022/12/03, 17:30:38.410, 15875064779283, vstest.console.dll, TcpClientExtensions.MessageLoopAsync: NotifyDataAvailable remoteEndPoint: 127.0.0.1:64994 localEndPoint: 127.0.0.1:64993
TpTrace Verbose: 0 : 15188, 13, 2022/12/03, 17:30:38.410, 15875064781780, vstest.console.dll, TestRequestSender.OnExecutionMessageReceived: Received message: {"Version":7,"MessageType":"TestExecution.StatsChange","Payload":{"NewTestResults":[{"TestCase":{"Id":"985b939a-2b5b-8798-6cd4-46ec9e912f8a","FullyQualifiedName":"BankAppTesting.Moq.OrganizationControllerTests.Details_IDisNull_ReturnsNotFoundResult","DisplayName":"BankAppTesting.Moq.OrganizationControllerTests.Details_IDisNull_ReturnsNotFoundResult","ExecutorUri":"executor://xunit/VsTestRunner2/netcoreapp","Source":"G:\\Webstuff\\CommerceWebthings\\CommerceBankApp\\BankAppTests\\bin\\Debug\\net6.0\\fine-code-coverage\\build-output\\BankAppTests.dll","CodeFilePath":null,"LineNumber":0,"Properties":[]},"Attachments":[],"Outcome":1,"ErrorMessage":null,"ErrorStackTrace":null,"DisplayName":"BankAppTesting.Moq.OrganizationControllerTests.Details_IDisNull_ReturnsNotFoundResult","Messages":[],"ComputerName":"DESKTOP-IFVBF71","Duration":"00:00:00.0109511","StartTime":"2022-12-03T23:30:38.401196+00:00","EndTime":"2022-12-03T23:30:38.4011961+00:00","Properties":[]},{"TestCase":{"Id":"79498f69-d929-8f8d-be5c-581a87a755ef","FullyQualifiedName":"BankAppTesting.Moq.OrganizationControllerTests.Edit_ActionExecutes_ReturnsViewResultForEdit","DisplayName":"BankAppTesting.Moq.OrganizationControllerTests.Edit_ActionExecutes_ReturnsViewResultForEdit","ExecutorUri":"executor://xunit/VsTestRunner2/netcoreapp","Source":"G:\\Webstuff\\CommerceWebthings\\CommerceBankApp\\BankAppTests\\bin\\Debug\\net6.0\\fine-code-coverage\\build-output\\BankAppTests.dll","CodeFilePath":null,"LineNumber":0,"Properties":[]},"Attachments":[],"Outcome":1,"ErrorMessage":null,"ErrorStackTrace":null,"DisplayName":"BankAppTesting.Moq.OrganizationControllerTests.Edit_ActionExecutes_ReturnsViewResultForEdit","Messages":[],"ComputerName":"DESKTOP-IFVBF71","Duration":"00:00:00.0011183","StartTime":"2022-12-03T23:30:38.4027041+00:00","EndTime":"2022-12-03T23:30:38.4027042+00:00","Properties":[]},{"TestCase":{"Id":"4ca549a3-ab01-0cf8-d8f4-6c76f158641c","FullyQualifiedName":"BankAppTesting.Moq.OrganizationControllerTests.Edit_IDisNull_ReturnsNotFoundResult","DisplayName":"BankAppTesting.Moq.OrganizationControllerTests.Edit_IDisNull_ReturnsNotFoundResult","ExecutorUri":"executor://xunit/VsTestRunner2/netcoreapp","Source":"G:\\Webstuff\\CommerceWebthings\\CommerceBankApp\\BankAppTests\\bin\\Debug\\net6.0\\fine-code-coverage\\build-output\\BankAppTests.dll","CodeFilePath":null,"LineNumber":0,"Properties":[]},"Attachments":[],"Outcome":1,"ErrorMessage":null,"ErrorStackTrace":null,"DisplayName":"BankAppTesting.Moq.OrganizationControllerTests.Edit_IDisNull_ReturnsNotFoundResult","Messages":[],"ComputerName":"DESKTOP-IFVBF71","Duration":"00:00:00.0004761","StartTime":"2022-12-03T23:30:38.4042135+00:00","EndTime":"2022-12-03T23:30:38.4042136+00:00","Properties":[]},{"TestCase":{"Id":"a761bf09-b18d-dd0f-dad7-40ddc0f4308d","FullyQualifiedName":"BankAppTesting.Moq.PaymentInfo2ControllerTests.Details_IDisFound_ReturnsViewResult","DisplayName":"BankAppTesting.Moq.PaymentInfo2ControllerTests.Details_IDisFound_ReturnsViewResult","ExecutorUri":"executor://xunit/VsTestRunner2/netcoreapp","Source":"G:\\Webstuff\\CommerceWebthings\\CommerceBankApp\\BankAppTests\\bin\\Debug\\net6.0\\fine-code-coverage\\build-output\\BankAppTests.dll","CodeFilePath":null,"LineNumber":0,"Properties":[]},"Attachments":[],"Outcome":1,"ErrorMessage":null,"ErrorStackTrace":null,"DisplayName":"BankAppTesting.Moq.PaymentInfo2ControllerTests.Details_IDisFound_ReturnsViewResult","Messages":[],"ComputerName":"DESKTOP-IFVBF71","Duration":"00:00:00.0422579","StartTime":"2022-12-03T23:30:38.4056173+00:00","EndTime":"2022-12-03T23:30:38.4056175+00:00","Properties":[]},{"TestCase":{"Id":"e996da30-6799-86a0-0351-0dfae5a17d66","FullyQualifiedName":"BankAppTesting.Moq.PaymentInfoControllerTests.Delete_ActionExecutes_ReturnsViewResultForDelete","DisplayName":"BankAppTesting.Moq.PaymentInfoControllerTests.Delete_ActionExecutes_ReturnsViewResultForDelete","ExecutorUri":"executor://xunit/VsTestRunner2/netcoreapp","Source":"G:\\Webstuff\\CommerceWebthings\\CommerceBankApp\\BankAppTests\\bin\\Debug\\net6.0\\fine-code-coverage\\build-output\\BankAppTests.dll","CodeFilePath":null,"LineNumber":0,"Properties":[]},"Attachments":[],"Outcome":1,"ErrorMessage":null,"ErrorStackTrace":null,"DisplayName":"BankAppTesting.Moq.PaymentInfoControllerTests.Delete_ActionExecutes_ReturnsViewResultForDelete","Messages":[],"ComputerName":"DESKTOP-IFVBF71","Duration":"00:00:00.0518908","StartTime":"2022-12-03T23:30:38.4064247+00:00","EndTime":"2022-12-03T23:30:38.4064247+00:00","Properties":[]},{"TestCase":{"Id":"43e49fc0-ed74-30d5-89e7-ca3061cd6cb4","FullyQualifiedName":"BankAppTesting.Moq.PaymentControllerTests.Details_IDisFound_ReturnsViewResult","DisplayName":"BankAppTesting.Moq.PaymentControllerTests.Details_IDisFound_ReturnsViewResult","ExecutorUri":"executor://xunit/VsTestRunner2/netcoreapp","Source":"G:\\Webstuff\\CommerceWebthings\\CommerceBankApp\\BankAppTests\\bin\\Debug\\net6.0\\fine-code-coverage\\build-output\\BankAppTests.dll","CodeFilePath":null,"LineNumber":0,"Properties":[]},"Attachments":[],"Outcome":1,"ErrorMessage":null,"ErrorStackTrace":null,"DisplayName":"BankAppTesting.Moq.PaymentControllerTests.Details_IDisFound_ReturnsViewResult","Messages":[],"ComputerName":"DESKTOP-IFVBF71","Duration":"00:00:00.7640633","StartTime":"2022-12-03T23:30:38.4090778+00:00","EndTime":"2022-12-03T23:30:38.4090779+00:00","Properties":[]}],"TestRunStatistics":{"ExecutedTests":27,"Stats":{"Passed":27}},"ActiveTests":[{"Id":"577f8244-bb32-e0a8-fabb-2853297560ac","FullyQualifiedName":"BankAppTesting.Moq.OrganizationControllerTests.Details_OrgisNull_ReturnsNotFoundResult","DisplayName":"BankAppTesting.Moq.OrganizationControllerTests.Details_OrgisNull_ReturnsNotFoundResult","ExecutorUri":"executor://xunit/VsTestRunner2/netcoreapp","Source":"G:\\Webstuff\\CommerceWebthings\\CommerceBankApp\\BankAppTests\\bin\\Debug\\net6.0\\fine-code-coverage\\build-output\\BankAppTests.dll","CodeFilePath":null,"LineNumber":0,"Properties":[]},{"Id":"6df0835f-e437-4fb6-6605-e98a886d6326","FullyQualifiedName":"BankAppTesting.Moq.PaymentInfo2ControllerTests.Create_ActionExecutes_ReturnsViewForCreate","DisplayName":"BankAppTesting.Moq.PaymentInfo2ControllerTests.Create_ActionExecutes_ReturnsViewForCreate","ExecutorUri":"executor://xunit/VsTestRunner2/netcoreapp","Source":"G:\\Webstuff\\CommerceWebthings\\CommerceBankApp\\BankAppTests\\bin\\Debug\\net6.0\\fine-code-coverage\\build-output\\BankAppTests.dll","CodeFilePath":null,"LineNumber":0,"Properties":[]},{"Id":"95970e6b-b621-84a3-c481-10af986a43bc","FullyQualifiedName":"BankAppTesting.Moq.PaymentInfoControllerTests.CreateAsync_InvalidModelState_ReturnsView","DisplayName":"BankAppTesting.Moq.PaymentInfoControllerTests.CreateAsync_InvalidModelState_ReturnsView","ExecutorUri":"executor://xunit/VsTestRunner2/netcoreapp","Source":"G:\\Webstuff\\CommerceWebthings\\CommerceBankApp\\BankAppTests\\bin\\Debug\\net6.0\\fine-code-coverage\\build-output\\BankAppTests.dll","CodeFilePath":null,"LineNumber":0,"Properties":[]},{"Id":"58bf12f4-ae13-b8c9-06ce-e49e8d11c074","FullyQualifiedName":"BankAppTesting.Moq.PaymentControllerTests.Edit_ActionExecutes_ReturnsViewResultForEdit","DisplayName":"BankAppTesting.Moq.PaymentControllerTests.Edit_ActionExecutes_ReturnsViewResultForEdit","ExecutorUri":"executor://xunit/VsTestRunner2/netcoreapp","Source":"G:\\Webstuff\\CommerceWebthings\\CommerceBankApp\\BankAppTests\\bin\\Debug\\net6.0\\fine-code-coverage\\build-output\\BankAppTests.dll","CodeFilePath":null,"LineNumber":0,"Properties":[]}]}}
TpTrace Verbose: 0 : 15188, 13, 2022/12/03, 17:30:38.411, 15875064788260, vstest.console.dll, TestRunRequest:SendTestRunStatsChange: Starting.
TpTrace Verbose: 0 : 15188, 13, 2022/12/03, 17:30:38.411, 15875064788950, vstest.console.dll, InProgress is BankAppTesting.Moq.OrganizationControllerTests.Details_OrgisNull_ReturnsNotFoundResult
TpTrace Verbose: 0 : 15188, 13, 2022/12/03, 17:30:38.411, 15875064789418, vstest.console.dll, InProgress is BankAppTesting.Moq.PaymentInfo2ControllerTests.Create_ActionExecutes_ReturnsViewForCreate
TpTrace Verbose: 0 : 15188, 13, 2022/12/03, 17:30:38.411, 15875064789945, vstest.console.dll, InProgress is BankAppTesting.Moq.PaymentInfoControllerTests.CreateAsync_InvalidModelState_ReturnsView
TpTrace Verbose: 0 : 15188, 13, 2022/12/03, 17:30:38.411, 15875064790313, vstest.console.dll, InProgress is BankAppTesting.Moq.PaymentControllerTests.Edit_ActionExecutes_ReturnsViewResultForEdit
TpTrace Verbose: 0 : 15188, 13, 2022/12/03, 17:30:38.411, 15875064790881, vstest.console.dll, MulticastDelegateUtilities.SafeInvoke: TestRun.RunStatsChanged: Invoking callbacks was skipped because there are no subscribers.
TpTrace Information: 0 : 15188, 13, 2022/12/03, 17:30:38.411, 15875064791210, vstest.console.dll, TestRunRequest:SendTestRunStatsChange: Completed.
TpTrace Verbose: 0 : 15188, 4, 2022/12/03, 17:30:38.411, 15875064791365, vstest.console.dll, MulticastDelegateUtilities.SafeInvoke: InternalTestLoggerEvents.SendTestResult: Invoking callback 1/1 for Microsoft.VisualStudio.TestPlatform.CommandLine.Internal.ConsoleLogger.TestResultHandler, took 0 ms.
TpTrace Verbose: 0 : 15188, 13, 2022/12/03, 17:30:38.411, 15875064791550, vstest.console.dll, MulticastDelegateUtilities.SafeInvoke: LengthPrefixCommunicationChannel: MessageReceived: Invoking callback 1/1 for Microsoft.VisualStudio.TestPlatform.CommunicationUtilities.TestRequestSender+<>c__DisplayClass31_0.<StartTestRun>b__1, took 1 ms.
TpTrace Verbose: 0 : 15188, 4, 2022/12/03, 17:30:38.411, 15875064792266, vstest.console.dll, MulticastDelegateUtilities.SafeInvoke: InternalTestLoggerEvents.SendTestResult: Invoking callback 1/1 for Microsoft.VisualStudio.TestPlatform.CommandLine.Internal.ConsoleLogger.TestResultHandler, took 0 ms.
TpTrace Verbose: 0 : 15188, 13, 2022/12/03, 17:30:38.411, 15875064792882, vstest.console.dll, TcpClientExtensions.MessageLoopAsync: Polling on remoteEndPoint: 127.0.0.1:64994 localEndPoint: 127.0.0.1:64993
TpTrace Verbose: 0 : 15188, 4, 2022/12/03, 17:30:38.411, 15875064792996, vstest.console.dll, MulticastDelegateUtilities.SafeInvoke: InternalTestLoggerEvents.SendTestResult: Invoking callback 1/1 for Microsoft.VisualStudio.TestPlatform.CommandLine.Internal.ConsoleLogger.TestResultHandler, took 0 ms.
TpTrace Verbose: 0 : 15188, 4, 2022/12/03, 17:30:38.412, 15875064794020, vstest.console.dll, MulticastDelegateUtilities.SafeInvoke: InternalTestLoggerEvents.SendTestResult: Invoking callback 1/1 for Microsoft.VisualStudio.TestPlatform.CommandLine.Internal.ConsoleLogger.TestResultHandler, took 0 ms.
TpTrace Verbose: 0 : 15188, 4, 2022/12/03, 17:30:38.412, 15875064794603, vstest.console.dll, MulticastDelegateUtilities.SafeInvoke: InternalTestLoggerEvents.SendTestResult: Invoking callback 1/1 for Microsoft.VisualStudio.TestPlatform.CommandLine.Internal.ConsoleLogger.TestResultHandler, took 0 ms.
TpTrace Verbose: 0 : 15188, 4, 2022/12/03, 17:30:38.412, 15875064795151, vstest.console.dll, MulticastDelegateUtilities.SafeInvoke: InternalTestLoggerEvents.SendTestResult: Invoking callback 1/1 for Microsoft.VisualStudio.TestPlatform.CommandLine.Internal.ConsoleLogger.TestResultHandler, took 0 ms.
TpTrace Verbose: 0 : 15188, 13, 2022/12/03, 17:30:38.423, 15875064906842, vstest.console.dll, TcpClientExtensions.MessageLoopAsync: NotifyDataAvailable remoteEndPoint: 127.0.0.1:64994 localEndPoint: 127.0.0.1:64993
TpTrace Verbose: 0 : 15188, 13, 2022/12/03, 17:30:38.423, 15875064909008, vstest.console.dll, TestRequestSender.OnExecutionMessageReceived: Received message: {"Version":7,"MessageType":"TestExecution.StatsChange","Payload":{"NewTestResults":[{"TestCase":{"Id":"58bf12f4-ae13-b8c9-06ce-e49e8d11c074","FullyQualifiedName":"BankAppTesting.Moq.PaymentControllerTests.Edit_ActionExecutes_ReturnsViewResultForEdit","DisplayName":"BankAppTesting.Moq.PaymentControllerTests.Edit_ActionExecutes_ReturnsViewResultForEdit","ExecutorUri":"executor://xunit/VsTestRunner2/netcoreapp","Source":"G:\\Webstuff\\CommerceWebthings\\CommerceBankApp\\BankAppTests\\bin\\Debug\\net6.0\\fine-code-coverage\\build-output\\BankAppTests.dll","CodeFilePath":null,"LineNumber":0,"Properties":[]},"Attachments":[],"Outcome":1,"ErrorMessage":null,"ErrorStackTrace":null,"DisplayName":"BankAppTesting.Moq.PaymentControllerTests.Edit_ActionExecutes_ReturnsViewResultForEdit","Messages":[],"ComputerName":"DESKTOP-IFVBF71","Duration":"00:00:00.0013457","StartTime":"2022-12-03T23:30:38.4116241+00:00","EndTime":"2022-12-03T23:30:38.4116243+00:00","Properties":[]},{"TestCase":{"Id":"6df0835f-e437-4fb6-6605-e98a886d6326","FullyQualifiedName":"BankAppTesting.Moq.PaymentInfo2ControllerTests.Create_ActionExecutes_ReturnsViewForCreate","DisplayName":"BankAppTesting.Moq.PaymentInfo2ControllerTests.Create_ActionExecutes_ReturnsViewForCreate","ExecutorUri":"executor://xunit/VsTestRunner2/netcoreapp","Source":"G:\\Webstuff\\CommerceWebthings\\CommerceBankApp\\BankAppTests\\bin\\Debug\\net6.0\\fine-code-coverage\\build-output\\BankAppTests.dll","CodeFilePath":null,"LineNumber":0,"Properties":[]},"Attachments":[],"Outcome":1,"ErrorMessage":null,"ErrorStackTrace":null,"DisplayName":"BankAppTesting.Moq.PaymentInfo2ControllerTests.Create_ActionExecutes_ReturnsViewForCreate","Messages":[],"ComputerName":"DESKTOP-IFVBF71","Duration":"00:00:00.0018173","StartTime":"2022-12-03T23:30:38.4133364+00:00","EndTime":"2022-12-03T23:30:38.4133365+00:00","Properties":[]},{"TestCase":{"Id":"8d2783be-eacf-add9-828d-18a1cd9cf06e","FullyQualifiedName":"BankAppTesting.Moq.PaymentControllerTests.EditFull_ModelisInvalid_ReturnsViewResultForEdit","DisplayName":"BankAppTesting.Moq.PaymentControllerTests.EditFull_ModelisInvalid_ReturnsViewResultForEdit","ExecutorUri":"executor://xunit/VsTestRunner2/netcoreapp","Source":"G:\\Webstuff\\CommerceWebthings\\CommerceBankApp\\BankAppTests\\bin\\Debug\\net6.0\\fine-code-coverage\\build-output\\BankAppTests.dll","CodeFilePath":null,"LineNumber":0,"Properties":[]},"Attachments":[],"Outcome":1,"ErrorMessage":null,"ErrorStackTrace":null,"DisplayName":"BankAppTesting.Moq.PaymentControllerTests.EditFull_ModelisInvalid_ReturnsViewResultForEdit","Messages":[],"ComputerName":"DESKTOP-IFVBF71","Duration":"00:00:00.0012349","StartTime":"2022-12-03T23:30:38.4150197+00:00","EndTime":"2022-12-03T23:30:38.4150198+00:00","Properties":[]},{"TestCase":{"Id":"266035d3-c222-5aaa-8b56-552294feafdc","FullyQualifiedName":"BankAppTesting.Moq.PaymentInfo2ControllerTests.EditFull_ActionExecutes_ReturnsRedirectResultForEdit","DisplayName":"BankAppTesting.Moq.PaymentInfo2ControllerTests.EditFull_ActionExecutes_ReturnsRedirectResultForEdit","ExecutorUri":"executor://xunit/VsTestRunner2/netcoreapp","Source":"G:\\Webstuff\\CommerceWebthings\\CommerceBankApp\\BankAppTests\\bin\\Debug\\net6.0\\fine-code-coverage\\build-output\\BankAppTests.dll","CodeFilePath":null,"LineNumber":0,"Properties":[]},"Attachments":[],"Outcome":1,"ErrorMessage":null,"ErrorStackTrace":null,"DisplayName":"BankAppTesting.Moq.PaymentInfo2ControllerTests.EditFull_ActionExecutes_ReturnsRedirectResultForEdit","Messages":[],"ComputerName":"DESKTOP-IFVBF71","Duration":"00:00:00.0010543","StartTime":"2022-12-03T23:30:38.4169454+00:00","EndTime":"2022-12-03T23:30:38.4169455+00:00","Properties":[]},{"TestCase":{"Id":"95970e6b-b621-84a3-c481-10af986a43bc","FullyQualifiedName":"BankAppTesting.Moq.PaymentInfoControllerTests.CreateAsync_InvalidModelState_ReturnsView","DisplayName":"BankAppTesting.Moq.PaymentInfoControllerTests.CreateAsync_InvalidModelState_ReturnsView","ExecutorUri":"executor://xunit/VsTestRunner2/netcoreapp","Source":"G:\\Webstuff\\CommerceWebthings\\CommerceBankApp\\BankAppTests\\bin\\Debug\\net6.0\\fine-code-coverage\\build-output\\BankAppTests.dll","CodeFilePath":null,"LineNumber":0,"Properties":[]},"Attachments":[],"Outcome":1,"ErrorMessage":null,"ErrorStackTrace":null,"DisplayName":"BankAppTesting.Moq.PaymentInfoControllerTests.CreateAsync_InvalidModelState_ReturnsView","Messages":[],"ComputerName":"DESKTOP-IFVBF71","Duration":"00:00:00.0030604","StartTime":"2022-12-03T23:30:38.4185174+00:00","EndTime":"2022-12-03T23:30:38.4185175+00:00","Properties":[]},{"TestCase":{"Id":"e6e39175-fe8e-7ef7-3b19-92be808589e4","FullyQualifiedName":"BankAppTesting.Moq.PaymentInfoControllerTests.Details_OrgisNull_ReturnsNotFoundResult","DisplayName":"BankAppTesting.Moq.PaymentInfoControllerTests.Details_OrgisNull_ReturnsNotFoundResult","ExecutorUri":"executor://xunit/VsTestRunner2/netcoreapp","Source":"G:\\Webstuff\\CommerceWebthings\\CommerceBankApp\\BankAppTests\\bin\\Debug\\net6.0\\fine-code-coverage\\build-output\\BankAppTests.dll","CodeFilePath":null,"LineNumber":0,"Properties":[]},"Attachments":[],"Outcome":1,"ErrorMessage":null,"ErrorStackTrace":null,"DisplayName":"BankAppTesting.Moq.PaymentInfoControllerTests.Details_OrgisNull_ReturnsNotFoundResult","Messages":[],"ComputerName":"DESKTOP-IFVBF71","Duration":"00:00:00.0027741","StartTime":"2022-12-03T23:30:38.4202044+00:00","EndTime":"2022-12-03T23:30:38.4202045+00:00","Properties":[]},{"TestCase":{"Id":"5cc1bf9a-5c29-8413-9b1c-c83a1f51891c","FullyQualifiedName":"BankAppTesting.Moq.PaymentInfoControllerTests.Delete_OrgisNull_ReturnsNotFoundResult","DisplayName":"BankAppTesting.Moq.PaymentInfoControllerTests.Delete_OrgisNull_ReturnsNotFoundResult","ExecutorUri":"executor://xunit/VsTestRunner2/netcoreapp","Source":"G:\\Webstuff\\CommerceWebthings\\CommerceBankApp\\BankAppTests\\bin\\Debug\\net6.0\\fine-code-coverage\\build-output\\BankAppTests.dll","CodeFilePath":null,"LineNumber":0,"Properties":[]},"Attachments":[],"Outcome":1,"ErrorMessage":null,"ErrorStackTrace":null,"DisplayName":"BankAppTesting.Moq.PaymentInfoControllerTests.Delete_OrgisNull_ReturnsNotFoundResult","Messages":[],"ComputerName":"DESKTOP-IFVBF71","Duration":"00:00:00.0010789","StartTime":"2022-12-03T23:30:38.4218704+00:00","EndTime":"2022-12-03T23:30:38.4218705+00:00","Properties":[]}],"TestRunStatistics":{"ExecutedTests":34,"Stats":{"Passed":34}},"ActiveTests":[{"Id":"d30a2e80-8ffa-20d6-018f-83aff9e194b7","FullyQualifiedName":"BankAppTesting.Moq.PaymentControllerTests.CreateAsync_InvalidModelState_ReturnsView","DisplayName":"BankAppTesting.Moq.PaymentControllerTests.CreateAsync_InvalidModelState_ReturnsView","ExecutorUri":"executor://xunit/VsTestRunner2/netcoreapp","Source":"G:\\Webstuff\\CommerceWebthings\\CommerceBankApp\\BankAppTests\\bin\\Debug\\net6.0\\fine-code-coverage\\build-output\\BankAppTests.dll","CodeFilePath":null,"LineNumber":0,"Properties":[]},{"Id":"0c9ff1b3-ebc3-00fc-a92c-c68501bb4907","FullyQualifiedName":"BankAppTesting.Moq.PaymentInfo2ControllerTests.Edit_OrgisNull_ReturnsNotFoundResult","DisplayName":"BankAppTesting.Moq.PaymentInfo2ControllerTests.Edit_OrgisNull_ReturnsNotFoundResult","ExecutorUri":"executor://xunit/VsTestRunner2/netcoreapp","Source":"G:\\Webstuff\\CommerceWebthings\\CommerceBankApp\\BankAppTests\\bin\\Debug\\net6.0\\fine-code-coverage\\build-output\\BankAppTests.dll","CodeFilePath":null,"LineNumber":0,"Properties":[]},{"Id":"29c75691-5a81-ac95-8d84-a40ebc7c0d50","FullyQualifiedName":"BankAppTesting.Moq.PaymentInfoControllerTests.Edit_IDisNull_ReturnsNotFoundResult","DisplayName":"BankAppTesting.Moq.PaymentInfoControllerTests.Edit_IDisNull_ReturnsNotFoundResult","ExecutorUri":"executor://xunit/VsTestRunner2/netcoreapp","Source":"G:\\Webstuff\\CommerceWebthings\\CommerceBankApp\\BankAppTests\\bin\\Debug\\net6.0\\fine-code-coverage\\build-output\\BankAppTests.dll","CodeFilePath":null,"LineNumber":0,"Properties":[]}]}}
TpTrace Verbose: 0 : 15188, 13, 2022/12/03, 17:30:38.424, 15875064915424, vstest.console.dll, TestRunRequest:SendTestRunStatsChange: Starting.
TpTrace Verbose: 0 : 15188, 13, 2022/12/03, 17:30:38.424, 15875064915882, vstest.console.dll, InProgress is BankAppTesting.Moq.PaymentControllerTests.CreateAsync_InvalidModelState_ReturnsView
TpTrace Verbose: 0 : 15188, 13, 2022/12/03, 17:30:38.424, 15875064916130, vstest.console.dll, InProgress is BankAppTesting.Moq.PaymentInfo2ControllerTests.Edit_OrgisNull_ReturnsNotFoundResult
TpTrace Verbose: 0 : 15188, 13, 2022/12/03, 17:30:38.424, 15875064916359, vstest.console.dll, InProgress is BankAppTesting.Moq.PaymentInfoControllerTests.Edit_IDisNull_ReturnsNotFoundResult
TpTrace Verbose: 0 : 15188, 13, 2022/12/03, 17:30:38.424, 15875064916810, vstest.console.dll, MulticastDelegateUtilities.SafeInvoke: TestRun.RunStatsChanged: Invoking callbacks was skipped because there are no subscribers.
TpTrace Information: 0 : 15188, 13, 2022/12/03, 17:30:38.424, 15875064917213, vstest.console.dll, TestRunRequest:SendTestRunStatsChange: Completed.
TpTrace Verbose: 0 : 15188, 4, 2022/12/03, 17:30:38.424, 15875064917251, vstest.console.dll, MulticastDelegateUtilities.SafeInvoke: InternalTestLoggerEvents.SendTestResult: Invoking callback 1/1 for Microsoft.VisualStudio.TestPlatform.CommandLine.Internal.ConsoleLogger.TestResultHandler, took 0 ms.
TpTrace Verbose: 0 : 15188, 13, 2022/12/03, 17:30:38.424, 15875064917663, vstest.console.dll, MulticastDelegateUtilities.SafeInvoke: LengthPrefixCommunicationChannel: MessageReceived: Invoking callback 1/1 for Microsoft.VisualStudio.TestPlatform.CommunicationUtilities.TestRequestSender+<>c__DisplayClass31_0.<StartTestRun>b__1, took 0 ms.
TpTrace Verbose: 0 : 15188, 4, 2022/12/03, 17:30:38.424, 15875064918380, vstest.console.dll, MulticastDelegateUtilities.SafeInvoke: InternalTestLoggerEvents.SendTestResult: Invoking callback 1/1 for Microsoft.VisualStudio.TestPlatform.CommandLine.Internal.ConsoleLogger.TestResultHandler, took 0 ms.
TpTrace Verbose: 0 : 15188, 13, 2022/12/03, 17:30:38.424, 15875064918760, vstest.console.dll, TcpClientExtensions.MessageLoopAsync: Polling on remoteEndPoint: 127.0.0.1:64994 localEndPoint: 127.0.0.1:64993
TpTrace Verbose: 0 : 15188, 4, 2022/12/03, 17:30:38.424, 15875064919828, vstest.console.dll, MulticastDelegateUtilities.SafeInvoke: InternalTestLoggerEvents.SendTestResult: Invoking callback 1/1 for Microsoft.VisualStudio.TestPlatform.CommandLine.Internal.ConsoleLogger.TestResultHandler, took 0 ms.
TpTrace Verbose: 0 : 15188, 4, 2022/12/03, 17:30:38.424, 15875064920520, vstest.console.dll, MulticastDelegateUtilities.SafeInvoke: InternalTestLoggerEvents.SendTestResult: Invoking callback 1/1 for Microsoft.VisualStudio.TestPlatform.CommandLine.Internal.ConsoleLogger.TestResultHandler, took 0 ms.
TpTrace Verbose: 0 : 15188, 4, 2022/12/03, 17:30:38.424, 15875064921478, vstest.console.dll, MulticastDelegateUtilities.SafeInvoke: InternalTestLoggerEvents.SendTestResult: Invoking callback 1/1 for Microsoft.VisualStudio.TestPlatform.CommandLine.Internal.ConsoleLogger.TestResultHandler, took 0 ms.
TpTrace Verbose: 0 : 15188, 4, 2022/12/03, 17:30:38.424, 15875064922118, vstest.console.dll, MulticastDelegateUtilities.SafeInvoke: InternalTestLoggerEvents.SendTestResult: Invoking callback 1/1 for Microsoft.VisualStudio.TestPlatform.CommandLine.Internal.ConsoleLogger.TestResultHandler, took 0 ms.
TpTrace Verbose: 0 : 15188, 4, 2022/12/03, 17:30:38.424, 15875064922672, vstest.console.dll, MulticastDelegateUtilities.SafeInvoke: InternalTestLoggerEvents.SendTestResult: Invoking callback 1/1 for Microsoft.VisualStudio.TestPlatform.CommandLine.Internal.ConsoleLogger.TestResultHandler, took 0 ms.
TpTrace Verbose: 0 : 15188, 13, 2022/12/03, 17:30:38.438, 15875065057806, vstest.console.dll, TcpClientExtensions.MessageLoopAsync: NotifyDataAvailable remoteEndPoint: 127.0.0.1:64994 localEndPoint: 127.0.0.1:64993
TpTrace Verbose: 0 : 15188, 13, 2022/12/03, 17:30:38.438, 15875065061145, vstest.console.dll, TestRequestSender.OnExecutionMessageReceived: Received message: {"Version":7,"MessageType":"TestExecution.StatsChange","Payload":{"NewTestResults":[{"TestCase":{"Id":"d30a2e80-8ffa-20d6-018f-83aff9e194b7","FullyQualifiedName":"BankAppTesting.Moq.PaymentControllerTests.CreateAsync_InvalidModelState_ReturnsView","DisplayName":"BankAppTesting.Moq.PaymentControllerTests.CreateAsync_InvalidModelState_ReturnsView","ExecutorUri":"executor://xunit/VsTestRunner2/netcoreapp","Source":"G:\\Webstuff\\CommerceWebthings\\CommerceBankApp\\BankAppTests\\bin\\Debug\\net6.0\\fine-code-coverage\\build-output\\BankAppTests.dll","CodeFilePath":null,"LineNumber":0,"Properties":[]},"Attachments":[],"Outcome":1,"ErrorMessage":null,"ErrorStackTrace":null,"DisplayName":"BankAppTesting.Moq.PaymentControllerTests.CreateAsync_InvalidModelState_ReturnsView","Messages":[],"ComputerName":"DESKTOP-IFVBF71","Duration":"00:00:00.0048459","StartTime":"2022-12-03T23:30:38.4242683+00:00","EndTime":"2022-12-03T23:30:38.4242684+00:00","Properties":[]},{"TestCase":{"Id":"29c75691-5a81-ac95-8d84-a40ebc7c0d50","FullyQualifiedName":"BankAppTesting.Moq.PaymentInfoControllerTests.Edit_IDisNull_ReturnsNotFoundResult","DisplayName":"BankAppTesting.Moq.PaymentInfoControllerTests.Edit_IDisNull_ReturnsNotFoundResult","ExecutorUri":"executor://xunit/VsTestRunner2/netcoreapp","Source":"G:\\Webstuff\\CommerceWebthings\\CommerceBankApp\\BankAppTests\\bin\\Debug\\net6.0\\fine-code-coverage\\build-output\\BankAppTests.dll","CodeFilePath":null,"LineNumber":0,"Properties":[]},"Attachments":[],"Outcome":1,"ErrorMessage":null,"ErrorStackTrace":null,"DisplayName":"BankAppTesting.Moq.PaymentInfoControllerTests.Edit_IDisNull_ReturnsNotFoundResult","Messages":[],"ComputerName":"DESKTOP-IFVBF71","Duration":"00:00:00.0006646","StartTime":"2022-12-03T23:30:38.4262228+00:00","EndTime":"2022-12-03T23:30:38.4262228+00:00","Properties":[]},{"TestCase":{"Id":"fcc5bca1-ce2e-f7da-281a-ecad996b2eb8","FullyQualifiedName":"BankAppTesting.Moq.PaymentInfoControllerTests.EditFull_ModelisInvalid_ReturnsViewResultForEdit","DisplayName":"BankAppTesting.Moq.PaymentInfoControllerTests.EditFull_ModelisInvalid_ReturnsViewResultForEdit","ExecutorUri":"executor://xunit/VsTestRunner2/netcoreapp","Source":"G:\\Webstuff\\CommerceWebthings\\CommerceBankApp\\BankAppTests\\bin\\Debug\\net6.0\\fine-code-coverage\\build-output\\BankAppTests.dll","CodeFilePath":null,"LineNumber":0,"Properties":[]},"Attachments":[],"Outcome":1,"ErrorMessage":null,"ErrorStackTrace":null,"DisplayName":"BankAppTesting.Moq.PaymentInfoControllerTests.EditFull_ModelisInvalid_ReturnsViewResultForEdit","Messages":[],"ComputerName":"DESKTOP-IFVBF71","Duration":"00:00:00.0007192","StartTime":"2022-12-03T23:30:38.4277642+00:00","EndTime":"2022-12-03T23:30:38.4277644+00:00","Properties":[]},{"TestCase":{"Id":"1c782eb8-9604-3d03-0c77-7eca8a0289c4","FullyQualifiedName":"BankAppTesting.Moq.PaymentControllerTests.Create_ActionExecutes_ReturnsViewForCreate","DisplayName":"BankAppTesting.Moq.PaymentControllerTests.Create_ActionExecutes_ReturnsViewForCreate","ExecutorUri":"executor://xunit/VsTestRunner2/netcoreapp","Source":"G:\\Webstuff\\CommerceWebthings\\CommerceBankApp\\BankAppTests\\bin\\Debug\\net6.0\\fine-code-coverage\\build-output\\BankAppTests.dll","CodeFilePath":null,"LineNumber":0,"Properties":[]},"Attachments":[],"Outcome":1,"ErrorMessage":null,"ErrorStackTrace":null,"DisplayName":"BankAppTesting.Moq.PaymentControllerTests.Create_ActionExecutes_ReturnsViewForCreate","Messages":[],"ComputerName":"DESKTOP-IFVBF71","Duration":"00:00:00.0018470","StartTime":"2022-12-03T23:30:38.4293782+00:00","EndTime":"2022-12-03T23:30:38.4293783+00:00","Properties":[]},{"TestCase":{"Id":"0c9ff1b3-ebc3-00fc-a92c-c68501bb4907","FullyQualifiedName":"BankAppTesting.Moq.PaymentInfo2ControllerTests.Edit_OrgisNull_ReturnsNotFoundResult","DisplayName":"BankAppTesting.Moq.PaymentInfo2ControllerTests.Edit_OrgisNull_ReturnsNotFoundResult","ExecutorUri":"executor://xunit/VsTestRunner2/netcoreapp","Source":"G:\\Webstuff\\CommerceWebthings\\CommerceBankApp\\BankAppTests\\bin\\Debug\\net6.0\\fine-code-coverage\\build-output\\BankAppTests.dll","CodeFilePath":null,"LineNumber":0,"Properties":[]},"Attachments":[],"Outcome":1,"ErrorMessage":null,"ErrorStackTrace":null,"DisplayName":"BankAppTesting.Moq.PaymentInfo2ControllerTests.Edit_OrgisNull_ReturnsNotFoundResult","Messages":[],"ComputerName":"DESKTOP-IFVBF71","Duration":"00:00:00.0073673","StartTime":"2022-12-03T23:30:38.4309623+00:00","EndTime":"2022-12-03T23:30:38.4309624+00:00","Properties":[]},{"TestCase":{"Id":"ec1d3b04-da28-4001-47af-0def3955c2c5","FullyQualifiedName":"BankAppTesting.Moq.PaymentInfo2ControllerTests.Details_IDisNull_ReturnsNotFoundResult","DisplayName":"BankAppTesting.Moq.PaymentInfo2ControllerTests.Details_IDisNull_ReturnsNotFoundResult","ExecutorUri":"executor://xunit/VsTestRunner2/netcoreapp","Source":"G:\\Webstuff\\CommerceWebthings\\CommerceBankApp\\BankAppTests\\bin\\Debug\\net6.0\\fine-code-coverage\\build-output\\BankAppTests.dll","CodeFilePath":null,"LineNumber":0,"Properties":[]},"Attachments":[],"Outcome":1,"ErrorMessage":null,"ErrorStackTrace":null,"DisplayName":"BankAppTesting.Moq.PaymentInfo2ControllerTests.Details_IDisNull_ReturnsNotFoundResult","Messages":[],"ComputerName":"DESKTOP-IFVBF71","Duration":"00:00:00.0006478","StartTime":"2022-12-03T23:30:38.432668+00:00","EndTime":"2022-12-03T23:30:38.4326682+00:00","Properties":[]},{"TestCase":{"Id":"af57e71f-a151-8911-e845-fb2b924b6ad2","FullyQualifiedName":"BankAppTesting.Moq.PaymentInfo2ControllerTests.CreateAsync_ModelStateisValid_ReturnsRedirectResultForCreate","DisplayName":"BankAppTesting.Moq.PaymentInfo2ControllerTests.CreateAsync_ModelStateisValid_ReturnsRedirectResultForCreate","ExecutorUri":"executor://xunit/VsTestRunner2/netcoreapp","Source":"G:\\Webstuff\\CommerceWebthings\\CommerceBankApp\\BankAppTests\\bin\\Debug\\net6.0\\fine-code-coverage\\build-output\\BankAppTests.dll","CodeFilePath":null,"LineNumber":0,"Properties":[]},"Attachments":[],"Outcome":1,"ErrorMessage":null,"ErrorStackTrace":null,"DisplayName":"BankAppTesting.Moq.PaymentInfo2ControllerTests.CreateAsync_ModelStateisValid_ReturnsRedirectResultForCreate","Messages":[],"ComputerName":"DESKTOP-IFVBF71","Duration":"00:00:00.0009788","StartTime":"2022-12-03T23:30:38.4372837+00:00","EndTime":"2022-12-03T23:30:38.4372838+00:00","Properties":[]}],"TestRunStatistics":{"ExecutedTests":41,"Stats":{"Passed":41}},"ActiveTests":[{"Id":"d100542e-2bab-38fb-7b65-667a0286c229","FullyQualifiedName":"BankAppTesting.Moq.PaymentInfoControllerTests.Edit_OrgisNull_ReturnsNotFoundResult","DisplayName":"BankAppTesting.Moq.PaymentInfoControllerTests.Edit_OrgisNull_ReturnsNotFoundResult","ExecutorUri":"executor://xunit/VsTestRunner2/netcoreapp","Source":"G:\\Webstuff\\CommerceWebthings\\CommerceBankApp\\BankAppTests\\bin\\Debug\\net6.0\\fine-code-coverage\\build-output\\BankAppTests.dll","CodeFilePath":null,"LineNumber":0,"Properties":[]},{"Id":"4095e244-8e1d-24b5-1529-d39e9709b899","FullyQualifiedName":"BankAppTesting.Moq.PaymentControllerTests.Edit_OrgisNull_ReturnsNotFoundResult","DisplayName":"BankAppTesting.Moq.PaymentControllerTests.Edit_OrgisNull_ReturnsNotFoundResult","ExecutorUri":"executor://xunit/VsTestRunner2/netcoreapp","Source":"G:\\Webstuff\\CommerceWebthings\\CommerceBankApp\\BankAppTests\\bin\\Debug\\net6.0\\fine-code-coverage\\build-output\\BankAppTests.dll","CodeFilePath":null,"LineNumber":0,"Properties":[]},{"Id":"2890fca1-34e1-1db0-114c-e6535f236966","FullyQualifiedName":"BankAppTesting.Moq.PaymentInfo2ControllerTests.Details_OrgisNull_ReturnsNotFoundResult","DisplayName":"BankAppTesting.Moq.PaymentInfo2ControllerTests.Details_OrgisNull_ReturnsNotFoundResult","ExecutorUri":"executor://xunit/VsTestRunner2/netcoreapp","Source":"G:\\Webstuff\\CommerceWebthings\\CommerceBankApp\\BankAppTests\\bin\\Debug\\net6.0\\fine-code-coverage\\build-output\\BankAppTests.dll","CodeFilePath":null,"LineNumber":0,"Properties":[]}]}}
TpTrace Verbose: 0 : 15188, 13, 2022/12/03, 17:30:38.439, 15875065065266, vstest.console.dll, TestRunRequest:SendTestRunStatsChange: Starting.
TpTrace Verbose: 0 : 15188, 13, 2022/12/03, 17:30:38.439, 15875065065859, vstest.console.dll, InProgress is BankAppTesting.Moq.PaymentInfoControllerTests.Edit_OrgisNull_ReturnsNotFoundResult
TpTrace Verbose: 0 : 15188, 13, 2022/12/03, 17:30:38.439, 15875065066144, vstest.console.dll, InProgress is BankAppTesting.Moq.PaymentControllerTests.Edit_OrgisNull_ReturnsNotFoundResult
TpTrace Verbose: 0 : 15188, 13, 2022/12/03, 17:30:38.439, 15875065066391, vstest.console.dll, InProgress is BankAppTesting.Moq.PaymentInfo2ControllerTests.Details_OrgisNull_ReturnsNotFoundResult
TpTrace Verbose: 0 : 15188, 13, 2022/12/03, 17:30:38.439, 15875065066812, vstest.console.dll, MulticastDelegateUtilities.SafeInvoke: TestRun.RunStatsChanged: Invoking callbacks was skipped because there are no subscribers.
TpTrace Information: 0 : 15188, 13, 2022/12/03, 17:30:38.439, 15875065067068, vstest.console.dll, TestRunRequest:SendTestRunStatsChange: Completed.
TpTrace Verbose: 0 : 15188, 13, 2022/12/03, 17:30:38.439, 15875065067355, vstest.console.dll, MulticastDelegateUtilities.SafeInvoke: LengthPrefixCommunicationChannel: MessageReceived: Invoking callback 1/1 for Microsoft.VisualStudio.TestPlatform.CommunicationUtilities.TestRequestSender+<>c__DisplayClass31_0.<StartTestRun>b__1, took 0 ms.
TpTrace Verbose: 0 : 15188, 4, 2022/12/03, 17:30:38.439, 15875065067309, vstest.console.dll, MulticastDelegateUtilities.SafeInvoke: InternalTestLoggerEvents.SendTestResult: Invoking callback 1/1 for Microsoft.VisualStudio.TestPlatform.CommandLine.Internal.ConsoleLogger.TestResultHandler, took 0 ms.
TpTrace Verbose: 0 : 15188, 13, 2022/12/03, 17:30:38.439, 15875065067658, vstest.console.dll, TcpClientExtensions.MessageLoopAsync: Polling on remoteEndPoint: 127.0.0.1:64994 localEndPoint: 127.0.0.1:64993
TpTrace Verbose: 0 : 15188, 4, 2022/12/03, 17:30:38.439, 15875065068286, vstest.console.dll, MulticastDelegateUtilities.SafeInvoke: InternalTestLoggerEvents.SendTestResult: Invoking callback 1/1 for Microsoft.VisualStudio.TestPlatform.CommandLine.Internal.ConsoleLogger.TestResultHandler, took 0 ms.
TpTrace Verbose: 0 : 15188, 4, 2022/12/03, 17:30:38.439, 15875065068990, vstest.console.dll, MulticastDelegateUtilities.SafeInvoke: InternalTestLoggerEvents.SendTestResult: Invoking callback 1/1 for Microsoft.VisualStudio.TestPlatform.CommandLine.Internal.ConsoleLogger.TestResultHandler, took 0 ms.
TpTrace Verbose: 0 : 15188, 4, 2022/12/03, 17:30:38.439, 15875065069386, vstest.console.dll, MulticastDelegateUtilities.SafeInvoke: InternalTestLoggerEvents.SendTestResult: Invoking callback 1/1 for Microsoft.VisualStudio.TestPlatform.CommandLine.Internal.ConsoleLogger.TestResultHandler, took 0 ms.
TpTrace Verbose: 0 : 15188, 4, 2022/12/03, 17:30:38.439, 15875065069728, vstest.console.dll, MulticastDelegateUtilities.SafeInvoke: InternalTestLoggerEvents.SendTestResult: Invoking callback 1/1 for Microsoft.VisualStudio.TestPlatform.CommandLine.Internal.ConsoleLogger.TestResultHandler, took 0 ms.
TpTrace Verbose: 0 : 15188, 4, 2022/12/03, 17:30:38.439, 15875065070071, vstest.console.dll, MulticastDelegateUtilities.SafeInvoke: InternalTestLoggerEvents.SendTestResult: Invoking callback 1/1 for Microsoft.VisualStudio.TestPlatform.CommandLine.Internal.ConsoleLogger.TestResultHandler, took 0 ms.
TpTrace Verbose: 0 : 15188, 4, 2022/12/03, 17:30:38.439, 15875065070391, vstest.console.dll, MulticastDelegateUtilities.SafeInvoke: InternalTestLoggerEvents.SendTestResult: Invoking callback 1/1 for Microsoft.VisualStudio.TestPlatform.CommandLine.Internal.ConsoleLogger.TestResultHandler, took 0 ms.
TpTrace Verbose: 0 : 15188, 13, 2022/12/03, 17:30:38.448, 15875065154377, vstest.console.dll, TcpClientExtensions.MessageLoopAsync: NotifyDataAvailable remoteEndPoint: 127.0.0.1:64994 localEndPoint: 127.0.0.1:64993
TpTrace Verbose: 0 : 15188, 13, 2022/12/03, 17:30:38.448, 15875065156140, vstest.console.dll, TestRequestSender.OnExecutionMessageReceived: Received message: {"Version":7,"MessageType":"TestExecution.StatsChange","Payload":{"NewTestResults":[{"TestCase":{"Id":"2890fca1-34e1-1db0-114c-e6535f236966","FullyQualifiedName":"BankAppTesting.Moq.PaymentInfo2ControllerTests.Details_OrgisNull_ReturnsNotFoundResult","DisplayName":"BankAppTesting.Moq.PaymentInfo2ControllerTests.Details_OrgisNull_ReturnsNotFoundResult","ExecutorUri":"executor://xunit/VsTestRunner2/netcoreapp","Source":"G:\\Webstuff\\CommerceWebthings\\CommerceBankApp\\BankAppTests\\bin\\Debug\\net6.0\\fine-code-coverage\\build-output\\BankAppTests.dll","CodeFilePath":null,"LineNumber":0,"Properties":[]},"Attachments":[],"Outcome":1,"ErrorMessage":null,"ErrorStackTrace":null,"DisplayName":"BankAppTesting.Moq.PaymentInfo2ControllerTests.Details_OrgisNull_ReturnsNotFoundResult","Messages":[],"ComputerName":"DESKTOP-IFVBF71","Duration":"00:00:00.0008251","StartTime":"2022-12-03T23:30:38.4392093+00:00","EndTime":"2022-12-03T23:30:38.4392094+00:00","Properties":[]},{"TestCase":{"Id":"f0684eaa-2791-25c5-8d9f-eed66f3bba31","FullyQualifiedName":"BankAppTesting.Moq.PaymentInfo2ControllerTests.Delete_ActionExecutes_ReturnsViewResultForDelete","DisplayName":"BankAppTesting.Moq.PaymentInfo2ControllerTests.Delete_ActionExecutes_ReturnsViewResultForDelete","ExecutorUri":"executor://xunit/VsTestRunner2/netcoreapp","Source":"G:\\Webstuff\\CommerceWebthings\\CommerceBankApp\\BankAppTests\\bin\\Debug\\net6.0\\fine-code-coverage\\build-output\\BankAppTests.dll","CodeFilePath":null,"LineNumber":0,"Properties":[]},"Attachments":[],"Outcome":1,"ErrorMessage":null,"ErrorStackTrace":null,"DisplayName":"BankAppTesting.Moq.PaymentInfo2ControllerTests.Delete_ActionExecutes_ReturnsViewResultForDelete","Messages":[],"ComputerName":"DESKTOP-IFVBF71","Duration":"00:00:00.0013835","StartTime":"2022-12-03T23:30:38.4406879+00:00","EndTime":"2022-12-03T23:30:38.440688+00:00","Properties":[]},{"TestCase":{"Id":"577f8244-bb32-e0a8-fabb-2853297560ac","FullyQualifiedName":"BankAppTesting.Moq.OrganizationControllerTests.Details_OrgisNull_ReturnsNotFoundResult","DisplayName":"BankAppTesting.Moq.OrganizationControllerTests.Details_OrgisNull_ReturnsNotFoundResult","ExecutorUri":"executor://xunit/VsTestRunner2/netcoreapp","Source":"G:\\Webstuff\\CommerceWebthings\\CommerceBankApp\\BankAppTests\\bin\\Debug\\net6.0\\fine-code-coverage\\build-output\\BankAppTests.dll","CodeFilePath":null,"LineNumber":0,"Properties":[]},"Attachments":[],"Outcome":1,"ErrorMessage":null,"ErrorStackTrace":null,"DisplayName":"BankAppTesting.Moq.OrganizationControllerTests.Details_OrgisNull_ReturnsNotFoundResult","Messages":[],"ComputerName":"DESKTOP-IFVBF71","Duration":"00:00:00.0211164","StartTime":"2022-12-03T23:30:38.4419607+00:00","EndTime":"2022-12-03T23:30:38.4419609+00:00","Properties":[]},{"TestCase":{"Id":"4095e244-8e1d-24b5-1529-d39e9709b899","FullyQualifiedName":"BankAppTesting.Moq.PaymentControllerTests.Edit_OrgisNull_ReturnsNotFoundResult","DisplayName":"BankAppTesting.Moq.PaymentControllerTests.Edit_OrgisNull_ReturnsNotFoundResult","ExecutorUri":"executor://xunit/VsTestRunner2/netcoreapp","Source":"G:\\Webstuff\\CommerceWebthings\\CommerceBankApp\\BankAppTests\\bin\\Debug\\net6.0\\fine-code-coverage\\build-output\\BankAppTests.dll","CodeFilePath":null,"LineNumber":0,"Properties":[]},"Attachments":[],"Outcome":1,"ErrorMessage":null,"ErrorStackTrace":null,"DisplayName":"BankAppTesting.Moq.PaymentControllerTests.Edit_OrgisNull_ReturnsNotFoundResult","Messages":[],"ComputerName":"DESKTOP-IFVBF71","Duration":"00:00:00.0056260","StartTime":"2022-12-03T23:30:38.442656+00:00","EndTime":"2022-12-03T23:30:38.442656+00:00","Properties":[]},{"TestCase":{"Id":"13d280df-1ae8-b165-862d-033958707271","FullyQualifiedName":"BankAppTesting.Moq.PaymentInfo2ControllerTests.Delete_OrgisNull_ReturnsNotFoundResult","DisplayName":"BankAppTesting.Moq.PaymentInfo2ControllerTests.Delete_OrgisNull_ReturnsNotFoundResult","ExecutorUri":"executor://xunit/VsTestRunner2/netcoreapp","Source":"G:\\Webstuff\\CommerceWebthings\\CommerceBankApp\\BankAppTests\\bin\\Debug\\net6.0\\fine-code-coverage\\build-output\\BankAppTests.dll","CodeFilePath":null,"LineNumber":0,"Properties":[]},"Attachments":[],"Outcome":1,"ErrorMessage":null,"ErrorStackTrace":null,"DisplayName":"BankAppTesting.Moq.PaymentInfo2ControllerTests.Delete_OrgisNull_ReturnsNotFoundResult","Messages":[],"ComputerName":"DESKTOP-IFVBF71","Duration":"00:00:00.0010133","StartTime":"2022-12-03T23:30:38.4446377+00:00","EndTime":"2022-12-03T23:30:38.4446378+00:00","Properties":[]},{"TestCase":{"Id":"c00c89f9-c6f1-b7e8-4a0e-a80f52660269","FullyQualifiedName":"BankAppTesting.Moq.PaymentControllerTests.Details_IDisNull_ReturnsNotFoundResult","DisplayName":"BankAppTesting.Moq.PaymentControllerTests.Details_IDisNull_ReturnsNotFoundResult","ExecutorUri":"executor://xunit/VsTestRunner2/netcoreapp","Source":"G:\\Webstuff\\CommerceWebthings\\CommerceBankApp\\BankAppTests\\bin\\Debug\\net6.0\\fine-code-coverage\\build-output\\BankAppTests.dll","CodeFilePath":null,"LineNumber":0,"Properties":[]},"Attachments":[],"Outcome":1,"ErrorMessage":null,"ErrorStackTrace":null,"DisplayName":"BankAppTesting.Moq.PaymentControllerTests.Details_IDisNull_ReturnsNotFoundResult","Messages":[],"ComputerName":"DESKTOP-IFVBF71","Duration":"00:00:00.0005983","StartTime":"2022-12-03T23:30:38.4460341+00:00","EndTime":"2022-12-03T23:30:38.4460342+00:00","Properties":[]},{"TestCase":{"Id":"d100542e-2bab-38fb-7b65-667a0286c229","FullyQualifiedName":"BankAppTesting.Moq.PaymentInfoControllerTests.Edit_OrgisNull_ReturnsNotFoundResult","DisplayName":"BankAppTesting.Moq.PaymentInfoControllerTests.Edit_OrgisNull_ReturnsNotFoundResult","ExecutorUri":"executor://xunit/VsTestRunner2/netcoreapp","Source":"G:\\Webstuff\\CommerceWebthings\\CommerceBankApp\\BankAppTests\\bin\\Debug\\net6.0\\fine-code-coverage\\build-output\\BankAppTests.dll","CodeFilePath":null,"LineNumber":0,"Properties":[]},"Attachments":[],"Outcome":1,"ErrorMessage":null,"ErrorStackTrace":null,"DisplayName":"BankAppTesting.Moq.PaymentInfoControllerTests.Edit_OrgisNull_ReturnsNotFoundResult","Messages":[],"ComputerName":"DESKTOP-IFVBF71","Duration":"00:00:00.0072913","StartTime":"2022-12-03T23:30:38.4471871+00:00","EndTime":"2022-12-03T23:30:38.4471871+00:00","Properties":[]}],"TestRunStatistics":{"ExecutedTests":48,"Stats":{"Passed":48}},"ActiveTests":[{"Id":"f85d4e41-c006-1f50-e3d8-0f2279ff191f","FullyQualifiedName":"BankAppTesting.Moq.OrganizationControllerTests.UserResults_ActionExecutes_ReturnsViewForUserResults","DisplayName":"BankAppTesting.Moq.OrganizationControllerTests.UserResults_ActionExecutes_ReturnsViewForUserResults","ExecutorUri":"executor://xunit/VsTestRunner2/netcoreapp","Source":"G:\\Webstuff\\CommerceWebthings\\CommerceBankApp\\BankAppTests\\bin\\Debug\\net6.0\\fine-code-coverage\\build-output\\BankAppTests.dll","CodeFilePath":null,"LineNumber":0,"Properties":[]},{"Id":"34282dcd-bfbc-4c25-9636-adf41338d98e","FullyQualifiedName":"BankAppTesting.Moq.PaymentInfo2ControllerTests.EditFull_ModelisInvalid_ReturnsViewResultForEdit","DisplayName":"BankAppTesting.Moq.PaymentInfo2ControllerTests.EditFull_ModelisInvalid_ReturnsViewResultForEdit","ExecutorUri":"executor://xunit/VsTestRunner2/netcoreapp","Source":"G:\\Webstuff\\CommerceWebthings\\CommerceBankApp\\BankAppTests\\bin\\Debug\\net6.0\\fine-code-coverage\\build-output\\BankAppTests.dll","CodeFilePath":null,"LineNumber":0,"Properties":[]},{"Id":"2ac6b169-c313-54b9-6083-62d1c9262eb0","FullyQualifiedName":"BankAppTesting.Moq.PaymentControllerTests.Delete_OrgisNull_ReturnsNotFoundResult","DisplayName":"BankAppTesting.Moq.PaymentControllerTests.Delete_OrgisNull_ReturnsNotFoundResult","ExecutorUri":"executor://xunit/VsTestRunner2/netcoreapp","Source":"G:\\Webstuff\\CommerceWebthings\\CommerceBankApp\\BankAppTests\\bin\\Debug\\net6.0\\fine-code-coverage\\build-output\\BankAppTests.dll","CodeFilePath":null,"LineNumber":0,"Properties":[]}]}}
TpTrace Verbose: 0 : 15188, 13, 2022/12/03, 17:30:38.448, 15875065160474, vstest.console.dll, TestRunRequest:SendTestRunStatsChange: Starting.
TpTrace Verbose: 0 : 15188, 13, 2022/12/03, 17:30:38.448, 15875065160870, vstest.console.dll, InProgress is BankAppTesting.Moq.OrganizationControllerTests.UserResults_ActionExecutes_ReturnsViewForUserResults
TpTrace Verbose: 0 : 15188, 13, 2022/12/03, 17:30:38.448, 15875065161174, vstest.console.dll, InProgress is BankAppTesting.Moq.PaymentInfo2ControllerTests.EditFull_ModelisInvalid_ReturnsViewResultForEdit
TpTrace Verbose: 0 : 15188, 13, 2022/12/03, 17:30:38.448, 15875065161402, vstest.console.dll, InProgress is BankAppTesting.Moq.PaymentControllerTests.Delete_OrgisNull_ReturnsNotFoundResult
TpTrace Verbose: 0 : 15188, 13, 2022/12/03, 17:30:38.448, 15875065161942, vstest.console.dll, MulticastDelegateUtilities.SafeInvoke: TestRun.RunStatsChanged: Invoking callbacks was skipped because there are no subscribers.
TpTrace Information: 0 : 15188, 13, 2022/12/03, 17:30:38.448, 15875065162332, vstest.console.dll, TestRunRequest:SendTestRunStatsChange: Completed.
TpTrace Verbose: 0 : 15188, 4, 2022/12/03, 17:30:38.448, 15875065162272, vstest.console.dll, MulticastDelegateUtilities.SafeInvoke: InternalTestLoggerEvents.SendTestResult: Invoking callback 1/1 for Microsoft.VisualStudio.TestPlatform.CommandLine.Internal.ConsoleLogger.TestResultHandler, took 0 ms.
TpTrace Verbose: 0 : 15188, 13, 2022/12/03, 17:30:38.448, 15875065162798, vstest.console.dll, MulticastDelegateUtilities.SafeInvoke: LengthPrefixCommunicationChannel: MessageReceived: Invoking callback 1/1 for Microsoft.VisualStudio.TestPlatform.CommunicationUtilities.TestRequestSender+<>c__DisplayClass31_0.<StartTestRun>b__1, took 0 ms.
TpTrace Verbose: 0 : 15188, 4, 2022/12/03, 17:30:38.449, 15875065163535, vstest.console.dll, MulticastDelegateUtilities.SafeInvoke: InternalTestLoggerEvents.SendTestResult: Invoking callback 1/1 for Microsoft.VisualStudio.TestPlatform.CommandLine.Internal.ConsoleLogger.TestResultHandler, took 0 ms.
TpTrace Verbose: 0 : 15188, 13, 2022/12/03, 17:30:38.449, 15875065163926, vstest.console.dll, TcpClientExtensions.MessageLoopAsync: Polling on remoteEndPoint: 127.0.0.1:64994 localEndPoint: 127.0.0.1:64993
TpTrace Verbose: 0 : 15188, 4, 2022/12/03, 17:30:38.449, 15875065164465, vstest.console.dll, MulticastDelegateUtilities.SafeInvoke: InternalTestLoggerEvents.SendTestResult: Invoking callback 1/1 for Microsoft.VisualStudio.TestPlatform.CommandLine.Internal.ConsoleLogger.TestResultHandler, took 0 ms.
TpTrace Verbose: 0 : 15188, 4, 2022/12/03, 17:30:38.449, 15875065165285, vstest.console.dll, MulticastDelegateUtilities.SafeInvoke: InternalTestLoggerEvents.SendTestResult: Invoking callback 1/1 for Microsoft.VisualStudio.TestPlatform.CommandLine.Internal.ConsoleLogger.TestResultHandler, took 0 ms.
TpTrace Verbose: 0 : 15188, 4, 2022/12/03, 17:30:38.449, 15875065165723, vstest.console.dll, MulticastDelegateUtilities.SafeInvoke: InternalTestLoggerEvents.SendTestResult: Invoking callback 1/1 for Microsoft.VisualStudio.TestPlatform.CommandLine.Internal.ConsoleLogger.TestResultHandler, took 0 ms.
TpTrace Verbose: 0 : 15188, 4, 2022/12/03, 17:30:38.449, 15875065166287, vstest.console.dll, MulticastDelegateUtilities.SafeInvoke: InternalTestLoggerEvents.SendTestResult: Invoking callback 1/1 for Microsoft.VisualStudio.TestPlatform.CommandLine.Internal.ConsoleLogger.TestResultHandler, took 0 ms.
TpTrace Verbose: 0 : 15188, 4, 2022/12/03, 17:30:38.449, 15875065166987, vstest.console.dll, MulticastDelegateUtilities.SafeInvoke: InternalTestLoggerEvents.SendTestResult: Invoking callback 1/1 for Microsoft.VisualStudio.TestPlatform.CommandLine.Internal.ConsoleLogger.TestResultHandler, took 0 ms.
TpTrace Verbose: 0 : 15188, 13, 2022/12/03, 17:30:38.460, 15875065279685, vstest.console.dll, TcpClientExtensions.MessageLoopAsync: NotifyDataAvailable remoteEndPoint: 127.0.0.1:64994 localEndPoint: 127.0.0.1:64993
TpTrace Verbose: 0 : 15188, 13, 2022/12/03, 17:30:38.460, 15875065282363, vstest.console.dll, TestRequestSender.OnExecutionMessageReceived: Received message: {"Version":7,"MessageType":"TestExecution.StatsChange","Payload":{"NewTestResults":[{"TestCase":{"Id":"34282dcd-bfbc-4c25-9636-adf41338d98e","FullyQualifiedName":"BankAppTesting.Moq.PaymentInfo2ControllerTests.EditFull_ModelisInvalid_ReturnsViewResultForEdit","DisplayName":"BankAppTesting.Moq.PaymentInfo2ControllerTests.EditFull_ModelisInvalid_ReturnsViewResultForEdit","ExecutorUri":"executor://xunit/VsTestRunner2/netcoreapp","Source":"G:\\Webstuff\\CommerceWebthings\\CommerceBankApp\\BankAppTests\\bin\\Debug\\net6.0\\fine-code-coverage\\build-output\\BankAppTests.dll","CodeFilePath":null,"LineNumber":0,"Properties":[]},"Attachments":[],"Outcome":1,"ErrorMessage":null,"ErrorStackTrace":null,"DisplayName":"BankAppTesting.Moq.PaymentInfo2ControllerTests.EditFull_ModelisInvalid_ReturnsViewResultForEdit","Messages":[],"ComputerName":"DESKTOP-IFVBF71","Duration":"00:00:00.0006578","StartTime":"2022-12-03T23:30:38.4491162+00:00","EndTime":"2022-12-03T23:30:38.4491164+00:00","Properties":[]},{"TestCase":{"Id":"2ac6b169-c313-54b9-6083-62d1c9262eb0","FullyQualifiedName":"BankAppTesting.Moq.PaymentControllerTests.Delete_OrgisNull_ReturnsNotFoundResult","DisplayName":"BankAppTesting.Moq.PaymentControllerTests.Delete_OrgisNull_ReturnsNotFoundResult","ExecutorUri":"executor://xunit/VsTestRunner2/netcoreapp","Source":"G:\\Webstuff\\CommerceWebthings\\CommerceBankApp\\BankAppTests\\bin\\Debug\\net6.0\\fine-code-coverage\\build-output\\BankAppTests.dll","CodeFilePath":null,"LineNumber":0,"Properties":[]},"Attachments":[],"Outcome":1,"ErrorMessage":null,"ErrorStackTrace":null,"DisplayName":"BankAppTesting.Moq.PaymentControllerTests.Delete_OrgisNull_ReturnsNotFoundResult","Messages":[],"ComputerName":"DESKTOP-IFVBF71","Duration":"00:00:00.0007959","StartTime":"2022-12-03T23:30:38.4506342+00:00","EndTime":"2022-12-03T23:30:38.4506342+00:00","Properties":[]},{"TestCase":{"Id":"922cc97f-327b-b1ad-8af1-db53e50d6899","FullyQualifiedName":"BankAppTesting.Moq.PaymentInfoControllerTests.Details_IDisFound_ReturnsViewResult","DisplayName":"BankAppTesting.Moq.PaymentInfoControllerTests.Details_IDisFound_ReturnsViewResult","ExecutorUri":"executor://xunit/VsTestRunner2/netcoreapp","Source":"G:\\Webstuff\\CommerceWebthings\\CommerceBankApp\\BankAppTests\\bin\\Debug\\net6.0\\fine-code-coverage\\build-output\\BankAppTests.dll","CodeFilePath":null,"LineNumber":0,"Properties":[]},"Attachments":[],"Outcome":1,"ErrorMessage":null,"ErrorStackTrace":null,"DisplayName":"BankAppTesting.Moq.PaymentInfoControllerTests.Details_IDisFound_ReturnsViewResult","Messages":[],"ComputerName":"DESKTOP-IFVBF71","Duration":"00:00:00.0012917","StartTime":"2022-12-03T23:30:38.4519346+00:00","EndTime":"2022-12-03T23:30:38.4519347+00:00","Properties":[]},{"TestCase":{"Id":"9f238af2-6e83-1c96-dab5-8431ce1e22ba","FullyQualifiedName":"BankAppTesting.Moq.PaymentControllerTests.EditFull_ActionExecutes_ReturnsRedirectResultForEdit","DisplayName":"BankAppTesting.Moq.PaymentControllerTests.EditFull_ActionExecutes_ReturnsRedirectResultForEdit","ExecutorUri":"executor://xunit/VsTestRunner2/netcoreapp","Source":"G:\\Webstuff\\CommerceWebthings\\CommerceBankApp\\BankAppTests\\bin\\Debug\\net6.0\\fine-code-coverage\\build-output\\BankAppTests.dll","CodeFilePath":null,"LineNumber":0,"Properties":[]},"Attachments":[],"Outcome":1,"ErrorMessage":null,"ErrorStackTrace":null,"DisplayName":"BankAppTesting.Moq.PaymentControllerTests.EditFull_ActionExecutes_ReturnsRedirectResultForEdit","Messages":[],"ComputerName":"DESKTOP-IFVBF71","Duration":"00:00:00.0008294","StartTime":"2022-12-03T23:30:38.4533892+00:00","EndTime":"2022-12-03T23:30:38.4533893+00:00","Properties":[]},{"TestCase":{"Id":"de420f6a-e5e3-7bde-54aa-481e500064fe","FullyQualifiedName":"BankAppTesting.Moq.PaymentInfo2ControllerTests.DeleteConfirmed_ActionExecutes_ReturnsRedirectResultForDeleteConfirmed","DisplayName":"BankAppTesting.Moq.PaymentInfo2ControllerTests.DeleteConfirmed_ActionExecutes_ReturnsRedirectResultForDeleteConfirmed","ExecutorUri":"executor://xunit/VsTestRunner2/netcoreapp","Source":"G:\\Webstuff\\CommerceWebthings\\CommerceBankApp\\BankAppTests\\bin\\Debug\\net6.0\\fine-code-coverage\\build-output\\BankAppTests.dll","CodeFilePath":null,"LineNumber":0,"Properties":[]},"Attachments":[],"Outcome":1,"ErrorMessage":null,"ErrorStackTrace":null,"DisplayName":"BankAppTesting.Moq.PaymentInfo2ControllerTests.DeleteConfirmed_ActionExecutes_ReturnsRedirectResultForDeleteConfirmed","Messages":[],"ComputerName":"DESKTOP-IFVBF71","Duration":"00:00:00.0018601","StartTime":"2022-12-03T23:30:38.4545915+00:00","EndTime":"2022-12-03T23:30:38.4545915+00:00","Properties":[]},{"TestCase":{"Id":"a8405811-b553-e5a3-da05-7c60dbacf0ef","FullyQualifiedName":"BankAppTesting.Moq.PaymentControllerTests.DeleteConfirmed_ActionExecutes_ReturnsRedirectResultForDeleteConfirmed","DisplayName":"BankAppTesting.Moq.PaymentControllerTests.DeleteConfirmed_ActionExecutes_ReturnsRedirectResultForDeleteConfirmed","ExecutorUri":"executor://xunit/VsTestRunner2/netcoreapp","Source":"G:\\Webstuff\\CommerceWebthings\\CommerceBankApp\\BankAppTests\\bin\\Debug\\net6.0\\fine-code-coverage\\build-output\\BankAppTests.dll","CodeFilePath":null,"LineNumber":0,"Properties":[]},"Attachments":[],"Outcome":1,"ErrorMessage":null,"ErrorStackTrace":null,"DisplayName":"BankAppTesting.Moq.PaymentControllerTests.DeleteConfirmed_ActionExecutes_ReturnsRedirectResultForDeleteConfirmed","Messages":[],"ComputerName":"DESKTOP-IFVBF71","Duration":"00:00:00.0016297","StartTime":"2022-12-03T23:30:38.4573415+00:00","EndTime":"2022-12-03T23:30:38.4573416+00:00","Properties":[]},{"TestCase":{"Id":"a11ca4c4-9684-5e1f-1440-d73272a773df","FullyQualifiedName":"BankAppTesting.Moq.PaymentInfo2ControllerTests.CreateAsync_InvalidModelState_ReturnsView","DisplayName":"BankAppTesting.Moq.PaymentInfo2ControllerTests.CreateAsync_InvalidModelState_ReturnsView","ExecutorUri":"executor://xunit/VsTestRunner2/netcoreapp","Source":"G:\\Webstuff\\CommerceWebthings\\CommerceBankApp\\BankAppTests\\bin\\Debug\\net6.0\\fine-code-coverage\\build-output\\BankAppTests.dll","CodeFilePath":null,"LineNumber":0,"Properties":[]},"Attachments":[],"Outcome":1,"ErrorMessage":null,"ErrorStackTrace":null,"DisplayName":"BankAppTesting.Moq.PaymentInfo2ControllerTests.CreateAsync_InvalidModelState_ReturnsView","Messages":[],"ComputerName":"DESKTOP-IFVBF71","Duration":"00:00:00.0009657","StartTime":"2022-12-03T23:30:38.4579094+00:00","EndTime":"2022-12-03T23:30:38.4579095+00:00","Properties":[]},{"TestCase":{"Id":"8feae48c-bf01-2831-7813-89369de46e19","FullyQualifiedName":"BankAppTesting.Moq.PaymentControllerTests.Details_OrgisNull_ReturnsNotFoundResult","DisplayName":"BankAppTesting.Moq.PaymentControllerTests.Details_OrgisNull_ReturnsNotFoundResult","ExecutorUri":"executor://xunit/VsTestRunner2/netcoreapp","Source":"G:\\Webstuff\\CommerceWebthings\\CommerceBankApp\\BankAppTests\\bin\\Debug\\net6.0\\fine-code-coverage\\build-output\\BankAppTests.dll","CodeFilePath":null,"LineNumber":0,"Properties":[]},"Attachments":[],"Outcome":1,"ErrorMessage":null,"ErrorStackTrace":null,"DisplayName":"BankAppTesting.Moq.PaymentControllerTests.Details_OrgisNull_ReturnsNotFoundResult","Messages":[],"ComputerName":"DESKTOP-IFVBF71","Duration":"00:00:00.0010074","StartTime":"2022-12-03T23:30:38.4594136+00:00","EndTime":"2022-12-03T23:30:38.4594138+00:00","Properties":[]}],"TestRunStatistics":{"ExecutedTests":56,"Stats":{"Passed":56}},"ActiveTests":[{"Id":"e9c6fec4-c22a-870d-6218-23205522714c","FullyQualifiedName":"BankAppTesting.Moq.PaymentInfoControllerTests.Index_ActionExecutes_ReturnsViewForIndex","DisplayName":"BankAppTesting.Moq.PaymentInfoControllerTests.Index_ActionExecutes_ReturnsViewForIndex","ExecutorUri":"executor://xunit/VsTestRunner2/netcoreapp","Source":"G:\\Webstuff\\CommerceWebthings\\CommerceBankApp\\BankAppTests\\bin\\Debug\\net6.0\\fine-code-coverage\\build-output\\BankAppTests.dll","CodeFilePath":null,"LineNumber":0,"Properties":[]},{"Id":"88b24ec4-f289-e350-a4d1-73689bc6c757","FullyQualifiedName":"BankAppTesting.Moq.PaymentControllerTests.CreateAsync_ModelStateisValid_ReturnsRedirectResultForCreate","DisplayName":"BankAppTesting.Moq.PaymentControllerTests.CreateAsync_ModelStateisValid_ReturnsRedirectResultForCreate","ExecutorUri":"executor://xunit/VsTestRunner2/netcoreapp","Source":"G:\\Webstuff\\CommerceWebthings\\CommerceBankApp\\BankAppTests\\bin\\Debug\\net6.0\\fine-code-coverage\\build-output\\BankAppTests.dll","CodeFilePath":null,"LineNumber":0,"Properties":[]}]}}
TpTrace Verbose: 0 : 15188, 13, 2022/12/03, 17:30:38.461, 15875065287271, vstest.console.dll, TestRunRequest:SendTestRunStatsChange: Starting.
TpTrace Verbose: 0 : 15188, 13, 2022/12/03, 17:30:38.461, 15875065287764, vstest.console.dll, InProgress is BankAppTesting.Moq.PaymentInfoControllerTests.Index_ActionExecutes_ReturnsViewForIndex
TpTrace Verbose: 0 : 15188, 13, 2022/12/03, 17:30:38.461, 15875065288064, vstest.console.dll, InProgress is BankAppTesting.Moq.PaymentControllerTests.CreateAsync_ModelStateisValid_ReturnsRedirectResultForCreate
TpTrace Verbose: 0 : 15188, 13, 2022/12/03, 17:30:38.461, 15875065288530, vstest.console.dll, MulticastDelegateUtilities.SafeInvoke: TestRun.RunStatsChanged: Invoking callbacks was skipped because there are no subscribers.
TpTrace Information: 0 : 15188, 13, 2022/12/03, 17:30:38.461, 15875065288836, vstest.console.dll, TestRunRequest:SendTestRunStatsChange: Completed.
TpTrace Verbose: 0 : 15188, 4, 2022/12/03, 17:30:38.461, 15875065288895, vstest.console.dll, MulticastDelegateUtilities.SafeInvoke: InternalTestLoggerEvents.SendTestResult: Invoking callback 1/1 for Microsoft.VisualStudio.TestPlatform.CommandLine.Internal.ConsoleLogger.TestResultHandler, took 0 ms.
TpTrace Verbose: 0 : 15188, 13, 2022/12/03, 17:30:38.461, 15875065289152, vstest.console.dll, MulticastDelegateUtilities.SafeInvoke: LengthPrefixCommunicationChannel: MessageReceived: Invoking callback 1/1 for Microsoft.VisualStudio.TestPlatform.CommunicationUtilities.TestRequestSender+<>c__DisplayClass31_0.<StartTestRun>b__1, took 0 ms.
TpTrace Verbose: 0 : 15188, 4, 2022/12/03, 17:30:38.461, 15875065289744, vstest.console.dll, MulticastDelegateUtilities.SafeInvoke: InternalTestLoggerEvents.SendTestResult: Invoking callback 1/1 for Microsoft.VisualStudio.TestPlatform.CommandLine.Internal.ConsoleLogger.TestResultHandler, took 0 ms.
TpTrace Verbose: 0 : 15188, 13, 2022/12/03, 17:30:38.461, 15875065289955, vstest.console.dll, TcpClientExtensions.MessageLoopAsync: Polling on remoteEndPoint: 127.0.0.1:64994 localEndPoint: 127.0.0.1:64993
TpTrace Verbose: 0 : 15188, 4, 2022/12/03, 17:30:38.461, 15875065290474, vstest.console.dll, MulticastDelegateUtilities.SafeInvoke: InternalTestLoggerEvents.SendTestResult: Invoking callback 1/1 for Microsoft.VisualStudio.TestPlatform.CommandLine.Internal.ConsoleLogger.TestResultHandler, took 0 ms.
TpTrace Verbose: 0 : 15188, 4, 2022/12/03, 17:30:38.461, 15875065291089, vstest.console.dll, MulticastDelegateUtilities.SafeInvoke: InternalTestLoggerEvents.SendTestResult: Invoking callback 1/1 for Microsoft.VisualStudio.TestPlatform.CommandLine.Internal.ConsoleLogger.TestResultHandler, took 0 ms.
TpTrace Verbose: 0 : 15188, 4, 2022/12/03, 17:30:38.461, 15875065291515, vstest.console.dll, MulticastDelegateUtilities.SafeInvoke: InternalTestLoggerEvents.SendTestResult: Invoking callback 1/1 for Microsoft.VisualStudio.TestPlatform.CommandLine.Internal.ConsoleLogger.TestResultHandler, took 0 ms.
TpTrace Verbose: 0 : 15188, 4, 2022/12/03, 17:30:38.461, 15875065291943, vstest.console.dll, MulticastDelegateUtilities.SafeInvoke: InternalTestLoggerEvents.SendTestResult: Invoking callback 1/1 for Microsoft.VisualStudio.TestPlatform.CommandLine.Internal.ConsoleLogger.TestResultHandler, took 0 ms.
TpTrace Verbose: 0 : 15188, 4, 2022/12/03, 17:30:38.461, 15875065292283, vstest.console.dll, MulticastDelegateUtilities.SafeInvoke: InternalTestLoggerEvents.SendTestResult: Invoking callback 1/1 for Microsoft.VisualStudio.TestPlatform.CommandLine.Internal.ConsoleLogger.TestResultHandler, took 0 ms.
TpTrace Verbose: 0 : 15188, 4, 2022/12/03, 17:30:38.461, 15875065292680, vstest.console.dll, MulticastDelegateUtilities.SafeInvoke: InternalTestLoggerEvents.SendTestResult: Invoking callback 1/1 for Microsoft.VisualStudio.TestPlatform.CommandLine.Internal.ConsoleLogger.TestResultHandler, took 0 ms.
TpTrace Verbose: 0 : 15188, 13, 2022/12/03, 17:30:38.470, 15875065376995, vstest.console.dll, TcpClientExtensions.MessageLoopAsync: NotifyDataAvailable remoteEndPoint: 127.0.0.1:64994 localEndPoint: 127.0.0.1:64993
TpTrace Verbose: 0 : 15188, 13, 2022/12/03, 17:30:38.470, 15875065379339, vstest.console.dll, TestRequestSender.OnExecutionMessageReceived: Received message: {"Version":7,"MessageType":"TestExecution.StatsChange","Payload":{"NewTestResults":[{"TestCase":{"Id":"88b24ec4-f289-e350-a4d1-73689bc6c757","FullyQualifiedName":"BankAppTesting.Moq.PaymentControllerTests.CreateAsync_ModelStateisValid_ReturnsRedirectResultForCreate","DisplayName":"BankAppTesting.Moq.PaymentControllerTests.CreateAsync_ModelStateisValid_ReturnsRedirectResultForCreate","ExecutorUri":"executor://xunit/VsTestRunner2/netcoreapp","Source":"G:\\Webstuff\\CommerceWebthings\\CommerceBankApp\\BankAppTests\\bin\\Debug\\net6.0\\fine-code-coverage\\build-output\\BankAppTests.dll","CodeFilePath":null,"LineNumber":0,"Properties":[]},"Attachments":[],"Outcome":1,"ErrorMessage":null,"ErrorStackTrace":null,"DisplayName":"BankAppTesting.Moq.PaymentControllerTests.CreateAsync_ModelStateisValid_ReturnsRedirectResultForCreate","Messages":[],"ComputerName":"DESKTOP-IFVBF71","Duration":"00:00:00.0010762","StartTime":"2022-12-03T23:30:38.4614184+00:00","EndTime":"2022-12-03T23:30:38.4614185+00:00","Properties":[]},{"TestCase":{"Id":"f35dbac7-625a-a1eb-6d9a-b37f1b95c202","FullyQualifiedName":"BankAppTesting.Moq.PaymentControllerTests.EditFull_IDisInvalid_ReturnsNotFoundResult","DisplayName":"BankAppTesting.Moq.PaymentControllerTests.EditFull_IDisInvalid_ReturnsNotFoundResult","ExecutorUri":"executor://xunit/VsTestRunner2/netcoreapp","Source":"G:\\Webstuff\\CommerceWebthings\\CommerceBankApp\\BankAppTests\\bin\\Debug\\net6.0\\fine-code-coverage\\build-output\\BankAppTests.dll","CodeFilePath":null,"LineNumber":0,"Properties":[]},"Attachments":[],"Outcome":1,"ErrorMessage":null,"ErrorStackTrace":null,"DisplayName":"BankAppTesting.Moq.PaymentControllerTests.EditFull_IDisInvalid_ReturnsNotFoundResult","Messages":[],"ComputerName":"DESKTOP-IFVBF71","Duration":"00:00:00.0014118","StartTime":"2022-12-03T23:30:38.4627764+00:00","EndTime":"2022-12-03T23:30:38.4627765+00:00","Properties":[]},{"TestCase":{"Id":"f85d4e41-c006-1f50-e3d8-0f2279ff191f","FullyQualifiedName":"BankAppTesting.Moq.OrganizationControllerTests.UserResults_ActionExecutes_ReturnsViewForUserResults","DisplayName":"BankAppTesting.Moq.OrganizationControllerTests.UserResults_ActionExecutes_ReturnsViewForUserResults","ExecutorUri":"executor://xunit/VsTestRunner2/netcoreapp","Source":"G:\\Webstuff\\CommerceWebthings\\CommerceBankApp\\BankAppTests\\bin\\Debug\\net6.0\\fine-code-coverage\\build-output\\BankAppTests.dll","CodeFilePath":null,"LineNumber":0,"Properties":[]},"Attachments":[],"Outcome":1,"ErrorMessage":null,"ErrorStackTrace":null,"DisplayName":"BankAppTesting.Moq.OrganizationControllerTests.UserResults_ActionExecutes_ReturnsViewForUserResults","Messages":[],"ComputerName":"DESKTOP-IFVBF71","Duration":"00:00:00.0240548","StartTime":"2022-12-03T23:30:38.4639981+00:00","EndTime":"2022-12-03T23:30:38.4639981+00:00","Properties":[]},{"TestCase":{"Id":"e9c6fec4-c22a-870d-6218-23205522714c","FullyQualifiedName":"BankAppTesting.Moq.PaymentInfoControllerTests.Index_ActionExecutes_ReturnsViewForIndex","DisplayName":"BankAppTesting.Moq.PaymentInfoControllerTests.Index_ActionExecutes_ReturnsViewForIndex","ExecutorUri":"executor://xunit/VsTestRunner2/netcoreapp","Source":"G:\\Webstuff\\CommerceWebthings\\CommerceBankApp\\BankAppTests\\bin\\Debug\\net6.0\\fine-code-coverage\\build-output\\BankAppTests.dll","CodeFilePath":null,"LineNumber":0,"Properties":[]},"Attachments":[],"Outcome":1,"ErrorMessage":null,"ErrorStackTrace":null,"DisplayName":"BankAppTesting.Moq.PaymentInfoControllerTests.Index_ActionExecutes_ReturnsViewForIndex","Messages":[],"ComputerName":"DESKTOP-IFVBF71","Duration":"00:00:00.0219748","StartTime":"2022-12-03T23:30:38.4645974+00:00","EndTime":"2022-12-03T23:30:38.4645974+00:00","Properties":[]},{"TestCase":{"Id":"7127cd0f-0c7e-6c57-eae2-a602cc9cad89","FullyQualifiedName":"BankAppTesting.Moq.OrganizationControllerTests.Delete_ActionExecutes_ReturnsViewResultForDelete","DisplayName":"BankAppTesting.Moq.OrganizationControllerTests.Delete_ActionExecutes_ReturnsViewResultForDelete","ExecutorUri":"executor://xunit/VsTestRunner2/netcoreapp","Source":"G:\\Webstuff\\CommerceWebthings\\CommerceBankApp\\BankAppTests\\bin\\Debug\\net6.0\\fine-code-coverage\\build-output\\BankAppTests.dll","CodeFilePath":null,"LineNumber":0,"Properties":[]},"Attachments":[],"Outcome":1,"ErrorMessage":null,"ErrorStackTrace":null,"DisplayName":"BankAppTesting.Moq.OrganizationControllerTests.Delete_ActionExecutes_ReturnsViewResultForDelete","Messages":[],"ComputerName":"DESKTOP-IFVBF71","Duration":"00:00:00.0059902","StartTime":"2022-12-03T23:30:38.4659889+00:00","EndTime":"2022-12-03T23:30:38.465989+00:00","Properties":[]},{"TestCase":{"Id":"1b3c13fb-0ba0-25bd-28e3-c195be0c0b53","FullyQualifiedName":"BankAppTesting.Moq.OrganizationControllerTests.Delete_IDisNull_ReturnsNotFoundResult","DisplayName":"BankAppTesting.Moq.OrganizationControllerTests.Delete_IDisNull_ReturnsNotFoundResult","ExecutorUri":"executor://xunit/VsTestRunner2/netcoreapp","Source":"G:\\Webstuff\\CommerceWebthings\\CommerceBankApp\\BankAppTests\\bin\\Debug\\net6.0\\fine-code-coverage\\build-output\\BankAppTests.dll","CodeFilePath":null,"LineNumber":0,"Properties":[]},"Attachments":[],"Outcome":1,"ErrorMessage":null,"ErrorStackTrace":null,"DisplayName":"BankAppTesting.Moq.OrganizationControllerTests.Delete_IDisNull_ReturnsNotFoundResult","Messages":[],"ComputerName":"DESKTOP-IFVBF71","Duration":"00:00:00.0005847","StartTime":"2022-12-03T23:30:38.4671626+00:00","EndTime":"2022-12-03T23:30:38.4671626+00:00","Properties":[]},{"TestCase":{"Id":"ff147e20-cf79-6227-6bc9-f7c8adad9d8a","FullyQualifiedName":"BankAppTesting.Moq.OrganizationControllerTests.DeleteConfirmed_ActionExecutes_ReturnsRedirectToActionResultForDeleteConfirmed","DisplayName":"BankAppTesting.Moq.OrganizationControllerTests.DeleteConfirmed_ActionExecutes_ReturnsRedirectToActionResultForDeleteConfirmed","ExecutorUri":"executor://xunit/VsTestRunner2/netcoreapp","Source":"G:\\Webstuff\\CommerceWebthings\\CommerceBankApp\\BankAppTests\\bin\\Debug\\net6.0\\fine-code-coverage\\build-output\\BankAppTests.dll","CodeFilePath":null,"LineNumber":0,"Properties":[]},"Attachments":[],"Outcome":1,"ErrorMessage":null,"ErrorStackTrace":null,"DisplayName":"BankAppTesting.Moq.OrganizationControllerTests.DeleteConfirmed_ActionExecutes_ReturnsRedirectToActionResultForDeleteConfirmed","Messages":[],"ComputerName":"DESKTOP-IFVBF71","Duration":"00:00:00.0018643","StartTime":"2022-12-03T23:30:38.4682263+00:00","EndTime":"2022-12-03T23:30:38.4682264+00:00","Properties":[]},{"TestCase":{"Id":"92772a1e-0427-de80-e6a7-63024904c352","FullyQualifiedName":"BankAppTesting.Moq.OrganizationControllerTests.Create_ActionExecutes_ReturnsViewForCreate","DisplayName":"BankAppTesting.Moq.OrganizationControllerTests.Create_ActionExecutes_ReturnsViewForCreate","ExecutorUri":"executor://xunit/VsTestRunner2/netcoreapp","Source":"G:\\Webstuff\\CommerceWebthings\\CommerceBankApp\\BankAppTests\\bin\\Debug\\net6.0\\fine-code-coverage\\build-output\\BankAppTests.dll","CodeFilePath":null,"LineNumber":0,"Properties":[]},"Attachments":[],"Outcome":1,"ErrorMessage":null,"ErrorStackTrace":null,"DisplayName":"BankAppTesting.Moq.OrganizationControllerTests.Create_ActionExecutes_ReturnsViewForCreate","Messages":[],"ComputerName":"DESKTOP-IFVBF71","Duration":"00:00:00.0017894","StartTime":"2022-12-03T23:30:38.4693723+00:00","EndTime":"2022-12-03T23:30:38.4693723+00:00","Properties":[]}],"TestRunStatistics":{"ExecutedTests":64,"Stats":{"Passed":64}},"ActiveTests":[{"Id":"e753444e-955c-167e-0959-c961d59ae1ec","FullyQualifiedName":"BankAppTesting.Moq.PaymentControllerTests.Index_ActionExecutes_ReturnsViewForIndex","DisplayName":"BankAppTesting.Moq.PaymentControllerTests.Index_ActionExecutes_ReturnsViewForIndex","ExecutorUri":"executor://xunit/VsTestRunner2/netcoreapp","Source":"G:\\Webstuff\\CommerceWebthings\\CommerceBankApp\\BankAppTests\\bin\\Debug\\net6.0\\fine-code-coverage\\build-output\\BankAppTests.dll","CodeFilePath":null,"LineNumber":0,"Properties":[]},{"Id":"1b85ad98-97e8-224e-5fa8-1cc9af4c98a2","FullyQualifiedName":"BankAppTesting.Moq.OrganizationControllerTests.Index_ActionExecutes_ReturnsViewForIndex","DisplayName":"BankAppTesting.Moq.OrganizationControllerTests.Index_ActionExecutes_ReturnsViewForIndex","ExecutorUri":"executor://xunit/VsTestRunner2/netcoreapp","Source":"G:\\Webstuff\\CommerceWebthings\\CommerceBankApp\\BankAppTests\\bin\\Debug\\net6.0\\fine-code-coverage\\build-output\\BankAppTests.dll","CodeFilePath":null,"LineNumber":0,"Properties":[]}]}}
TpTrace Verbose: 0 : 15188, 13, 2022/12/03, 17:30:38.471, 15875065383909, vstest.console.dll, TestRunRequest:SendTestRunStatsChange: Starting.
TpTrace Verbose: 0 : 15188, 13, 2022/12/03, 17:30:38.471, 15875065384407, vstest.console.dll, InProgress is BankAppTesting.Moq.PaymentControllerTests.Index_ActionExecutes_ReturnsViewForIndex
TpTrace Verbose: 0 : 15188, 13, 2022/12/03, 17:30:38.471, 15875065384689, vstest.console.dll, InProgress is BankAppTesting.Moq.OrganizationControllerTests.Index_ActionExecutes_ReturnsViewForIndex
TpTrace Verbose: 0 : 15188, 13, 2022/12/03, 17:30:38.471, 15875065385160, vstest.console.dll, MulticastDelegateUtilities.SafeInvoke: TestRun.RunStatsChanged: Invoking callbacks was skipped because there are no subscribers.
TpTrace Information: 0 : 15188, 13, 2022/12/03, 17:30:38.471, 15875065385404, vstest.console.dll, TestRunRequest:SendTestRunStatsChange: Completed.
TpTrace Verbose: 0 : 15188, 4, 2022/12/03, 17:30:38.471, 15875065385470, vstest.console.dll, MulticastDelegateUtilities.SafeInvoke: InternalTestLoggerEvents.SendTestResult: Invoking callback 1/1 for Microsoft.VisualStudio.TestPlatform.CommandLine.Internal.ConsoleLogger.TestResultHandler, took 0 ms.
TpTrace Verbose: 0 : 15188, 13, 2022/12/03, 17:30:38.471, 15875065385686, vstest.console.dll, MulticastDelegateUtilities.SafeInvoke: LengthPrefixCommunicationChannel: MessageReceived: Invoking callback 1/1 for Microsoft.VisualStudio.TestPlatform.CommunicationUtilities.TestRequestSender+<>c__DisplayClass31_0.<StartTestRun>b__1, took 0 ms.
TpTrace Verbose: 0 : 15188, 4, 2022/12/03, 17:30:38.471, 15875065386244, vstest.console.dll, MulticastDelegateUtilities.SafeInvoke: InternalTestLoggerEvents.SendTestResult: Invoking callback 1/1 for Microsoft.VisualStudio.TestPlatform.CommandLine.Internal.ConsoleLogger.TestResultHandler, took 0 ms.
TpTrace Verbose: 0 : 15188, 13, 2022/12/03, 17:30:38.471, 15875065386474, vstest.console.dll, TcpClientExtensions.MessageLoopAsync: Polling on remoteEndPoint: 127.0.0.1:64994 localEndPoint: 127.0.0.1:64993
TpTrace Verbose: 0 : 15188, 4, 2022/12/03, 17:30:38.471, 15875065387082, vstest.console.dll, MulticastDelegateUtilities.SafeInvoke: InternalTestLoggerEvents.SendTestResult: Invoking callback 1/1 for Microsoft.VisualStudio.TestPlatform.CommandLine.Internal.ConsoleLogger.TestResultHandler, took 0 ms.
TpTrace Verbose: 0 : 15188, 4, 2022/12/03, 17:30:38.471, 15875065387490, vstest.console.dll, MulticastDelegateUtilities.SafeInvoke: InternalTestLoggerEvents.SendTestResult: Invoking callback 1/1 for Microsoft.VisualStudio.TestPlatform.CommandLine.Internal.ConsoleLogger.TestResultHandler, took 0 ms.
TpTrace Verbose: 0 : 15188, 4, 2022/12/03, 17:30:38.471, 15875065387830, vstest.console.dll, MulticastDelegateUtilities.SafeInvoke: InternalTestLoggerEvents.SendTestResult: Invoking callback 1/1 for Microsoft.VisualStudio.TestPlatform.CommandLine.Internal.ConsoleLogger.TestResultHandler, took 0 ms.
TpTrace Verbose: 0 : 15188, 4, 2022/12/03, 17:30:38.471, 15875065388246, vstest.console.dll, MulticastDelegateUtilities.SafeInvoke: InternalTestLoggerEvents.SendTestResult: Invoking callback 1/1 for Microsoft.VisualStudio.TestPlatform.CommandLine.Internal.ConsoleLogger.TestResultHandler, took 0 ms.
TpTrace Verbose: 0 : 15188, 4, 2022/12/03, 17:30:38.471, 15875065388588, vstest.console.dll, MulticastDelegateUtilities.SafeInvoke: InternalTestLoggerEvents.SendTestResult: Invoking callback 1/1 for Microsoft.VisualStudio.TestPlatform.CommandLine.Internal.ConsoleLogger.TestResultHandler, took 0 ms.
TpTrace Verbose: 0 : 15188, 4, 2022/12/03, 17:30:38.471, 15875065388959, vstest.console.dll, MulticastDelegateUtilities.SafeInvoke: InternalTestLoggerEvents.SendTestResult: Invoking callback 1/1 for Microsoft.VisualStudio.TestPlatform.CommandLine.Internal.ConsoleLogger.TestResultHandler, took 0 ms.
TpTrace Verbose: 0 : 15188, 13, 2022/12/03, 17:30:38.488, 15875065560961, vstest.console.dll, TcpClientExtensions.MessageLoopAsync: NotifyDataAvailable remoteEndPoint: 127.0.0.1:64994 localEndPoint: 127.0.0.1:64993
TpTrace Verbose: 0 : 15188, 13, 2022/12/03, 17:30:38.488, 15875065561810, vstest.console.dll, TestRequestSender.OnExecutionMessageReceived: Received message: {"Version":7,"MessageType":"TestSession.Message","Payload":{"MessageLevel":0,"Message":"[xUnit.net 00:00:02.73]   Finished:    BankAppTests"}}
TpTrace Verbose: 0 : 15188, 13, 2022/12/03, 17:30:38.488, 15875065562564, vstest.console.dll, TestRunRequest:SendTestRunMessage: Starting.
TpTrace Verbose: 0 : 15188, 13, 2022/12/03, 17:30:38.488, 15875065563066, vstest.console.dll, MulticastDelegateUtilities.SafeInvoke: TestRun.LogMessages: Invoking callback 1/1 for Microsoft.VisualStudio.TestPlatform.CommandLine.TestRunResultAggregator.TestRunMessageHandler, took 0 ms.
TpTrace Verbose: 0 : 15188, 4, 2022/12/03, 17:30:38.489, 15875065563247, vstest.console.dll, MulticastDelegateUtilities.SafeInvoke: InternalTestLoggerEvents.SendTestRunMessage: Invoking callback 1/1 for Microsoft.VisualStudio.TestPlatform.CommandLine.Internal.ConsoleLogger.TestMessageHandler, took 0 ms.
TpTrace Information: 0 : 15188, 13, 2022/12/03, 17:30:38.489, 15875065563330, vstest.console.dll, TestRunRequest:SendTestRunMessage: Completed.
TpTrace Verbose: 0 : 15188, 13, 2022/12/03, 17:30:38.489, 15875065564066, vstest.console.dll, MulticastDelegateUtilities.SafeInvoke: LengthPrefixCommunicationChannel: MessageReceived: Invoking callback 1/1 for Microsoft.VisualStudio.TestPlatform.CommunicationUtilities.TestRequestSender+<>c__DisplayClass31_0.<StartTestRun>b__1, took 0 ms.
TpTrace Verbose: 0 : 15188, 13, 2022/12/03, 17:30:38.489, 15875065564395, vstest.console.dll, TcpClientExtensions.MessageLoopAsync: Polling on remoteEndPoint: 127.0.0.1:64994 localEndPoint: 127.0.0.1:64993
TpTrace Verbose: 0 : 15188, 13, 2022/12/03, 17:30:38.503, 15875065705548, vstest.console.dll, TcpClientExtensions.MessageLoopAsync: NotifyDataAvailable remoteEndPoint: 127.0.0.1:64994 localEndPoint: 127.0.0.1:64993
TpTrace Verbose: 0 : 15188, 13, 2022/12/03, 17:30:38.503, 15875065707492, vstest.console.dll, TestRequestSender.OnExecutionMessageReceived: Received message: {"Version":7,"MessageType":"TestExecution.Completed","Payload":{"TestRunCompleteArgs":{"TestRunStatistics":{"ExecutedTests":71,"Stats":{"Passed":71}},"IsCanceled":false,"IsAborted":false,"Error":null,"AttachmentSets":[],"InvokedDataCollectors":[],"ElapsedTimeInRunningTests":"00:00:02.7450781","Metrics":{},"DiscoveredExtensions":{"TestDiscoverers":["Xunit.Runner.VisualStudio.VsTestRunner, xunit.runner.visualstudio.dotnetcore.testadapter, Version=2.4.0.0, Culture=neutral, PublicKeyToken=8d05b1bb7a6fdb6c"],"TestExecutors":["executor://xunit/VsTestRunner2/netcoreapp"],"TestExecutors2":[],"TestSettingsProviders":[]}},"LastRunTests":{"NewTestResults":[{"TestCase":{"Id":"1b85ad98-97e8-224e-5fa8-1cc9af4c98a2","FullyQualifiedName":"BankAppTesting.Moq.OrganizationControllerTests.Index_ActionExecutes_ReturnsViewForIndex","DisplayName":"BankAppTesting.Moq.OrganizationControllerTests.Index_ActionExecutes_ReturnsViewForIndex","ExecutorUri":"executor://xunit/VsTestRunner2/netcoreapp","Source":"G:\\Webstuff\\CommerceWebthings\\CommerceBankApp\\BankAppTests\\bin\\Debug\\net6.0\\fine-code-coverage\\build-output\\BankAppTests.dll","CodeFilePath":null,"LineNumber":0,"Properties":[]},"Attachments":[],"Outcome":1,"ErrorMessage":null,"ErrorStackTrace":null,"DisplayName":"BankAppTesting.Moq.OrganizationControllerTests.Index_ActionExecutes_ReturnsViewForIndex","Messages":[],"ComputerName":"DESKTOP-IFVBF71","Duration":"00:00:00.0195577","StartTime":"2022-12-03T23:30:38.4751283+00:00","EndTime":"2022-12-03T23:30:38.4751285+00:00","Properties":[]},{"TestCase":{"Id":"e612066e-fbef-a7a9-cc83-de38074cf234","FullyQualifiedName":"BankAppTesting.Moq.OrganizationControllerTests.Delete_OrgisNull_ReturnsNotFoundResult","DisplayName":"BankAppTesting.Moq.OrganizationControllerTests.Delete_OrgisNull_ReturnsNotFoundResult","ExecutorUri":"executor://xunit/VsTestRunner2/netcoreapp","Source":"G:\\Webstuff\\CommerceWebthings\\CommerceBankApp\\BankAppTests\\bin\\Debug\\net6.0\\fine-code-coverage\\build-output\\BankAppTests.dll","CodeFilePath":null,"LineNumber":0,"Properties":[]},"Attachments":[],"Outcome":1,"ErrorMessage":null,"ErrorStackTrace":null,"DisplayName":"BankAppTesting.Moq.OrganizationControllerTests.Delete_OrgisNull_ReturnsNotFoundResult","Messages":[],"ComputerName":"DESKTOP-IFVBF71","Duration":"00:00:00.0010238","StartTime":"2022-12-03T23:30:38.4772613+00:00","EndTime":"2022-12-03T23:30:38.4772616+00:00","Properties":[]},{"TestCase":{"Id":"586ea030-8495-2d38-3542-78a352791866","FullyQualifiedName":"BankAppTesting.Moq.OrganizationControllerTests.EditFull_IDisInvalid_ReturnsNotFoundResult","DisplayName":"BankAppTesting.Moq.OrganizationControllerTests.EditFull_IDisInvalid_ReturnsNotFoundResult","ExecutorUri":"executor://xunit/VsTestRunner2/netcoreapp","Source":"G:\\Webstuff\\CommerceWebthings\\CommerceBankApp\\BankAppTests\\bin\\Debug\\net6.0\\fine-code-coverage\\build-output\\BankAppTests.dll","CodeFilePath":null,"LineNumber":0,"Properties":[]},"Attachments":[],"Outcome":1,"ErrorMessage":null,"ErrorStackTrace":null,"DisplayName":"BankAppTesting.Moq.OrganizationControllerTests.EditFull_IDisInvalid_ReturnsNotFoundResult","Messages":[],"ComputerName":"DESKTOP-IFVBF71","Duration":"00:00:00.0013368","StartTime":"2022-12-03T23:30:38.4788266+00:00","EndTime":"2022-12-03T23:30:38.4788266+00:00","Properties":[]},{"TestCase":{"Id":"47f8a3c7-d718-a4e5-43b1-64dd5eeaf46d","FullyQualifiedName":"BankAppTesting.Moq.OrganizationControllerTests.Details_IDisFound_ReturnsViewResult","DisplayName":"BankAppTesting.Moq.OrganizationControllerTests.Details_IDisFound_ReturnsViewResult","ExecutorUri":"executor://xunit/VsTestRunner2/netcoreapp","Source":"G:\\Webstuff\\CommerceWebthings\\CommerceBankApp\\BankAppTests\\bin\\Debug\\net6.0\\fine-code-coverage\\build-output\\BankAppTests.dll","CodeFilePath":null,"LineNumber":0,"Properties":[]},"Attachments":[],"Outcome":1,"ErrorMessage":null,"ErrorStackTrace":null,"DisplayName":"BankAppTesting.Moq.OrganizationControllerTests.Details_IDisFound_ReturnsViewResult","Messages":[],"ComputerName":"DESKTOP-IFVBF71","Duration":"00:00:00.0012175","StartTime":"2022-12-03T23:30:38.4800172+00:00","EndTime":"2022-12-03T23:30:38.4800173+00:00","Properties":[]},{"TestCase":{"Id":"ae0774c4-3b59-6acb-14c9-6694d8c6e952","FullyQualifiedName":"BankAppTesting.Moq.OrganizationControllerTests.CreateAsync_InvalidModelState_ReturnsView","DisplayName":"BankAppTesting.Moq.OrganizationControllerTests.CreateAsync_InvalidModelState_ReturnsView","ExecutorUri":"executor://xunit/VsTestRunner2/netcoreapp","Source":"G:\\Webstuff\\CommerceWebthings\\CommerceBankApp\\BankAppTests\\bin\\Debug\\net6.0\\fine-code-coverage\\build-output\\BankAppTests.dll","CodeFilePath":null,"LineNumber":0,"Properties":[]},"Attachments":[],"Outcome":1,"ErrorMessage":null,"ErrorStackTrace":null,"DisplayName":"BankAppTesting.Moq.OrganizationControllerTests.CreateAsync_InvalidModelState_ReturnsView","Messages":[],"ComputerName":"DESKTOP-IFVBF71","Duration":"00:00:00.0028803","StartTime":"2022-12-03T23:30:38.481836+00:00","EndTime":"2022-12-03T23:30:38.4818362+00:00","Properties":[]},{"TestCase":{"Id":"e753444e-955c-167e-0959-c961d59ae1ec","FullyQualifiedName":"BankAppTesting.Moq.PaymentControllerTests.Index_ActionExecutes_ReturnsViewForIndex","DisplayName":"BankAppTesting.Moq.PaymentControllerTests.Index_ActionExecutes_ReturnsViewForIndex","ExecutorUri":"executor://xunit/VsTestRunner2/netcoreapp","Source":"G:\\Webstuff\\CommerceWebthings\\CommerceBankApp\\BankAppTests\\bin\\Debug\\net6.0\\fine-code-coverage\\build-output\\BankAppTests.dll","CodeFilePath":null,"LineNumber":0,"Properties":[]},"Attachments":[],"Outcome":1,"ErrorMessage":null,"ErrorStackTrace":null,"DisplayName":"BankAppTesting.Moq.PaymentControllerTests.Index_ActionExecutes_ReturnsViewForIndex","Messages":[],"ComputerName":"DESKTOP-IFVBF71","Duration":"00:00:00.0570945","StartTime":"2022-12-03T23:30:38.4857979+00:00","EndTime":"2022-12-03T23:30:38.4857981+00:00","Properties":[]},{"TestCase":{"Id":"01e8ca4a-57c0-59cf-7a24-f2e81080e5b6","FullyQualifiedName":"BankAppTesting.Moq.PaymentControllerTests.Delete_ActionExecutes_ReturnsViewResultForDelete","DisplayName":"BankAppTesting.Moq.PaymentControllerTests.Delete_ActionExecutes_ReturnsViewResultForDelete","ExecutorUri":"executor://xunit/VsTestRunner2/netcoreapp","Source":"G:\\Webstuff\\CommerceWebthings\\CommerceBankApp\\BankAppTests\\bin\\Debug\\net6.0\\fine-code-coverage\\build-output\\BankAppTests.dll","CodeFilePath":null,"LineNumber":0,"Properties":[]},"Attachments":[],"Outcome":1,"ErrorMessage":null,"ErrorStackTrace":null,"DisplayName":"BankAppTesting.Moq.PaymentControllerTests.Delete_ActionExecutes_ReturnsViewResultForDelete","Messages":[],"ComputerName":"DESKTOP-IFVBF71","Duration":"00:00:00.0012159","StartTime":"2022-12-03T23:30:38.4871556+00:00","EndTime":"2022-12-03T23:30:38.4871557+00:00","Properties":[]}],"TestRunStatistics":{"ExecutedTests":71,"Stats":{"Passed":71}},"ActiveTests":[]},"RunAttachments":[],"ExecutorUris":["executor://xunit/VsTestRunner2/netcoreapp"]}}
TpTrace Verbose: 0 : 15188, 13, 2022/12/03, 17:30:38.503, 15875065709408, vstest.console.dll, TestRequestSender.EndSession: Sending end session.
TpTrace Verbose: 0 : 15188, 13, 2022/12/03, 17:30:38.503, 15875065710492, vstest.console.dll, ProxyOperationManager.Close: waiting for test host to exit for 100 ms
TpTrace Warning: 0 : 15188, 10, 2022/12/03, 17:30:38.520, 15875065877279, vstest.console.dll, TestHostManagerCallbacks.ErrorReceivedCallback Test host standard error line: 
TpTrace Verbose: 0 : 15188, 10, 2022/12/03, 17:30:38.543, 15875066111520, vstest.console.dll, TestHostProvider.ExitCallBack: Host exited starting callback.
TpTrace Information: 0 : 15188, 10, 2022/12/03, 17:30:38.544, 15875066116653, vstest.console.dll, TestHostManagerCallbacks.ExitCallBack: Testhost processId: 22176 exited with exitcode: 0 error: ''
TpTrace Verbose: 0 : 15188, 10, 2022/12/03, 17:30:38.544, 15875066117225, vstest.console.dll, DotnetTestHostManager.OnHostExited: invoking OnHostExited callback
TpTrace Verbose: 0 : 15188, 10, 2022/12/03, 17:30:38.544, 15875066117732, vstest.console.dll, CrossPlatEngine.TestHostManagerHostExited: calling on client process exit callback.
TpTrace Information: 0 : 15188, 10, 2022/12/03, 17:30:38.544, 15875066118344, vstest.console.dll, TestRequestSender.OnClientProcessExit: Test host process exited. Standard error: 
TpTrace Information: 0 : 15188, 13, 2022/12/03, 17:30:38.544, 15875066118695, vstest.console.dll, SocketServer.Stop: Stop server endPoint: 127.0.0.1:64993
TpTrace Information: 0 : 15188, 10, 2022/12/03, 17:30:38.544, 15875066118886, vstest.console.dll, SocketServer.Stop: Stop server endPoint: 127.0.0.1:64993
TpTrace Information: 0 : 15188, 13, 2022/12/03, 17:30:38.544, 15875066119203, vstest.console.dll, SocketServer.Stop: Cancellation requested. Stopping message loop.
TpTrace Information: 0 : 15188, 10, 2022/12/03, 17:30:38.544, 15875066119633, vstest.console.dll, SocketServer.Stop: Cancellation requested. Stopping message loop.
TpTrace Verbose: 0 : 15188, 10, 2022/12/03, 17:30:38.544, 15875066120428, vstest.console.dll, MulticastDelegateUtilities.SafeInvoke: HostProviderEvents.OnHostExited: Invoking callback 1/1 for Microsoft.VisualStudio.TestPlatform.CrossPlatEngine.Client.ProxyOperationManager.TestHostManagerHostExited, took 0 ms.
TpTrace Information: 0 : 15188, 13, 2022/12/03, 17:30:38.544, 15875066120584, vstest.console.dll, Closing the connection
TpTrace Verbose: 0 : 15188, 13, 2022/12/03, 17:30:38.544, 15875066122700, vstest.console.dll, ProxyDataCollectionManager.InvokeDataCollectionServiceAction: Starting.
TpTrace Information: 0 : 15188, 13, 2022/12/03, 17:30:38.544, 15875066123051, vstest.console.dll, ProxyDataCollectionManager.AfterTestRunEnd: Get attachment set and invoked data collectors processId: 27076 port: 64990
TpTrace Verbose: 0 : 15188, 13, 2022/12/03, 17:30:38.545, 15875066123442, vstest.console.dll, DataCollectionRequestSender.SendAfterTestRunStartAndGetResult: Send AfterTestRunEnd message with isCancelled: False
TpTrace Verbose: 0 : 15188, 13, 2022/12/03, 17:30:38.550, 15875066174525, vstest.console.dll, DataCollectionRequestSender.SendAfterTestRunStartAndGetResult: Received message: (DataCollection.AfterTestRunEndResult) -> {"MessageType":"DataCollection.AfterTestRunEndResult","Payload":{"AttachmentSets":[],"InvokedDataCollectors":[{"Uri":"datacollector://Microsoft/TestPlatform/Extensions/Blame/v1","FriendlyName":"Blame","AssemblyQualifiedName":"Microsoft.TestPlatform.Extensions.BlameDataCollector.BlameCollector, Microsoft.TestPlatform.Extensions.BlameDataCollector, Version=15.0.0.0, Culture=neutral, PublicKeyToken=b03f5f7f11d50a3a","FilePath":"C:\\Program Files\\dotnet\\sdk\\6.0.401\\Extensions\\Microsoft.TestPlatform.Extensions.BlameDataCollector.dll","HasAttachmentProcessor":false}],"Metrics":{}}}
TpTrace Warning: 0 : 15188, 9, 2022/12/03, 17:30:38.554, 15875066214229, vstest.console.dll, DataCollectionLauncher.ErrorReceivedCallback datacollector standard error line: 
TpTrace Information: 0 : 15188, 13, 2022/12/03, 17:30:38.555, 15875066228989, vstest.console.dll, ProxyDataCollectionManager.InvokeDataCollectionServiceAction: Completed.
TpTrace Information: 0 : 15188, 9, 2022/12/03, 17:30:38.559, 15875066264669, vstest.console.dll, DataCollectionLauncher.ExitCallBack: Data collector exited with exitcode: 0 error: ''
TpTrace Verbose: 0 : 15188, 13, 2022/12/03, 17:30:38.589, 15875066570436, vstest.console.dll, TestRunRequest:SendTestRunStatsChange: Starting.
TpTrace Verbose: 0 : 15188, 13, 2022/12/03, 17:30:38.589, 15875066571382, vstest.console.dll, MulticastDelegateUtilities.SafeInvoke: TestRun.RunStatsChanged: Invoking callbacks was skipped because there are no subscribers.
TpTrace Information: 0 : 15188, 13, 2022/12/03, 17:30:38.589, 15875066571696, vstest.console.dll, TestRunRequest:SendTestRunStatsChange: Completed.
TpTrace Verbose: 0 : 15188, 4, 2022/12/03, 17:30:38.589, 15875066571978, vstest.console.dll, MulticastDelegateUtilities.SafeInvoke: InternalTestLoggerEvents.SendTestResult: Invoking callback 1/1 for Microsoft.VisualStudio.TestPlatform.CommandLine.Internal.ConsoleLogger.TestResultHandler, took 0 ms.
TpTrace Verbose: 0 : 15188, 4, 2022/12/03, 17:30:38.589, 15875066572685, vstest.console.dll, MulticastDelegateUtilities.SafeInvoke: InternalTestLoggerEvents.SendTestResult: Invoking callback 1/1 for Microsoft.VisualStudio.TestPlatform.CommandLine.Internal.ConsoleLogger.TestResultHandler, took 0 ms.
TpTrace Verbose: 0 : 15188, 4, 2022/12/03, 17:30:38.590, 15875066573097, vstest.console.dll, MulticastDelegateUtilities.SafeInvoke: InternalTestLoggerEvents.SendTestResult: Invoking callback 1/1 for Microsoft.VisualStudio.TestPlatform.CommandLine.Internal.ConsoleLogger.TestResultHandler, took 0 ms.
TpTrace Verbose: 0 : 15188, 4, 2022/12/03, 17:30:38.590, 15875066573465, vstest.console.dll, MulticastDelegateUtilities.SafeInvoke: InternalTestLoggerEvents.SendTestResult: Invoking callback 1/1 for Microsoft.VisualStudio.TestPlatform.CommandLine.Internal.ConsoleLogger.TestResultHandler, took 0 ms.
TpTrace Verbose: 0 : 15188, 4, 2022/12/03, 17:30:38.590, 15875066573810, vstest.console.dll, MulticastDelegateUtilities.SafeInvoke: InternalTestLoggerEvents.SendTestResult: Invoking callback 1/1 for Microsoft.VisualStudio.TestPlatform.CommandLine.Internal.ConsoleLogger.TestResultHandler, took 0 ms.
TpTrace Verbose: 0 : 15188, 13, 2022/12/03, 17:30:38.590, 15875066574079, vstest.console.dll, ParallelProxyExecutionManager: HandlePartialRunComplete: Total completed clients = 1, Run complete = True, Run canceled: False.
TpTrace Verbose: 0 : 15188, 4, 2022/12/03, 17:30:38.590, 15875066574152, vstest.console.dll, MulticastDelegateUtilities.SafeInvoke: InternalTestLoggerEvents.SendTestResult: Invoking callback 1/1 for Microsoft.VisualStudio.TestPlatform.CommandLine.Internal.ConsoleLogger.TestResultHandler, took 0 ms.
TpTrace Verbose: 0 : 15188, 4, 2022/12/03, 17:30:38.590, 15875066575048, vstest.console.dll, MulticastDelegateUtilities.SafeInvoke: InternalTestLoggerEvents.SendTestResult: Invoking callback 1/1 for Microsoft.VisualStudio.TestPlatform.CommandLine.Internal.ConsoleLogger.TestResultHandler, took 0 ms.
TpTrace Verbose: 0 : 15188, 4, 2022/12/03, 17:30:38.595, 15875066630764, vstest.console.dll, MulticastDelegateUtilities.SafeInvoke: InternalTestLoggerEvents.SendTestRunComplete: Invoking callback 1/2 for Microsoft.TestPlatform.Extensions.BlameDataCollector.BlameLogger.TestRunCompleteHandler, took 0 ms.
TpTrace Verbose: 0 : 15188, 4, 2022/12/03, 17:30:38.599, 15875066670457, vstest.console.dll, MulticastDelegateUtilities.SafeInvoke: InternalTestLoggerEvents.SendTestRunComplete: Invoking callback 2/2 for Microsoft.VisualStudio.TestPlatform.CommandLine.Internal.ConsoleLogger.TestRunCompleteHandler, took 3 ms.
TpTrace Verbose: 0 : 15188, 13, 2022/12/03, 17:30:38.599, 15875066672643, vstest.console.dll, TestRunRequest:TestRunComplete: Starting. IsAborted:False IsCanceled:False.
TpTrace Verbose: 0 : 15188, 13, 2022/12/03, 17:30:38.600, 15875066681005, vstest.console.dll, TestLoggerManager.HandleTestRunComplete: Ignoring as the object is disposed.
TpTrace Verbose: 0 : 15188, 13, 2022/12/03, 17:30:38.600, 15875066682382, vstest.console.dll, MulticastDelegateUtilities.SafeInvoke: TestRun.TestRunComplete: Invoking callback 1/2 for Microsoft.VisualStudio.TestPlatform.CommandLine.TestRunResultAggregator.TestRunCompletionHandler, took 0 ms.
TpTrace Verbose: 0 : 15188, 13, 2022/12/03, 17:30:38.600, 15875066682971, vstest.console.dll, MulticastDelegateUtilities.SafeInvoke: TestRun.TestRunComplete: Invoking callback 2/2 for Microsoft.VisualStudio.TestPlatform.CommandLine.Processors.RunTestsArgumentExecutor+TestRunRequestEventsRegistrar.TestRunRequest_OnRunCompletion, took 0 ms.
TpTrace Information: 0 : 15188, 13, 2022/12/03, 17:30:38.601, 15875066683889, vstest.console.dll, TestRunRequest:TestRunComplete: Completed.
TpTrace Verbose: 0 : 15188, 1, 2022/12/03, 17:30:38.601, 15875066684172, vstest.console.dll, TestRunRequest.Dispose: Starting.
TpTrace Verbose: 0 : 15188, 13, 2022/12/03, 17:30:38.601, 15875066684452, vstest.console.dll, TestRequestSender.SetOperationComplete: Setting operation complete.
TpTrace Information: 0 : 15188, 1, 2022/12/03, 17:30:38.601, 15875066685013, vstest.console.dll, TestRunRequest.Dispose: Completed.
TpTrace Information: 0 : 15188, 1, 2022/12/03, 17:30:38.601, 15875066686032, vstest.console.dll, TestRequestManager.RunTests: run tests completed.
TpTrace Information: 0 : 15188, 13, 2022/12/03, 17:30:38.601, 15875066685401, vstest.console.dll, SocketServer.Stop: Stop server endPoint: 127.0.0.1:64993
TpTrace Information: 0 : 15188, 13, 2022/12/03, 17:30:38.601, 15875066686887, vstest.console.dll, SocketServer.Stop: Cancellation requested. Stopping message loop.
TpTrace Verbose: 0 : 15188, 13, 2022/12/03, 17:30:38.601, 15875066687308, vstest.console.dll, MulticastDelegateUtilities.SafeInvoke: LengthPrefixCommunicationChannel: MessageReceived: Invoking callback 1/1 for Microsoft.VisualStudio.TestPlatform.CommunicationUtilities.TestRequestSender+<>c__DisplayClass31_0.<StartTestRun>b__1, took 98 ms.
TpTrace Information: 0 : 15188, 1, 2022/12/03, 17:30:38.601, 15875066686917, vstest.console.dll, RunTestsArgumentProcessor:Execute: Test run is completed.
TpTrace Information: 0 : 15188, 13, 2022/12/03, 17:30:38.601, 15875066687835, vstest.console.dll, SocketServer.PrivateStop: Stopping server endPoint: 127.0.0.1:64993 error: 
TpTrace Verbose: 0 : 15188, 1, 2022/12/03, 17:30:38.601, 15875066689726, vstest.console.dll, Executor.Execute: Exiting with exit code of 0
TpTrace Verbose: 0 : 15188, 13, 2022/12/03, 17:30:38.601, 15875066691612, vstest.console.dll, LengthPrefixCommunicationChannel.Dispose: Dispose reader and writer.
TpTrace Information: 0 : 15188, 13, 2022/12/03, 17:30:38.601, 15875066692400, vstest.console.dll, SocketServer.Stop: Raise disconnected event endPoint: 127.0.0.1:64993 error: 
TpTrace Verbose: 0 : 15188, 13, 2022/12/03, 17:30:38.601, 15875066693044, vstest.console.dll, TestRequestSender: OnTestRunAbort: Operation is already complete. Skip error message.
TpTrace Verbose: 0 : 15188, 13, 2022/12/03, 17:30:38.602, 15875066693537, vstest.console.dll, MulticastDelegateUtilities.SafeInvoke: SocketServer: ClientDisconnected: Invoking callback 1/1 for Microsoft.VisualStudio.TestPlatform.CommunicationUtilities.TestRequestSender.<InitializeCommunication>b__24_1, took 0 ms.
TpTrace Verbose: 0 : 15188, 13, 2022/12/03, 17:30:38.602, 15875066693839, vstest.console.dll, TcpClientExtensions.MessageLoopAsync: exiting MessageLoopAsync remoteEndPoint: 127.0.0.1:64994 localEndPoint: 127.0.0.1:64993
